This is pdfTeX, Version 3.141592653-2.6-1.40.22 (TeX Live 2021) (preloaded format=pdflatex 2021.10.19)  13 DEC 2021 22:13
entering extended mode
 restricted \write18 enabled.
 %&-line parsing enabled.
**"/Users/johannes/Desktop/Rezeptbuch LATEX/Hauptteil/Rezeptbuch PDF Output/Mas
ter.tex"

(/Users/johannes/Desktop/Rezeptbuch LATEX/Hauptteil/Rezeptbuch PDF Output/Maste
r.tex
LaTeX2e <2020-10-01> patch level 4
L3 programming layer <2021-02-18>
(/usr/local/texlive/2021/texmf-dist/tex/latex/base/book.cls
Document Class: book 2020/04/10 v1.4m Standard LaTeX document class
(/usr/local/texlive/2021/texmf-dist/tex/latex/base/bk10.clo
File: bk10.clo 2020/04/10 v1.4m Standard LaTeX file (size option)
)
\c@part=\count179
\c@chapter=\count180
\c@section=\count181
\c@subsection=\count182
\c@subsubsection=\count183
\c@paragraph=\count184
\c@subparagraph=\count185
\c@figure=\count186
\c@table=\count187
\abovecaptionskip=\skip47
\belowcaptionskip=\skip48
\bibindent=\dimen138
)
(/usr/local/texlive/2021/texmf-dist/tex/latex/cuisine/cuisine.sty
Package: cuisine 2014/06/26 v0.7 recipe typesetting

(/usr/local/texlive/2021/texmf-dist/tex/latex/units/nicefrac.sty
Package: nicefrac 1998/08/04 v0.9b Nice fractions
\L@UnitsRaiseDisplaystyle=\skip49
\L@UnitsRaiseTextstyle=\skip50
\L@UnitsRaiseScriptstyle=\skip51

(/usr/local/texlive/2021/texmf-dist/tex/latex/base/ifthen.sty
Package: ifthen 2014/09/29 v1.1c Standard LaTeX ifthen package (DPC)
))
\c@r@cipenumber=\count188
\c@st@pnumber=\count189
\c@ingr@dnumber=\count190
\R@cipeWidth=\skip52
\R@cipeNumberWidth=\skip53
\R@cipeTitleWidth=\skip54
\R@cipeServingsWidth=\skip55
\R@cipeTandSWidth=\skip56
\R@cipeOutdent=\skip57
\R@cipeIngQUSpace=\skip58
\R@cipeIngUISpace=\skip59
\R@cipeTitleVerticalAdjustTop=\skip60
\R@cipeTitleVerticalAdjustBot=\skip61
\R@cipeIngredientWidth=\skip62
\R@cipeQuantityWidth=\skip63
\R@cipeUnitsWidth=\skip64
\R@cipeQandUWidth=\skip65
\R@cipeIandUWidth=\skip66
\R@cipeIQUWidth=\skip67
\R@cipeSingleIngWidth=\skip68
\R@cipeMethodWidth=\skip69
\St@pNumberWidth=\skip70
\R@cipeStepWidth=\skip71
\st@pingrbox=\box47
\st@pingrtmpbox=\box48
\titl@tmpbox=\box49
\st@pIQUbox=\box50
\st@pmethodbox=\box51
)
(/usr/local/texlive/2021/texmf-dist/tex/latex/fancyhdr/fancyhdr.sty
Package: fancyhdr 2021/01/28 v4.0.1 Extensive control of page headers and foote
rs
\f@nch@headwidth=\skip72
\f@nch@O@elh=\skip73
\f@nch@O@erh=\skip74
\f@nch@O@olh=\skip75
\f@nch@O@orh=\skip76
\f@nch@O@elf=\skip77
\f@nch@O@erf=\skip78
\f@nch@O@olf=\skip79
\f@nch@O@orf=\skip80
)
(/usr/local/texlive/2021/texmf-dist/tex/latex/hyperref/hyperref.sty
Package: hyperref 2021-02-27 v7.00k Hypertext links for LaTeX

(/usr/local/texlive/2021/texmf-dist/tex/generic/ltxcmds/ltxcmds.sty
Package: ltxcmds 2020-05-10 v1.25 LaTeX kernel commands for general use (HO)
)
(/usr/local/texlive/2021/texmf-dist/tex/generic/iftex/iftex.sty
Package: iftex 2020/03/06 v1.0d TeX engine tests
)
(/usr/local/texlive/2021/texmf-dist/tex/generic/pdftexcmds/pdftexcmds.sty
Package: pdftexcmds 2020-06-27 v0.33 Utility functions of pdfTeX for LuaTeX (HO
)

(/usr/local/texlive/2021/texmf-dist/tex/generic/infwarerr/infwarerr.sty
Package: infwarerr 2019/12/03 v1.5 Providing info/warning/error messages (HO)
)
Package pdftexcmds Info: \pdf@primitive is available.
Package pdftexcmds Info: \pdf@ifprimitive is available.
Package pdftexcmds Info: \pdfdraftmode found.
)
(/usr/local/texlive/2021/texmf-dist/tex/latex/graphics/keyval.sty
Package: keyval 2014/10/28 v1.15 key=value parser (DPC)
\KV@toks@=\toks15
)
(/usr/local/texlive/2021/texmf-dist/tex/generic/kvsetkeys/kvsetkeys.sty
Package: kvsetkeys 2019/12/15 v1.18 Key value parser (HO)
)
(/usr/local/texlive/2021/texmf-dist/tex/generic/kvdefinekeys/kvdefinekeys.sty
Package: kvdefinekeys 2019-12-19 v1.6 Define keys (HO)
)
(/usr/local/texlive/2021/texmf-dist/tex/generic/pdfescape/pdfescape.sty
Package: pdfescape 2019/12/09 v1.15 Implements pdfTeX's escape features (HO)
)
(/usr/local/texlive/2021/texmf-dist/tex/latex/hycolor/hycolor.sty
Package: hycolor 2020-01-27 v1.10 Color options for hyperref/bookmark (HO)
)
(/usr/local/texlive/2021/texmf-dist/tex/latex/letltxmacro/letltxmacro.sty
Package: letltxmacro 2019/12/03 v1.6 Let assignment for LaTeX macros (HO)
)
(/usr/local/texlive/2021/texmf-dist/tex/latex/auxhook/auxhook.sty
Package: auxhook 2019-12-17 v1.6 Hooks for auxiliary files (HO)
)
(/usr/local/texlive/2021/texmf-dist/tex/latex/kvoptions/kvoptions.sty
Package: kvoptions 2020-10-07 v3.14 Key value format for package options (HO)
)
\@linkdim=\dimen139
\Hy@linkcounter=\count191
\Hy@pagecounter=\count192

(/usr/local/texlive/2021/texmf-dist/tex/latex/hyperref/pd1enc.def
File: pd1enc.def 2021-02-27 v7.00k Hyperref: PDFDocEncoding definition (HO)
Now handling font encoding PD1 ...
... no UTF-8 mapping file for font encoding PD1
)
(/usr/local/texlive/2021/texmf-dist/tex/latex/hyperref/hyperref-langpatches.def
File: hyperref-langpatches.def 2021-02-27 v7.00k Hyperref: patches for babel la
nguages
) (/usr/local/texlive/2021/texmf-dist/tex/generic/intcalc/intcalc.sty
Package: intcalc 2019/12/15 v1.3 Expandable calculations with integers (HO)
)
(/usr/local/texlive/2021/texmf-dist/tex/generic/etexcmds/etexcmds.sty
Package: etexcmds 2019/12/15 v1.7 Avoid name clashes with e-TeX commands (HO)
)
\Hy@SavedSpaceFactor=\count193

(/usr/local/texlive/2021/texmf-dist/tex/latex/hyperref/puenc.def
File: puenc.def 2021-02-27 v7.00k Hyperref: PDF Unicode definition (HO)
Now handling font encoding PU ...
... no UTF-8 mapping file for font encoding PU
)
Package hyperref Info: Hyper figures OFF on input line 4192.
Package hyperref Info: Link nesting OFF on input line 4197.
Package hyperref Info: Hyper index ON on input line 4200.
Package hyperref Info: Plain pages OFF on input line 4207.
Package hyperref Info: Backreferencing OFF on input line 4212.
Package hyperref Info: Implicit mode ON; LaTeX internals redefined.
Package hyperref Info: Bookmarks ON on input line 4445.
\c@Hy@tempcnt=\count194

(/usr/local/texlive/2021/texmf-dist/tex/latex/url/url.sty
\Urlmuskip=\muskip16
Package: url 2013/09/16  ver 3.4  Verb mode for urls, etc.
)
LaTeX Info: Redefining \url on input line 4804.
\XeTeXLinkMargin=\dimen140

(/usr/local/texlive/2021/texmf-dist/tex/generic/bitset/bitset.sty
Package: bitset 2019/12/09 v1.3 Handle bit-vector datatype (HO)

(/usr/local/texlive/2021/texmf-dist/tex/generic/bigintcalc/bigintcalc.sty
Package: bigintcalc 2019/12/15 v1.5 Expandable calculations on big integers (HO
)
))
\Fld@menulength=\count195
\Field@Width=\dimen141
\Fld@charsize=\dimen142
Package hyperref Info: Hyper figures OFF on input line 6075.
Package hyperref Info: Link nesting OFF on input line 6080.
Package hyperref Info: Hyper index ON on input line 6083.
Package hyperref Info: backreferencing OFF on input line 6090.
Package hyperref Info: Link coloring OFF on input line 6095.
Package hyperref Info: Link coloring with OCG OFF on input line 6100.
Package hyperref Info: PDF/A mode OFF on input line 6105.
LaTeX Info: Redefining \ref on input line 6145.
LaTeX Info: Redefining \pageref on input line 6149.

(/usr/local/texlive/2021/texmf-dist/tex/latex/base/atbegshi-ltx.sty
Package: atbegshi-ltx 2020/08/17 v1.0a Emulation of the original atbegshi packa
ge
with kernel methods
)
\Hy@abspage=\count196
\c@Item=\count197
\c@Hfootnote=\count198
)
Package hyperref Info: Driver (autodetected): hpdftex.

(/usr/local/texlive/2021/texmf-dist/tex/latex/hyperref/hpdftex.def
File: hpdftex.def 2021-02-27 v7.00k Hyperref driver for pdfTeX

(/usr/local/texlive/2021/texmf-dist/tex/latex/base/atveryend-ltx.sty
Package: atveryend-ltx 2020/08/19 v1.0a Emulation of the original atvery packag
e
with kernel methods
)
\Fld@listcount=\count199
\c@bookmark@seq@number=\count266

(/usr/local/texlive/2021/texmf-dist/tex/latex/rerunfilecheck/rerunfilecheck.sty
Package: rerunfilecheck 2019/12/05 v1.9 Rerun checks for auxiliary files (HO)

(/usr/local/texlive/2021/texmf-dist/tex/generic/uniquecounter/uniquecounter.sty
Package: uniquecounter 2019/12/15 v1.4 Provide unlimited unique counter (HO)
)
Package uniquecounter Info: New unique counter `rerunfilecheck' on input line 2
86.
)
\Hy@SectionHShift=\skip81
) (/usr/local/texlive/2021/texmf-dist/tex/latex/titlesec/titlesec.sty
Package: titlesec 2019/10/16 v2.13 Sectioning titles
\ttl@box=\box52
\beforetitleunit=\skip82
\aftertitleunit=\skip83
\ttl@plus=\dimen143
\ttl@minus=\dimen144
\ttl@toksa=\toks16
\titlewidth=\dimen145
\titlewidthlast=\dimen146
\titlewidthfirst=\dimen147
)
(/usr/local/texlive/2021/texmf-dist/tex/latex/lipsum/lipsum.sty
(/usr/local/texlive/2021/texmf-dist/tex/latex/l3kernel/expl3.sty
Package: expl3 2021-02-18 L3 programming layer (loader) 

(/usr/local/texlive/2021/texmf-dist/tex/latex/l3backend/l3backend-pdftex.def
File: l3backend-pdftex.def 2021-03-18 L3 backend support: PDF output (pdfTeX)
\l__color_backend_stack_int=\count267
\l__pdf_internal_box=\box53
))
(/usr/local/texlive/2021/texmf-dist/tex/latex/l3packages/xparse/xparse.sty
(/usr/local/texlive/2021/texmf-dist/tex/latex/l3packages/xparse/xparse-2020-10-
01.sty
(/usr/local/texlive/2021/texmf-dist/tex/latex/l3packages/xparse/xparse-generic.
tex)))
Package: lipsum 2021-03-03 v2.3 150 paragraphs of Lorem Ipsum dummy text
 (/usr/local/texlive/2021/texmf-dist/tex/latex/lipsum/lipsum.ltd.tex
File: lipsum.ltd.tex 2021-03-03 v2.3 The Lorem ipsum dummy text
))
Package hyperref Info: Option `colorlinks' set `true' on input line 7.

(/usr/local/texlive/2021/texmf-dist/tex/latex/geometry/geometry.sty
Package: geometry 2020/01/02 v5.9 Page Geometry

(/usr/local/texlive/2021/texmf-dist/tex/generic/iftex/ifvtex.sty
Package: ifvtex 2019/10/25 v1.7 ifvtex legacy package. Use iftex instead.
)
\Gm@cnth=\count268
\Gm@cntv=\count269
\c@Gm@tempcnt=\count270
\Gm@bindingoffset=\dimen148
\Gm@wd@mp=\dimen149
\Gm@odd@mp=\dimen150
\Gm@even@mp=\dimen151
\Gm@layoutwidth=\dimen152
\Gm@layoutheight=\dimen153
\Gm@layouthoffset=\dimen154
\Gm@layoutvoffset=\dimen155
\Gm@dimlist=\toks17
)
(./Master.aux)
\openout1 = `Master.aux'.

LaTeX Font Info:    Checking defaults for OML/cmm/m/it on input line 16.
LaTeX Font Info:    ... okay on input line 16.
LaTeX Font Info:    Checking defaults for OMS/cmsy/m/n on input line 16.
LaTeX Font Info:    ... okay on input line 16.
LaTeX Font Info:    Checking defaults for OT1/cmr/m/n on input line 16.
LaTeX Font Info:    ... okay on input line 16.
LaTeX Font Info:    Checking defaults for T1/cmr/m/n on input line 16.
LaTeX Font Info:    ... okay on input line 16.
LaTeX Font Info:    Checking defaults for TS1/cmr/m/n on input line 16.
LaTeX Font Info:    ... okay on input line 16.
LaTeX Font Info:    Checking defaults for OMX/cmex/m/n on input line 16.
LaTeX Font Info:    ... okay on input line 16.
LaTeX Font Info:    Checking defaults for U/cmr/m/n on input line 16.
LaTeX Font Info:    ... okay on input line 16.
LaTeX Font Info:    Checking defaults for PD1/pdf/m/n on input line 16.
LaTeX Font Info:    ... okay on input line 16.
LaTeX Font Info:    Checking defaults for PU/pdf/m/n on input line 16.
LaTeX Font Info:    ... okay on input line 16.
 (/usr/local/texlive/2021/texmf-dist/tex/latex/graphics/color.sty
Package: color 2020/02/24 v1.2b Standard LaTeX Color (DPC)
(/usr/local/texlive/2021/texmf-dist/tex/latex/graphics-cfg/color.cfg
File: color.cfg 2016/01/02 v1.6 sample color configuration
)
Package color Info: Driver file: pdftex.def on input line 147.

(/usr/local/texlive/2021/texmf-dist/tex/latex/graphics-def/pdftex.def
File: pdftex.def 2020/10/05 v1.2a Graphics/color driver for pdftex

(/usr/local/texlive/2021/texmf-dist/tex/context/base/mkii/supp-pdf.mkii
[Loading MPS to PDF converter (version 2006.09.02).]
\scratchcounter=\count271
\scratchdimen=\dimen156
\scratchbox=\box54
\nofMPsegments=\count272
\nofMParguments=\count273
\everyMPshowfont=\toks18
\MPscratchCnt=\count274
\MPscratchDim=\dimen157
\MPnumerator=\count275
\makeMPintoPDFobject=\count276
\everyMPtoPDFconversion=\toks19
)))
Package hyperref Info: Link coloring ON on input line 16.
 (/usr/local/texlive/2021/texmf-dist/tex/latex/hyperref/nameref.sty
Package: nameref 2021-04-02 v2.47 Cross-referencing by name of section

(/usr/local/texlive/2021/texmf-dist/tex/latex/refcount/refcount.sty
Package: refcount 2019/12/15 v3.6 Data extraction from label references (HO)
)
(/usr/local/texlive/2021/texmf-dist/tex/generic/gettitlestring/gettitlestring.s
ty
Package: gettitlestring 2019/12/15 v1.6 Cleanup title references (HO)
)
\c@section@level=\count277
)
LaTeX Info: Redefining \ref on input line 16.
LaTeX Info: Redefining \pageref on input line 16.
LaTeX Info: Redefining \nameref on input line 16.
 (./Master.out) (./Master.out)
\@outlinefile=\write3
\openout3 = `Master.out'.


*geometry* driver: auto-detecting
*geometry* detected driver: pdftex
*geometry* verbose mode - [ preamble ] result:
* driver: pdftex
* paper: <default>
* layout: <same size as paper>
* layoutoffset:(h,v)=(0.0pt,0.0pt)
* modes: twoside 
* h-part:(L,W,R)=(86.72377pt, 440.84746pt, 86.72377pt)
* v-part:(T,H,B)=(86.72377pt, 621.52245pt, 86.72377pt)
* \paperwidth=614.295pt
* \paperheight=794.96999pt
* \textwidth=440.84746pt
* \textheight=621.52245pt
* \oddsidemargin=14.45378pt
* \evensidemargin=14.45378pt
* \topmargin=-15.61371pt
* \headheight=12.0pt
* \headsep=18.06749pt
* \topskip=10.0pt
* \footskip=25.29494pt
* \marginparwidth=125.0pt
* \marginparsep=7.0pt
* \columnsep=10.0pt
* \skip\footins=9.0pt plus 4.0pt minus 2.0pt
* \hoffset=0.0pt
* \voffset=0.0pt
* \mag=1000
* \@twocolumnfalse
* \@twosidetrue
* \@mparswitchtrue
* \@reversemarginfalse
* (1in=72.27pt=25.4mm, 1cm=28.453pt)

(./Master.toc
LaTeX Font Info:    External font `cmex10' loaded for size
(Font)              <7> on input line 2.
LaTeX Font Info:    External font `cmex10' loaded for size
(Font)              <5> on input line 2.
 [1


{/usr/local/texlive/2021/texmf-var/fonts/map/pdftex/updmap/pdftex.map}] [2] [3]
)
\tf@toc=\write4
\openout4 = `Master.toc'.

 [4]
Chapter 1.

(/Users/johannes/Desktop/Rezeptbuch LATEX/Hauptteil/Rezeptbuch PDF Output/Rezep
tbuch Main/Rezeptbuch_Main.tex

Package hyperref Warning: Difference (2) between bookmark levels is greater 
(hyperref)                than one, level fixed on input line 3.


Overfull \hbox (7.6536pt too wide) in paragraph at lines 3--3
[] 
 []


Overfull \hbox (7.6536pt too wide) in paragraph at lines 3--3
[][] 
 []


Overfull \hbox (7.6536pt too wide) in paragraph at lines 3--3
[][] 
 []


Overfull \hbox (0.74176pt too wide) in paragraph at lines 5--5
[][]|\OT1/cmr/m/n/10 kleiner|  
 []


Overfull \hbox (7.6536pt too wide) in paragraph at lines 8--8
[][] 
 []


Overfull \hbox (7.6536pt too wide) in paragraph at lines 11--11
[][] 
 []


Overfull \hbox (7.6536pt too wide) in paragraph at lines 17--17
[][] 
 []


Overfull \hbox (7.6536pt too wide) in paragraph at lines 21--21
[][] 
 []


Overfull \hbox (7.6536pt too wide) in paragraph at lines 21--21
[][] 
 []


Overfull \hbox (7.6536pt too wide) in paragraph at lines 21--21
[][] 
 []


Overfull \hbox (7.6536pt too wide) in paragraph at lines 29--29
[][] 
 []


Overfull \hbox (7.6536pt too wide) in paragraph at lines 34--34
[][] 
 []


Overfull \hbox (9.88066pt too wide) in paragraph at lines 34--34
[][]|\OT1/cmr/m/n/10 Scheiben|  
 []


Overfull \hbox (7.6536pt too wide) in paragraph at lines 37--37
[][] 
 []


Overfull \hbox (7.6536pt too wide) in paragraph at lines 40--40
[][] 
 []

[5

]
Overfull \hbox (7.6536pt too wide) in paragraph at lines 47--47
[][] 
 []


Overfull \hbox (7.6536pt too wide) in paragraph at lines 51--51
[][] 
 []


Overfull \hbox (7.6536pt too wide) in paragraph at lines 51--51
[][] 
 []


Overfull \hbox (7.6536pt too wide) in paragraph at lines 51--51
[][] 
 []


Overfull \hbox (7.6536pt too wide) in paragraph at lines 59--59
[][] 
 []


Overfull \hbox (7.6536pt too wide) in paragraph at lines 65--65
[][] 
 []


Overfull \hbox (7.6536pt too wide) in paragraph at lines 70--70
[][] 
 []


Overfull \hbox (7.6536pt too wide) in paragraph at lines 73--73
[][] 
 []


Overfull \hbox (7.6536pt too wide) in paragraph at lines 77--77
[][] 
 []


Overfull \hbox (7.6536pt too wide) in paragraph at lines 77--77
[][] 
 []


Overfull \hbox (7.6536pt too wide) in paragraph at lines 77--77
[][] 
 []


Overfull \hbox (7.6536pt too wide) in paragraph at lines 85--85
[][] 
 []


Overfull \hbox (7.6536pt too wide) in paragraph at lines 89--89
[][] 
 []


Overfull \hbox (7.6536pt too wide) in paragraph at lines 99--99
[][] 
 []


Overfull \hbox (7.6536pt too wide) in paragraph at lines 103--103
[][] 
 []


Overfull \hbox (7.6536pt too wide) in paragraph at lines 103--103
[][] 
 []


Overfull \hbox (7.6536pt too wide) in paragraph at lines 103--103
[][] 
 []


Overfull \hbox (7.6536pt too wide) in paragraph at lines 109--109
[][] 
 []

[6]
Overfull \hbox (7.6536pt too wide) in paragraph at lines 118--118
[][] 
 []


Overfull \hbox (7.6536pt too wide) in paragraph at lines 123--123
[][] 
 []


Overfull \hbox (7.6536pt too wide) in paragraph at lines 127--127
[][] 
 []


Overfull \hbox (7.6536pt too wide) in paragraph at lines 127--127
[][] 
 []


Overfull \hbox (7.6536pt too wide) in paragraph at lines 127--127
[][] 
 []


Overfull \hbox (7.6536pt too wide) in paragraph at lines 132--132
[][] 
 []


Overfull \hbox (7.6536pt too wide) in paragraph at lines 135--135
[][] 
 []


Overfull \hbox (7.6536pt too wide) in paragraph at lines 141--141
[][] 
 []


Overfull \hbox (7.6536pt too wide) in paragraph at lines 145--145
[][] 
 []


Overfull \hbox (7.6536pt too wide) in paragraph at lines 149--149
[][] 
 []


Overfull \hbox (7.6536pt too wide) in paragraph at lines 149--149
[][] 
 []


Overfull \hbox (7.6536pt too wide) in paragraph at lines 149--149
[][] 
 []


Overfull \hbox (0.74176pt too wide) in paragraph at lines 150--150
[][]|\OT1/cmr/m/n/10 kleiner|  
 []


Overfull \hbox (7.6536pt too wide) in paragraph at lines 153--153
[][] 
 []


Overfull \hbox (7.6536pt too wide) in paragraph at lines 157--157
[][] 
 []


Overfull \hbox (7.6536pt too wide) in paragraph at lines 166--166
[][] 
 []

[7]
Overfull \hbox (7.6536pt too wide) in paragraph at lines 170--170
[][] 
 []


Overfull \hbox (7.6536pt too wide) in paragraph at lines 170--170
[][] 
 []


Overfull \hbox (7.6536pt too wide) in paragraph at lines 170--170
[][] 
 []


Overfull \hbox (7.6536pt too wide) in paragraph at lines 179--179
[][] 
 []


Overfull \hbox (7.6536pt too wide) in paragraph at lines 182--182
[][] 
 []


Overfull \hbox (7.6536pt too wide) in paragraph at lines 193--193
[][] 
 []


Overfull \hbox (7.6536pt too wide) in paragraph at lines 201--201
[][] 
 []


Overfull \hbox (7.6536pt too wide) in paragraph at lines 205--205
[][] 
 []


Overfull \hbox (7.6536pt too wide) in paragraph at lines 205--205
[][] 
 []


Overfull \hbox (7.6536pt too wide) in paragraph at lines 205--205
[][] 
 []


Overfull \hbox (7.6536pt too wide) in paragraph at lines 214--214
[][] 
 []


Overfull \hbox (7.6536pt too wide) in paragraph at lines 218--218
[][] 
 []


Overfull \hbox (7.6536pt too wide) in paragraph at lines 222--222
[][] 
 []

[8]
Overfull \hbox (7.6536pt too wide) in paragraph at lines 226--226
[][] 
 []


Overfull \hbox (7.6536pt too wide) in paragraph at lines 226--226
[][] 
 []


Overfull \hbox (7.6536pt too wide) in paragraph at lines 226--226
[][] 
 []


Overfull \hbox (7.6536pt too wide) in paragraph at lines 230--230
[][] 
 []


Overfull \hbox (7.6536pt too wide) in paragraph at lines 236--236
[][] 
 []


Overfull \hbox (7.6536pt too wide) in paragraph at lines 240--240
[][] 
 []


Overfull \hbox (7.6536pt too wide) in paragraph at lines 243--243
[][] 
 []


Overfull \hbox (7.6536pt too wide) in paragraph at lines 248--248
[][] 
 []


Overfull \hbox (7.6536pt too wide) in paragraph at lines 251--251
[][] 
 []


Overfull \hbox (7.6536pt too wide) in paragraph at lines 255--255
[][] 
 []


Overfull \hbox (7.6536pt too wide) in paragraph at lines 255--255
[][] 
 []


Overfull \hbox (7.6536pt too wide) in paragraph at lines 255--255
[][] 
 []


Underfull \hbox (badness 10000) in paragraph at lines 266--268
\OT1/cmr/m/n/10 H^^?uhnerfleisch mit Son-nen-blu-men^^?ol,Salz, Pf-ef-fer,
 []


Underfull \hbox (badness 1789) in paragraph at lines 266--268
\OT1/cmr/m/n/10 Kurkuka, Garam Masala, Kreuzk^^?ummel, Ko-rian-der-
 []


Overfull \hbox (7.6536pt too wide) in paragraph at lines 269--269
[][] 
 []


Underfull \hbox (badness 1776) in paragraph at lines 272--274
\OT1/cmr/m/n/10 To-maten-mark hinzuf^^?ugen und karamel-lisieren lassen.
 []


Overfull \hbox (7.6536pt too wide) in paragraph at lines 275--275
[][] 
 []


Underfull \hbox (badness 1596) in paragraph at lines 278--282
\OT1/cmr/m/n/10 H^^?ahnchen klein-schnei-den. Chilil-flocken und Fleisch
 []


Overfull \hbox (7.6536pt too wide) in paragraph at lines 282--282
[][] 
 []

[9]
Overfull \hbox (7.6536pt too wide) in paragraph at lines 286--286
[][] 
 []


Overfull \hbox (7.6536pt too wide) in paragraph at lines 286--286
[][] 
 []


Overfull \hbox (7.6536pt too wide) in paragraph at lines 286--286
[][] 
 []


Overfull \hbox (7.6536pt too wide) in paragraph at lines 290--290
[][] 
 []


Overfull \hbox (7.6536pt too wide) in paragraph at lines 299--299
[][] 
 []


Overfull \hbox (7.6536pt too wide) in paragraph at lines 308--308
[][] 
 []


Overfull \hbox (7.6536pt too wide) in paragraph at lines 315--315
[][] 
 []


Overfull \hbox (7.6536pt too wide) in paragraph at lines 321--321
[][] 
 []


Overfull \hbox (7.6536pt too wide) in paragraph at lines 325--325
[][] 
 []


Overfull \hbox (7.6536pt too wide) in paragraph at lines 325--325
[][] 
 []


Overfull \hbox (7.6536pt too wide) in paragraph at lines 325--325
[][] 
 []


Underfull \hbox (badness 2261) in paragraph at lines 329--332
\OT1/cmr/m/n/10 ent-fer-nen, 750ml hei^^Ye H^^?uhnerbr^^?uhe zu den Chilis
 []


Overfull \hbox (7.6536pt too wide) in paragraph at lines 333--333
[][] 
 []


Underfull \vbox (badness 1694) has occurred while \output is active []

 [10]
Overfull \hbox (7.6536pt too wide) in paragraph at lines 338--338
[][] 
 []


Overfull \hbox (7.6536pt too wide) in paragraph at lines 347--347
[][] 
 []


Overfull \hbox (7.6536pt too wide) in paragraph at lines 351--351
[][] 
 []


Overfull \hbox (7.6536pt too wide) in paragraph at lines 351--351
[][] 
 []


Overfull \hbox (7.6536pt too wide) in paragraph at lines 351--351
[][] 
 []


Overfull \hbox (7.6536pt too wide) in paragraph at lines 357--357
[][] 
 []


Overfull \hbox (7.6536pt too wide) in paragraph at lines 372--372
[][] 
 []


Overfull \hbox (7.6536pt too wide) in paragraph at lines 376--376
[][] 
 []


Overfull \hbox (7.6536pt too wide) in paragraph at lines 376--376
[][] 
 []


Overfull \hbox (7.6536pt too wide) in paragraph at lines 376--376
[][] 
 []


Underfull \hbox (badness 1661) in paragraph at lines 382--385
\OT1/cmr/m/n/10 Pfanne d^^?unn mit But-ter be-stre-ichen und den Teig
 []


Overfull \hbox (7.6536pt too wide) in paragraph at lines 385--385
[][] 
 []


Underfull \vbox (badness 3098) has occurred while \output is active []

 [11]
Overfull \hbox (7.6536pt too wide) in paragraph at lines 389--389
[][] 
 []


Overfull \hbox (7.6536pt too wide) in paragraph at lines 389--389
[][] 
 []


Overfull \hbox (7.6536pt too wide) in paragraph at lines 389--389
[][] 
 []


Overfull \hbox (7.6536pt too wide) in paragraph at lines 402--402
[][] 
 []


Overfull \hbox (7.6536pt too wide) in paragraph at lines 406--406
[][] 
 []


Overfull \hbox (7.6536pt too wide) in paragraph at lines 414--414
[][] 
 []


Overfull \hbox (7.6536pt too wide) in paragraph at lines 417--417
[][] 
 []


Overfull \hbox (7.6536pt too wide) in paragraph at lines 421--421
[][] 
 []


Overfull \hbox (7.6536pt too wide) in paragraph at lines 421--421
[][] 
 []


Overfull \hbox (7.6536pt too wide) in paragraph at lines 421--421
[][] 
 []


Overfull \hbox (7.6536pt too wide) in paragraph at lines 430--430
[][] 
 []


Overfull \hbox (9.88066pt too wide) in paragraph at lines 430--430
[][]|\OT1/cmr/m/n/10 Scheiben|  
 []


Overfull \hbox (7.6536pt too wide) in paragraph at lines 435--435
[][] 
 []

[12]
Overfull \hbox (7.6536pt too wide) in paragraph at lines 439--439
[][] 
 []


Overfull \hbox (7.6536pt too wide) in paragraph at lines 439--439
[][] 
 []


Overfull \hbox (7.6536pt too wide) in paragraph at lines 439--439
[][] 
 []


Overfull \hbox (7.6536pt too wide) in paragraph at lines 445--445
[][] 
 []


Overfull \hbox (7.6536pt too wide) in paragraph at lines 455--455
[][] 
 []


Overfull \hbox (7.6536pt too wide) in paragraph at lines 459--459
[][] 
 []


Overfull \hbox (7.6536pt too wide) in paragraph at lines 462--462
[][] 
 []


Overfull \hbox (7.6536pt too wide) in paragraph at lines 465--465
[][] 
 []


Overfull \hbox (7.6536pt too wide) in paragraph at lines 470--470
[][] 
 []


Overfull \hbox (7.6536pt too wide) in paragraph at lines 473--473
[][] 
 []


Overfull \hbox (7.6536pt too wide) in paragraph at lines 477--477
[][] 
 []


Overfull \hbox (7.6536pt too wide) in paragraph at lines 477--477
[][] 
 []


Overfull \hbox (7.6536pt too wide) in paragraph at lines 477--477
[][] 
 []


Overfull \hbox (7.6536pt too wide) in paragraph at lines 484--484
[][] 
 []


Overfull \hbox (7.6536pt too wide) in paragraph at lines 493--493
[][] 
 []


Overfull \hbox (7.6536pt too wide) in paragraph at lines 502--502
[][] 
 []

[13]
Overfull \hbox (7.6536pt too wide) in paragraph at lines 506--506
[][] 
 []


Overfull \hbox (7.6536pt too wide) in paragraph at lines 506--506
[][] 
 []


Overfull \hbox (7.6536pt too wide) in paragraph at lines 506--506
[][] 
 []


Overfull \hbox (7.6536pt too wide) in paragraph at lines 511--511
[][] 
 []


Overfull \hbox (7.6536pt too wide) in paragraph at lines 515--515
[][] 
 []


Overfull \hbox (7.6536pt too wide) in paragraph at lines 519--519
[][] 
 []


Overfull \hbox (7.6536pt too wide) in paragraph at lines 523--523
[][] 
 []


Overfull \hbox (7.6536pt too wide) in paragraph at lines 529--529
[][] 
 []


Overfull \hbox (7.6536pt too wide) in paragraph at lines 533--533
[][] 
 []


Overfull \hbox (7.6536pt too wide) in paragraph at lines 533--533
[][] 
 []


Overfull \hbox (7.6536pt too wide) in paragraph at lines 533--533
[][] 
 []


Overfull \hbox (7.6536pt too wide) in paragraph at lines 550--550
[][] 
 []


Overfull \hbox (7.6536pt too wide) in paragraph at lines 554--554
[][] 
 []


Overfull \hbox (7.6536pt too wide) in paragraph at lines 554--554
[][] 
 []


Overfull \hbox (7.6536pt too wide) in paragraph at lines 554--554
[][] 
 []


Overfull \hbox (7.6536pt too wide) in paragraph at lines 559--559
[][] 
 []

[14]
Overfull \hbox (7.6536pt too wide) in paragraph at lines 565--565
[][] 
 []


Overfull \hbox (7.6536pt too wide) in paragraph at lines 570--570
[][] 
 []


Overfull \hbox (7.6536pt too wide) in paragraph at lines 574--574
[][] 
 []


Overfull \hbox (7.6536pt too wide) in paragraph at lines 574--574
[][] 
 []


Overfull \hbox (7.6536pt too wide) in paragraph at lines 574--574
[][] 
 []


Overfull \hbox (7.6536pt too wide) in paragraph at lines 578--578
[][] 
 []


Overfull \hbox (7.6536pt too wide) in paragraph at lines 582--582
[][] 
 []


Overfull \hbox (7.6536pt too wide) in paragraph at lines 590--590
[][] 
 []


Overfull \hbox (7.6536pt too wide) in paragraph at lines 594--594
[][] 
 []


Overfull \hbox (7.6536pt too wide) in paragraph at lines 594--594
[][] 
 []


Overfull \hbox (7.6536pt too wide) in paragraph at lines 594--594
[][] 
 []


Overfull \hbox (7.6536pt too wide) in paragraph at lines 601--601
[][] 
 []


Overfull \hbox (7.6536pt too wide) in paragraph at lines 611--611
[][] 
 []


Overfull \hbox (7.6536pt too wide) in paragraph at lines 616--616
[][] 
 []

[15]
Overfull \hbox (7.6536pt too wide) in paragraph at lines 620--620
[][] 
 []


Overfull \hbox (7.6536pt too wide) in paragraph at lines 620--620
[][] 
 []


Overfull \hbox (7.6536pt too wide) in paragraph at lines 620--620
[][] 
 []


Overfull \hbox (0.74176pt too wide) in paragraph at lines 621--621
[][]|\OT1/cmr/m/n/10 kleiner|  
 []


Overfull \hbox (7.6536pt too wide) in paragraph at lines 625--625
[][] 
 []


Overfull \hbox (7.6536pt too wide) in paragraph at lines 631--631
[][] 
 []


Overfull \hbox (7.6536pt too wide) in paragraph at lines 636--636
[][] 
 []


Overfull \hbox (7.6536pt too wide) in paragraph at lines 640--640
[][] 
 []


Overfull \hbox (7.6536pt too wide) in paragraph at lines 640--640
[][] 
 []


Overfull \hbox (7.6536pt too wide) in paragraph at lines 640--640
[][] 
 []


Overfull \hbox (7.6536pt too wide) in paragraph at lines 646--646
[][] 
 []


Overfull \hbox (7.6536pt too wide) in paragraph at lines 654--654
[][] 
 []


Overfull \hbox (7.6536pt too wide) in paragraph at lines 658--658
[][] 
 []


Overfull \hbox (7.6536pt too wide) in paragraph at lines 658--658
[][] 
 []


Overfull \hbox (7.6536pt too wide) in paragraph at lines 658--658
[][] 
 []


Overfull \hbox (7.6536pt too wide) in paragraph at lines 664--664
[][] 
 []


Overfull \hbox (7.6536pt too wide) in paragraph at lines 671--671
[][] 
 []


Overfull \hbox (7.6536pt too wide) in paragraph at lines 678--678
[][] 
 []

[16]
Overfull \hbox (7.6536pt too wide) in paragraph at lines 682--682
[][] 
 []


Overfull \hbox (7.6536pt too wide) in paragraph at lines 682--682
[][] 
 []


Overfull \hbox (7.6536pt too wide) in paragraph at lines 682--682
[][] 
 []


Overfull \hbox (7.6536pt too wide) in paragraph at lines 688--688
[][] 
 []


Overfull \hbox (7.6536pt too wide) in paragraph at lines 696--696
[][] 
 []


Overfull \hbox (7.6536pt too wide) in paragraph at lines 701--701
[][] 
 []


Overfull \hbox (7.6536pt too wide) in paragraph at lines 705--705
[][] 
 []


Overfull \hbox (7.6536pt too wide) in paragraph at lines 705--705
[][] 
 []


Overfull \hbox (7.6536pt too wide) in paragraph at lines 705--705
[][] 
 []


Overfull \hbox (7.6536pt too wide) in paragraph at lines 710--710
[][] 
 []


Overfull \hbox (7.6536pt too wide) in paragraph at lines 717--717
[][] 
 []


Overfull \hbox (7.6536pt too wide) in paragraph at lines 721--721
[][] 
 []


Overfull \hbox (7.6536pt too wide) in paragraph at lines 725--725
[][] 
 []


Overfull \hbox (7.6536pt too wide) in paragraph at lines 725--725
[][] 
 []


Overfull \hbox (7.6536pt too wide) in paragraph at lines 725--725
[][] 
 []


Overfull \hbox (7.6536pt too wide) in paragraph at lines 732--732
[][] 
 []


Overfull \hbox (7.6536pt too wide) in paragraph at lines 736--736
[][] 
 []


Overfull \hbox (7.6536pt too wide) in paragraph at lines 740--740
[][] 
 []


Overfull \hbox (1.1584pt too wide) in paragraph at lines 741--741
[][]|\OT1/cmr/m/n/10 Becher|  
 []


Overfull \hbox (7.6536pt too wide) in paragraph at lines 743--743
[][] 
 []

[17]
Overfull \hbox (7.6536pt too wide) in paragraph at lines 747--747
[][] 
 []


Overfull \hbox (7.6536pt too wide) in paragraph at lines 747--747
[][] 
 []


Overfull \hbox (7.6536pt too wide) in paragraph at lines 747--747
[][] 
 []


Overfull \hbox (7.6536pt too wide) in paragraph at lines 751--751
[][] 
 []


Overfull \hbox (7.6536pt too wide) in paragraph at lines 762--762
[][] 
 []


Overfull \hbox (7.6536pt too wide) in paragraph at lines 764--764
[][] 
 []


Overfull \hbox (7.6536pt too wide) in paragraph at lines 768--768
[][] 
 []


Overfull \hbox (7.6536pt too wide) in paragraph at lines 768--768
[][] 
 []


Overfull \hbox (7.6536pt too wide) in paragraph at lines 768--768
[][] 
 []


Overfull \hbox (7.6536pt too wide) in paragraph at lines 773--773
[][] 
 []


Underfull \hbox (badness 1783) in paragraph at lines 775--777
\OT1/cmr/m/n/10 hinzuf^^?ugen und an-schmoren bis die Zwiebeln le-icht
 []


Overfull \hbox (7.6536pt too wide) in paragraph at lines 778--778
[][] 
 []


Overfull \hbox (7.6536pt too wide) in paragraph at lines 786--786
[][] 
 []


Overfull \hbox (7.6536pt too wide) in paragraph at lines 793--793
[][] 
 []


Overfull \hbox (7.6536pt too wide) in paragraph at lines 796--796
[][] 
 []

[18]
Overfull \hbox (7.6536pt too wide) in paragraph at lines 800--800
[][] 
 []


Overfull \hbox (7.6536pt too wide) in paragraph at lines 800--800
[][] 
 []


Overfull \hbox (7.6536pt too wide) in paragraph at lines 800--800
[][] 
 []


Overfull \hbox (7.6536pt too wide) in paragraph at lines 805--805
[][] 
 []


Overfull \hbox (7.6536pt too wide) in paragraph at lines 813--813
[][] 
 []


Overfull \hbox (9.88066pt too wide) in paragraph at lines 817--817
[][]|\OT1/cmr/m/n/10 Scheiben|  
 []


Overfull \hbox (7.6536pt too wide) in paragraph at lines 819--819
[][] 
 []


Overfull \hbox (7.6536pt too wide) in paragraph at lines 823--823
[][] 
 []


Overfull \hbox (7.6536pt too wide) in paragraph at lines 823--823
[][] 
 []


Overfull \hbox (7.6536pt too wide) in paragraph at lines 823--823
[][] 
 []


Underfull \hbox (badness 4084) in paragraph at lines 828--830
\OT1/cmr/m/n/10 Aus dem Rinder-hack kleine B^^?allchen for-men, die
 []


Overfull \hbox (7.6536pt too wide) in paragraph at lines 831--831
[][] 
 []


Overfull \hbox (7.6536pt too wide) in paragraph at lines 839--839
[][] 
 []


Overfull \hbox (7.6536pt too wide) in paragraph at lines 843--843
[][] 
 []


Overfull \hbox (7.6536pt too wide) in paragraph at lines 847--847
[][] 
 []


Overfull \hbox (7.6536pt too wide) in paragraph at lines 847--847
[][] 
 []


Overfull \hbox (7.6536pt too wide) in paragraph at lines 847--847
[][] 
 []


Overfull \hbox (7.6536pt too wide) in paragraph at lines 854--854
[][] 
 []


Overfull \hbox (12.6585pt too wide) in paragraph at lines 856--856
|\OT1/cmr/m/n/10 Optional: 
 []


Overfull \hbox (7.6536pt too wide) in paragraph at lines 860--860
[][] 
 []

[19]
Overfull \hbox (7.6536pt too wide) in paragraph at lines 864--864
[][] 
 []


Overfull \hbox (7.6536pt too wide) in paragraph at lines 864--864
[][] 
 []


Overfull \hbox (7.6536pt too wide) in paragraph at lines 877--877
[][] 
 []


Overfull \hbox (7.6536pt too wide) in paragraph at lines 881--881
[][] 
 []


Overfull \hbox (7.6536pt too wide) in paragraph at lines 881--881
[][] 
 []


Overfull \hbox (7.6536pt too wide) in paragraph at lines 881--881
[][] 
 []


Overfull \hbox (7.6536pt too wide) in paragraph at lines 888--888
[][] 
 []


Overfull \hbox (7.6536pt too wide) in paragraph at lines 891--891
[][] 
 []


Overfull \hbox (7.6536pt too wide) in paragraph at lines 895--895
[][] 
 []


Overfull \hbox (7.6536pt too wide) in paragraph at lines 899--899
[][] 
 []


Overfull \hbox (7.6536pt too wide) in paragraph at lines 899--899
[][] 
 []


Overfull \hbox (7.6536pt too wide) in paragraph at lines 899--899
[][] 
 []


Overfull \hbox (7.6536pt too wide) in paragraph at lines 903--903
[][] 
 []


Overfull \hbox (7.6536pt too wide) in paragraph at lines 910--910
[][] 
 []


Overfull \hbox (7.6536pt too wide) in paragraph at lines 919--919
[][] 
 []


Overfull \hbox (7.6536pt too wide) in paragraph at lines 922--922
[][] 
 []


Overfull \hbox (7.6536pt too wide) in paragraph at lines 924--924
[][] 
 []


Overfull \hbox (7.6536pt too wide) in paragraph at lines 928--928
[][] 
 []


Overfull \hbox (7.6536pt too wide) in paragraph at lines 928--928
[][] 
 []


Overfull \hbox (7.6536pt too wide) in paragraph at lines 928--928
[][] 
 []


Overfull \hbox (7.6536pt too wide) in paragraph at lines 937--937
[][] 
 []

[20]
Overfull \hbox (7.6536pt too wide) in paragraph at lines 945--945
[][] 
 []


Underfull \hbox (badness 1735) in paragraph at lines 952--954
\OT1/cmr/m/n/10 Butter schmelzen und das Mehl darin an-schwitzen,
 []


Overfull \hbox (7.6536pt too wide) in paragraph at lines 954--954
[][] 
 []


Overfull \hbox (7.6536pt too wide) in paragraph at lines 958--958
[][] 
 []


Overfull \hbox (7.6536pt too wide) in paragraph at lines 958--958
[][] 
 []


Overfull \hbox (7.6536pt too wide) in paragraph at lines 958--958
[][] 
 []


Overfull \hbox (7.6536pt too wide) in paragraph at lines 962--962
[][] 
 []


Underfull \hbox (badness 2150) in paragraph at lines 967--969
\OT1/cmr/m/n/10 Die But-ter im Topf schmelzen, Lor-beer und Pf-ef-
 []


Overfull \hbox (7.6536pt too wide) in paragraph at lines 970--970
[][] 
 []


Overfull \hbox (7.6536pt too wide) in paragraph at lines 980--980
[][] 
 []

[21]
Overfull \hbox (7.6536pt too wide) in paragraph at lines 984--984
[][] 
 []


Overfull \hbox (7.6536pt too wide) in paragraph at lines 984--984
[][] 
 []


Overfull \hbox (7.6536pt too wide) in paragraph at lines 984--984
[][] 
 []


Overfull \hbox (7.6536pt too wide) in paragraph at lines 988--988
[][] 
 []


Overfull \hbox (7.6536pt too wide) in paragraph at lines 994--994
[][] 
 []


Overfull \hbox (12.40846pt too wide) in paragraph at lines 995--995
[][]|\OT1/cmr/m/n/10 geh^^?aufter 
 []


Overfull \hbox (7.6536pt too wide) in paragraph at lines 1002--1002
[][] 
 []


Overfull \hbox (7.6536pt too wide) in paragraph at lines 1005--1005
[][] 
 []


Overfull \hbox (7.6536pt too wide) in paragraph at lines 1009--1009
[][] 
 []


Overfull \hbox (7.6536pt too wide) in paragraph at lines 1009--1009
[][] 
 []


Overfull \hbox (7.6536pt too wide) in paragraph at lines 1009--1009
[][] 
 []


Underfull \hbox (badness 2205) in paragraph at lines 1012--1014
\OT1/cmr/m/n/10 Den Speck in einem Topf gut br^^?aunen, dann die
 []


Overfull \hbox (7.6536pt too wide) in paragraph at lines 1015--1015
[][] 
 []


Overfull \hbox (7.6536pt too wide) in paragraph at lines 1023--1023
[][] 
 []


Overfull \hbox (7.6536pt too wide) in paragraph at lines 1027--1027
[][] 
 []


Overfull \hbox (7.6536pt too wide) in paragraph at lines 1031--1031
[][] 
 []


Overfull \hbox (7.6536pt too wide) in paragraph at lines 1033--1033
[][] 
 []


Overfull \hbox (7.6536pt too wide) in paragraph at lines 1038--1038
[][] 
 []


Overfull \hbox (7.6536pt too wide) in paragraph at lines 1038--1038
[][] 
 []


Overfull \hbox (7.6536pt too wide) in paragraph at lines 1038--1038
[][] 
 []


Overfull \hbox (7.6536pt too wide) in paragraph at lines 1044--1044
[][] 
 []

[22]
Overfull \hbox (7.6536pt too wide) in paragraph at lines 1048--1048
[][] 
 []


Overfull \hbox (7.6536pt too wide) in paragraph at lines 1048--1048
[][] 
 []


Overfull \hbox (7.6536pt too wide) in paragraph at lines 1048--1048
[][] 
 []


Overfull \hbox (7.6536pt too wide) in paragraph at lines 1057--1057
[][] 
 []


Overfull \hbox (7.6536pt too wide) in paragraph at lines 1062--1062
[][] 
 []


Overfull \hbox (7.6536pt too wide) in paragraph at lines 1066--1066
[][] 
 []


Overfull \hbox (7.6536pt too wide) in paragraph at lines 1066--1066
[][] 
 []


Overfull \hbox (7.6536pt too wide) in paragraph at lines 1066--1066
[][] 
 []


Overfull \hbox (7.6536pt too wide) in paragraph at lines 1075--1075
[][] 
 []


Underfull \hbox (badness 2119) in paragraph at lines 1075--1078
\OT1/cmr/m/n/10 Geschirrsp^^?ultuch bei Zim-mertem-per-atur eine Stunde
 []


Overfull \hbox (7.6536pt too wide) in paragraph at lines 1079--1079
[][] 
 []


Overfull \hbox (7.6536pt too wide) in paragraph at lines 1086--1086
[][] 
 []


Overfull \hbox (7.6536pt too wide) in paragraph at lines 1095--1095
[][] 
 []


Underfull \vbox (badness 10000) has occurred while \output is active []

 [23]
Overfull \hbox (7.6536pt too wide) in paragraph at lines 1099--1099
[][] 
 []


Overfull \hbox (7.6536pt too wide) in paragraph at lines 1099--1099
[][] 
 []


Overfull \hbox (7.6536pt too wide) in paragraph at lines 1099--1099
[][] 
 []


Overfull \hbox (7.6536pt too wide) in paragraph at lines 1105--1105
[][] 
 []


Overfull \hbox (12.72615pt too wide) in paragraph at lines 1109--1109
|\OT1/cmr/m/n/10 Optional|[]  
 []


Overfull \hbox (7.6536pt too wide) in paragraph at lines 1118--1118
[][] 
 []


Overfull \hbox (7.6536pt too wide) in paragraph at lines 1122--1122
[][] 
 []


Overfull \hbox (7.6536pt too wide) in paragraph at lines 1122--1122
[][] 
 []


Overfull \hbox (7.6536pt too wide) in paragraph at lines 1122--1122
[][] 
 []


Overfull \hbox (7.6536pt too wide) in paragraph at lines 1127--1127
[][] 
 []


Overfull \hbox (7.6536pt too wide) in paragraph at lines 1130--1130
[][] 
 []


Overfull \hbox (7.6536pt too wide) in paragraph at lines 1134--1134
[][] 
 []


Overfull \hbox (7.6536pt too wide) in paragraph at lines 1134--1134
[][] 
 []


Overfull \hbox (7.6536pt too wide) in paragraph at lines 1134--1134
[][] 
 []


Overfull \hbox (7.6536pt too wide) in paragraph at lines 1140--1140
[][] 
 []


Overfull \hbox (7.6536pt too wide) in paragraph at lines 1147--1147
[][] 
 []


Overfull \hbox (1.2695pt too wide) in paragraph at lines 1150--1150
[][]|\OT1/cmr/m/n/10 Zweige|  
 []


Overfull \hbox (1.2695pt too wide) in paragraph at lines 1151--1151
[][]|\OT1/cmr/m/n/10 Zweige|  
 []


Underfull \hbox (badness 1540) in paragraph at lines 1151--1154
\OT1/cmr/m/n/10 Minuten an-braten. M^^?ohren, Sel-l-erie und Zwiebeln
 []

[24]
Overfull \hbox (7.6536pt too wide) in paragraph at lines 1155--1155
[][] 
 []


Underfull \hbox (badness 2846) in paragraph at lines 1159--1163
\OT1/cmr/m/n/10 abl^^?oschen und ver-dampfen lassen Br^^?uhe, To-maten,
 []


Overfull \hbox (7.6536pt too wide) in paragraph at lines 1163--1163
[][] 
 []


Overfull \hbox (7.6536pt too wide) in paragraph at lines 1167--1167
[][] 
 []


Overfull \hbox (7.6536pt too wide) in paragraph at lines 1167--1167
[][] 
 []


Overfull \hbox (7.6536pt too wide) in paragraph at lines 1167--1167
[][] 
 []


Overfull \hbox (7.6536pt too wide) in paragraph at lines 1175--1175
[][] 
 []


Overfull \hbox (7.6536pt too wide) in paragraph at lines 1179--1179
[][] 
 []


Overfull \hbox (7.6536pt too wide) in paragraph at lines 1179--1179
[][] 
 []


Overfull \hbox (7.6536pt too wide) in paragraph at lines 1179--1179
[][] 
 []


Overfull \hbox (7.6536pt too wide) in paragraph at lines 1185--1185
[][] 
 []


Overfull \hbox (7.6536pt too wide) in paragraph at lines 1191--1191
[][] 
 []


Overfull \hbox (7.6536pt too wide) in paragraph at lines 1197--1197
[][] 
 []


Overfull \hbox (7.6536pt too wide) in paragraph at lines 1204--1204
[][] 
 []

[25]
Overfull \hbox (7.6536pt too wide) in paragraph at lines 1208--1208
[][] 
 []


Overfull \hbox (7.6536pt too wide) in paragraph at lines 1208--1208
[][] 
 []


Overfull \hbox (7.6536pt too wide) in paragraph at lines 1208--1208
[][] 
 []


Overfull \hbox (7.6536pt too wide) in paragraph at lines 1213--1213
[][] 
 []


Overfull \hbox (7.6536pt too wide) in paragraph at lines 1221--1221
[][] 
 []


Overfull \hbox (7.6536pt too wide) in paragraph at lines 1225--1225
[][] 
 []


Overfull \hbox (7.6536pt too wide) in paragraph at lines 1225--1225
[][] 
 []


Overfull \hbox (7.6536pt too wide) in paragraph at lines 1225--1225
[][] 
 []


Overfull \hbox (7.6536pt too wide) in paragraph at lines 1234--1234
[][] 
 []


Overfull \hbox (7.6536pt too wide) in paragraph at lines 1239--1239
[][] 
 []


Overfull \hbox (7.6536pt too wide) in paragraph at lines 1244--1244
[][] 
 []


Overfull \hbox (7.6536pt too wide) in paragraph at lines 1248--1248
[][] 
 []


Overfull \hbox (7.6536pt too wide) in paragraph at lines 1248--1248
[][] 
 []


Overfull \hbox (7.6536pt too wide) in paragraph at lines 1248--1248
[][] 
 []


Overfull \hbox (7.6536pt too wide) in paragraph at lines 1252--1252
[][] 
 []


Overfull \hbox (7.6536pt too wide) in paragraph at lines 1258--1258
[][] 
 []


Underfull \hbox (badness 3815) in paragraph at lines 1263--1265
\OT1/cmr/m/n/10 Mehl hinzugeben und an-schwitzen lassen. Dann
 []


Overfull \hbox (7.6536pt too wide) in paragraph at lines 1265--1265
[][] 
 []

[26]
Overfull \hbox (7.6536pt too wide) in paragraph at lines 1269--1269
[][] 
 []


Overfull \hbox (7.6536pt too wide) in paragraph at lines 1269--1269
[][] 
 []


Overfull \hbox (7.6536pt too wide) in paragraph at lines 1269--1269
[][] 
 []


Overfull \hbox (7.6536pt too wide) in paragraph at lines 1276--1276
[][] 
 []


Underfull \hbox (badness 1642) in paragraph at lines 1279--1281
\OT1/cmr/m/n/10 an-schmoren bis die Zwiebeln glasig sind, dann die
 []


Overfull \hbox (7.6536pt too wide) in paragraph at lines 1282--1282
[][] 
 []


Overfull \hbox (7.6536pt too wide) in paragraph at lines 1289--1289
[][] 
 []


Overfull \hbox (7.6536pt too wide) in paragraph at lines 1293--1293
[][] 
 []


Overfull \hbox (15.50394pt too wide) in paragraph at lines 1293--1293
|\OT1/cmr/m/n/10 Optional:|[]  
 []


Overfull \hbox (7.6536pt too wide) in paragraph at lines 1295--1295
[][] 
 []


Overfull \hbox (7.6536pt too wide) in paragraph at lines 1299--1299
[][] 
 []


Overfull \hbox (7.6536pt too wide) in paragraph at lines 1299--1299
[][] 
 []


Overfull \hbox (7.6536pt too wide) in paragraph at lines 1299--1299
[][] 
 []


Overfull \hbox (7.6536pt too wide) in paragraph at lines 1303--1303
[][] 
 []


Overfull \hbox (7.6536pt too wide) in paragraph at lines 1311--1311
[][] 
 []


Overfull \hbox (7.6536pt too wide) in paragraph at lines 1316--1316
[][] 
 []

[27]
Overfull \hbox (7.6536pt too wide) in paragraph at lines 1320--1320
[][] 
 []


Overfull \hbox (7.6536pt too wide) in paragraph at lines 1324--1324
[][] 
 []


Overfull \hbox (7.6536pt too wide) in paragraph at lines 1324--1324
[][] 
 []


Overfull \hbox (7.6536pt too wide) in paragraph at lines 1324--1324
[][] 
 []


Overfull \hbox (7.6536pt too wide) in paragraph at lines 1332--1332
[][] 
 []


Overfull \hbox (7.6536pt too wide) in paragraph at lines 1336--1336
[][] 
 []


Overfull \hbox (7.6536pt too wide) in paragraph at lines 1341--1341
[][] 
 []


Overfull \hbox (7.6536pt too wide) in paragraph at lines 1345--1345
[][] 
 []


Overfull \hbox (7.6536pt too wide) in paragraph at lines 1345--1345
[][] 
 []


Overfull \hbox (7.6536pt too wide) in paragraph at lines 1345--1345
[][] 
 []


Overfull \hbox (2.54733pt too wide) in paragraph at lines 1348--1348
[][]|\OT1/cmr/m/n/10 Bl^^?atter|  
 []


Overfull \hbox (7.6536pt too wide) in paragraph at lines 1354--1354
[][] 
 []


Overfull \hbox (7.6536pt too wide) in paragraph at lines 1360--1360
[][] 
 []


Overfull \hbox (7.6536pt too wide) in paragraph at lines 1364--1364
[][] 
 []


Overfull \hbox (7.6536pt too wide) in paragraph at lines 1364--1364
[][] 
 []


Overfull \hbox (7.6536pt too wide) in paragraph at lines 1364--1364
[][] 
 []


Overfull \hbox (7.6536pt too wide) in paragraph at lines 1378--1378
[][] 
 []

[28]
Overfull \hbox (7.6536pt too wide) in paragraph at lines 1385--1385
[][] 
 []


Overfull \hbox (7.6536pt too wide) in paragraph at lines 1389--1389
[][] 
 []


Overfull \hbox (7.6536pt too wide) in paragraph at lines 1389--1389
[][] 
 []


Overfull \hbox (7.6536pt too wide) in paragraph at lines 1389--1389
[][] 
 []


Overfull \hbox (7.6536pt too wide) in paragraph at lines 1396--1396
[][] 
 []


Overfull \hbox (7.6536pt too wide) in paragraph at lines 1400--1400
[][] 
 []


Overfull \hbox (7.6536pt too wide) in paragraph at lines 1404--1404
[][] 
 []


Overfull \hbox (7.6536pt too wide) in paragraph at lines 1404--1404
[][] 
 []


Overfull \hbox (7.6536pt too wide) in paragraph at lines 1404--1404
[][] 
 []


Overfull \hbox (7.6536pt too wide) in paragraph at lines 1408--1408
[][] 
 []


Overfull \hbox (7.6536pt too wide) in paragraph at lines 1416--1416
[][] 
 []


Overfull \hbox (7.6536pt too wide) in paragraph at lines 1421--1421
[][] 
 []

[29]
Overfull \hbox (7.6536pt too wide) in paragraph at lines 1425--1425
[][] 
 []


Overfull \hbox (7.6536pt too wide) in paragraph at lines 1425--1425
[][] 
 []


Overfull \hbox (7.6536pt too wide) in paragraph at lines 1425--1425
[][] 
 []


Overfull \hbox (7.6536pt too wide) in paragraph at lines 1429--1429
[][] 
 []


Overfull \hbox (7.6536pt too wide) in paragraph at lines 1436--1436
[][] 
 []


Underfull \hbox (badness 4765) in paragraph at lines 1440--1442
\OT1/cmr/m/n/10 hinzugeben und an-schwitzen. Das To-maten-mark
 []


Overfull \hbox (7.6536pt too wide) in paragraph at lines 1443--1443
[][] 
 []


Underfull \hbox (badness 2626) in paragraph at lines 1448--1450
\OT1/cmr/m/n/10 Langsam die Br^^?uhe hinzugeben und dabei st^^?andig
 []


Overfull \hbox (7.6536pt too wide) in paragraph at lines 1451--1451
[][] 
 []


Overfull \hbox (7.6536pt too wide) in paragraph at lines 1453--1453
[][] 
 []


Overfull \hbox (7.6536pt too wide) in paragraph at lines 1457--1457
[][] 
 []


Overfull \hbox (7.6536pt too wide) in paragraph at lines 1457--1457
[][] 
 []


Overfull \hbox (7.6536pt too wide) in paragraph at lines 1457--1457
[][] 
 []


Overfull \hbox (7.6536pt too wide) in paragraph at lines 1461--1461
[][] 
 []


Overfull \hbox (7.6536pt too wide) in paragraph at lines 1466--1466
[][] 
 []


Overfull \hbox (7.6536pt too wide) in paragraph at lines 1470--1470
[][] 
 []


Overfull \hbox (7.6536pt too wide) in paragraph at lines 1470--1470
[][] 
 []


Overfull \hbox (7.6536pt too wide) in paragraph at lines 1470--1470
[][] 
 []


Overfull \hbox (7.6536pt too wide) in paragraph at lines 1475--1475
[][] 
 []


Overfull \hbox (7.6536pt too wide) in paragraph at lines 1484--1484
[][] 
 []


Underfull \vbox (badness 10000) has occurred while \output is active []

 [30]
Overfull \hbox (7.6536pt too wide) in paragraph at lines 1488--1488
[][] 
 []


Overfull \hbox (7.6536pt too wide) in paragraph at lines 1488--1488
[][] 
 []


Overfull \hbox (7.6536pt too wide) in paragraph at lines 1488--1488
[][] 
 []


Overfull \hbox (10.53163pt too wide) in paragraph at lines 1490--1490
|\OT1/cmr/m/n/10 reichlich|[]  
 []


Overfull \hbox (14.39279pt too wide) in paragraph at lines 1491--1491
|\OT1/cmr/m/n/10 1,25fache|[]  
 []


Overfull \hbox (7.6536pt too wide) in paragraph at lines 1494--1494
[][] 
 []


Overfull \hbox (7.6536pt too wide) in paragraph at lines 1499--1499
[][] 
 []


Overfull \hbox (7.6536pt too wide) in paragraph at lines 1504--1504
[][] 
 []


Overfull \hbox (7.6536pt too wide) in paragraph at lines 1508--1508
[][] 
 []


Overfull \hbox (7.6536pt too wide) in paragraph at lines 1508--1508
[][] 
 []


Overfull \hbox (7.6536pt too wide) in paragraph at lines 1508--1508
[][] 
 []


Overfull \hbox (7.6536pt too wide) in paragraph at lines 1516--1516
[][] 
 []


Overfull \hbox (7.6536pt too wide) in paragraph at lines 1525--1525
[][] 
 []


Overfull \hbox (7.6536pt too wide) in paragraph at lines 1528--1528
[][] 
 []

[31]
Overfull \hbox (7.6536pt too wide) in paragraph at lines 1532--1532
[][] 
 []


Overfull \hbox (7.6536pt too wide) in paragraph at lines 1532--1532
[][] 
 []


Overfull \hbox (7.6536pt too wide) in paragraph at lines 1532--1532
[][] 
 []


Overfull \hbox (7.6536pt too wide) in paragraph at lines 1536--1536
[][] 
 []


Overfull \hbox (7.6536pt too wide) in paragraph at lines 1544--1544
[][] 
 []


Overfull \hbox (7.6536pt too wide) in paragraph at lines 1553--1553
[][] 
 []


Overfull \hbox (7.6536pt too wide) in paragraph at lines 1557--1557
[][] 
 []


Overfull \hbox (7.6536pt too wide) in paragraph at lines 1557--1557
[][] 
 []


Overfull \hbox (7.6536pt too wide) in paragraph at lines 1557--1557
[][] 
 []


Overfull \hbox (7.6536pt too wide) in paragraph at lines 1564--1564
[][] 
 []


Overfull \hbox (7.6536pt too wide) in paragraph at lines 1571--1571
[][] 
 []


Overfull \hbox (7.6536pt too wide) in paragraph at lines 1573--1573
[][] 
 []


Overfull \hbox (7.6536pt too wide) in paragraph at lines 1577--1577
[][] 
 []


Overfull \hbox (7.6536pt too wide) in paragraph at lines 1577--1577
[][] 
 []


Overfull \hbox (7.6536pt too wide) in paragraph at lines 1577--1577
[][] 
 []


Overfull \hbox (7.6536pt too wide) in paragraph at lines 1583--1583
[][] 
 []


Overfull \hbox (7.6536pt too wide) in paragraph at lines 1589--1589
[][] 
 []


Overfull \hbox (7.6536pt too wide) in paragraph at lines 1593--1593
[][] 
 []

[32]
Overfull \hbox (7.6536pt too wide) in paragraph at lines 1597--1597
[][] 
 []


Overfull \hbox (7.6536pt too wide) in paragraph at lines 1597--1597
[][] 
 []


Overfull \hbox (7.6536pt too wide) in paragraph at lines 1597--1597
[][] 
 []


Underfull \hbox (badness 10000) in paragraph at lines 1605--1607
\OT1/cmr/m/n/10 Den Thun-fisch kurz abgie^^Yen, die Kapern und
 []


Overfull \hbox (7.6536pt too wide) in paragraph at lines 1608--1608
[][] 
 []


Overfull \hbox (7.6536pt too wide) in paragraph at lines 1612--1612
[][] 
 []


Overfull \hbox (7.6536pt too wide) in paragraph at lines 1616--1616
[][] 
 []


Overfull \hbox (7.6536pt too wide) in paragraph at lines 1616--1616
[][] 
 []


Overfull \hbox (7.6536pt too wide) in paragraph at lines 1616--1616
[][] 
 []


Overfull \hbox (7.6536pt too wide) in paragraph at lines 1635--1635
[][] 
 []


Overfull \hbox (7.6536pt too wide) in paragraph at lines 1639--1639
[][] 
 []


Overfull \hbox (7.6536pt too wide) in paragraph at lines 1639--1639
[][] 
 []


Overfull \hbox (7.6536pt too wide) in paragraph at lines 1639--1639
[][] 
 []


Overfull \hbox (7.6536pt too wide) in paragraph at lines 1644--1644
[][] 
 []


Overfull \hbox (7.6536pt too wide) in paragraph at lines 1651--1651
[][] 
 []

[33]
Overfull \hbox (7.6536pt too wide) in paragraph at lines 1658--1658
[][] 
 []


Overfull \hbox (7.6536pt too wide) in paragraph at lines 1662--1662
[][] 
 []


Overfull \hbox (7.6536pt too wide) in paragraph at lines 1666--1666
[][] 
 []


Overfull \hbox (7.6536pt too wide) in paragraph at lines 1666--1666
[][] 
 []


Overfull \hbox (7.6536pt too wide) in paragraph at lines 1666--1666
[][] 
 []


Overfull \hbox (7.6536pt too wide) in paragraph at lines 1675--1675
[][] 
 []


Overfull \hbox (7.6536pt too wide) in paragraph at lines 1680--1680
[][] 
 []


Overfull \hbox (7.6536pt too wide) in paragraph at lines 1684--1684
[][] 
 []


Overfull \hbox (7.6536pt too wide) in paragraph at lines 1690--1690
[][] 
 []


Overfull \hbox (7.6536pt too wide) in paragraph at lines 1712--1712
[][] 
 []


Overfull \hbox (7.6536pt too wide) in paragraph at lines 1716--1716
[][] 
 []


Overfull \hbox (7.6536pt too wide) in paragraph at lines 1716--1716
[][] 
 []


Overfull \hbox (7.6536pt too wide) in paragraph at lines 1716--1716
[][] 
 []


Overfull \hbox (7.6536pt too wide) in paragraph at lines 1722--1722
[][] 
 []

[34]
Overfull \hbox (7.6536pt too wide) in paragraph at lines 1729--1729
[][] 
 []


Underfull \hbox (badness 10000) in paragraph at lines 1731--1733
\OT1/cmr/m/n/10 gebildet hat sowie die Sahne und H^^?uhnerbr^^?uhe
 []


Underfull \hbox (badness 10000) in paragraph at lines 1731--1733
\OT1/cmr/m/n/10 hinzugeben und bis zur gew^^?unschten Kon-sis-tenz
 []


Overfull \hbox (7.6536pt too wide) in paragraph at lines 1733--1733
[][] 
 []

) [35] [36

]
Chapter 2.

(/Users/johannes/Desktop/Rezeptbuch LATEX/Hauptteil/Rezeptbuch PDF Output/Rezep
tbuch Beilagen/Rezeptbuch_Beilagen.tex

Package hyperref Warning: Difference (2) between bookmark levels is greater 
(hyperref)                than one, level fixed on input line 4.


Overfull \hbox (7.6536pt too wide) in paragraph at lines 4--4
[] 
 []


Overfull \hbox (7.6536pt too wide) in paragraph at lines 4--4
[][] 
 []


Overfull \hbox (7.6536pt too wide) in paragraph at lines 4--4
[][] 
 []


Overfull \hbox (7.6536pt too wide) in paragraph at lines 12--12
[][] 
 []


Overfull \hbox (7.6536pt too wide) in paragraph at lines 23--23
[][] 
 []


Overfull \hbox (7.6536pt too wide) in paragraph at lines 27--27
[][] 
 []


Overfull \hbox (7.6536pt too wide) in paragraph at lines 27--27
[][] 
 []


Overfull \hbox (7.6536pt too wide) in paragraph at lines 27--27
[][] 
 []


Underfull \hbox (badness 2103) in paragraph at lines 34--36
\OT1/cmr/m/n/10 Den Glib-ber aus der Fleis-chto-mate ent-fer-nen (falls
 []


Overfull \hbox (7.6536pt too wide) in paragraph at lines 37--37
[][] 
 []


Overfull \hbox (7.6536pt too wide) in paragraph at lines 41--41
[][] 
 []


Overfull \hbox (7.6536pt too wide) in paragraph at lines 41--41
[][] 
 []


Overfull \hbox (7.6536pt too wide) in paragraph at lines 41--41
[][] 
 []


Overfull \hbox (7.6536pt too wide) in paragraph at lines 45--45
[][] 
 []


Overfull \hbox (7.6536pt too wide) in paragraph at lines 52--52
[][] 
 []

[37]
Overfull \hbox (7.6536pt too wide) in paragraph at lines 56--56
[][] 
 []


Overfull \hbox (7.6536pt too wide) in paragraph at lines 56--56
[][] 
 []


Overfull \hbox (7.6536pt too wide) in paragraph at lines 56--56
[][] 
 []


Overfull \hbox (7.6536pt too wide) in paragraph at lines 66--66
[][] 
 []


Overfull \hbox (7.6536pt too wide) in paragraph at lines 71--71
[][] 
 []


Overfull \hbox (6.74988pt too wide) in paragraph at lines 72--72
\OT1/cmr/m/n/10 Spitze|  
 []


Underfull \hbox (badness 1635) in paragraph at lines 72--74
\OT1/cmr/m/n/10 dann erneut gut rumr^^?uhren und mit einem Deckel
 []


Overfull \hbox (7.6536pt too wide) in paragraph at lines 74--74
[][] 
 []


Overfull \hbox (7.6536pt too wide) in paragraph at lines 78--78
[][] 
 []


Overfull \hbox (7.6536pt too wide) in paragraph at lines 78--78
[][] 
 []


Overfull \hbox (7.6536pt too wide) in paragraph at lines 78--78
[][] 
 []


Overfull \hbox (7.6536pt too wide) in paragraph at lines 84--84
[][] 
 []


Overfull \hbox (7.6536pt too wide) in paragraph at lines 95--95
[][] 
 []


Overfull \hbox (7.6536pt too wide) in paragraph at lines 99--99
[][] 
 []


Overfull \hbox (7.6536pt too wide) in paragraph at lines 99--99
[][] 
 []


Overfull \hbox (7.6536pt too wide) in paragraph at lines 99--99
[][] 
 []


Overfull \hbox (7.6536pt too wide) in paragraph at lines 117--117
[][] 
 []

[38]
Overfull \hbox (7.6536pt too wide) in paragraph at lines 121--121
[][] 
 []


Overfull \hbox (7.6536pt too wide) in paragraph at lines 121--121
[][] 
 []


Overfull \hbox (7.6536pt too wide) in paragraph at lines 121--121
[][] 
 []


Overfull \hbox (7.6536pt too wide) in paragraph at lines 128--128
[][] 
 []


Underfull \hbox (badness 7740) in paragraph at lines 130--132
\OT1/cmr/m/n/10 Alle Zu-taten hinzugeben und ein paar Minuten
 []


Underfull \hbox (badness 3884) in paragraph at lines 130--132
\OT1/cmr/m/n/10 an-schmoren, dann die Knoblauchzehe pressen und
 []


Overfull \hbox (7.6536pt too wide) in paragraph at lines 133--133
[][] 
 []


Overfull \hbox (7.6536pt too wide) in paragraph at lines 140--140
[][] 
 []


Overfull \hbox (7.6536pt too wide) in paragraph at lines 144--144
[][] 
 []


Overfull \hbox (7.6536pt too wide) in paragraph at lines 148--148
[][] 
 []


Overfull \hbox (7.6536pt too wide) in paragraph at lines 148--148
[][] 
 []


Overfull \hbox (7.6536pt too wide) in paragraph at lines 148--148
[][] 
 []


Overfull \hbox (7.6536pt too wide) in paragraph at lines 152--152
[][] 
 []


Overfull \hbox (7.6536pt too wide) in paragraph at lines 160--160
[][] 
 []

[39]
Overfull \hbox (7.6536pt too wide) in paragraph at lines 164--164
[][] 
 []


Overfull \hbox (7.6536pt too wide) in paragraph at lines 164--164
[][] 
 []


Overfull \hbox (7.6536pt too wide) in paragraph at lines 164--164
[][] 
 []


Overfull \hbox (7.6536pt too wide) in paragraph at lines 168--168
[][] 
 []


Overfull \hbox (15.50394pt too wide) in paragraph at lines 174--174
|\OT1/cmr/m/n/10 Optional:|[]  
 []


Overfull \hbox (7.6536pt too wide) in paragraph at lines 180--180
[][] 
 []


Overfull \hbox (7.6536pt too wide) in paragraph at lines 184--184
[][] 
 []


Overfull \hbox (7.6536pt too wide) in paragraph at lines 184--184
[][] 
 []


Overfull \hbox (7.6536pt too wide) in paragraph at lines 184--184
[][] 
 []


Overfull \hbox (7.6536pt too wide) in paragraph at lines 191--191
[][] 
 []


Overfull \hbox (7.6536pt too wide) in paragraph at lines 198--198
[][] 
 []


Overfull \hbox (7.6536pt too wide) in paragraph at lines 202--202
[][] 
 []


Overfull \hbox (7.6536pt too wide) in paragraph at lines 205--205
[][] 
 []


Overfull \hbox (7.6536pt too wide) in paragraph at lines 215--215
[][] 
 []


Overfull \hbox (7.6536pt too wide) in paragraph at lines 219--219
[][] 
 []

[40]
Overfull \hbox (7.6536pt too wide) in paragraph at lines 223--223
[][] 
 []


Overfull \hbox (7.6536pt too wide) in paragraph at lines 223--223
[][] 
 []


Overfull \hbox (7.6536pt too wide) in paragraph at lines 223--223
[][] 
 []


Overfull \hbox (7.6536pt too wide) in paragraph at lines 227--227
[][] 
 []


Underfull \hbox (badness 2384) in paragraph at lines 234--236
\OT1/cmr/m/n/10 Die restlichen Zu-taten in den P^^?urierer geben und
 []


Overfull \hbox (7.6536pt too wide) in paragraph at lines 237--237
[][] 
 []


Overfull \hbox (7.6536pt too wide) in paragraph at lines 241--241
[][] 
 []


Overfull \hbox (7.6536pt too wide) in paragraph at lines 241--241
[][] 
 []


Overfull \hbox (7.6536pt too wide) in paragraph at lines 241--241
[][] 
 []


Overfull \hbox (7.6536pt too wide) in paragraph at lines 251--251
[][] 
 []


Overfull \hbox (7.6536pt too wide) in paragraph at lines 255--255
[][] 
 []


Overfull \hbox (7.6536pt too wide) in paragraph at lines 255--255
[][] 
 []


Overfull \hbox (7.6536pt too wide) in paragraph at lines 255--255
[][] 
 []


Overfull \hbox (7.6536pt too wide) in paragraph at lines 260--260
[][] 
 []


Overfull \hbox (7.6536pt too wide) in paragraph at lines 268--268
[][] 
 []


Overfull \hbox (7.6536pt too wide) in paragraph at lines 272--272
[][] 
 []


Overfull \hbox (7.6536pt too wide) in paragraph at lines 272--272
[][] 
 []


Overfull \hbox (7.6536pt too wide) in paragraph at lines 272--272
[][] 
 []


Overfull \hbox (7.6536pt too wide) in paragraph at lines 283--283
[][] 
 []

[41]
Overfull \hbox (7.6536pt too wide) in paragraph at lines 287--287
[][] 
 []


Overfull \hbox (7.6536pt too wide) in paragraph at lines 287--287
[][] 
 []


Overfull \hbox (7.6536pt too wide) in paragraph at lines 287--287
[][] 
 []


Overfull \hbox (7.6536pt too wide) in paragraph at lines 291--291
[][] 
 []


Overfull \hbox (7.6536pt too wide) in paragraph at lines 297--297
[][] 
 []


Underfull \hbox (badness 1552) in paragraph at lines 301--303
\OT1/cmr/m/n/10 Das Mehl hinzuf^^?ugen, gut umr^^?uhren und kurz an-
 []


Overfull \hbox (7.6536pt too wide) in paragraph at lines 303--303
[][] 
 []


Overfull \hbox (7.6536pt too wide) in paragraph at lines 307--307
[][] 
 []


Overfull \hbox (7.6536pt too wide) in paragraph at lines 307--307
[][] 
 []


Overfull \hbox (7.6536pt too wide) in paragraph at lines 307--307
[][] 
 []


Overfull \hbox (7.6536pt too wide) in paragraph at lines 314--314
[][] 
 []


Overfull \hbox (7.6536pt too wide) in paragraph at lines 316--316
[][] 
 []


Overfull \hbox (7.6536pt too wide) in paragraph at lines 320--320
[][] 
 []


Overfull \hbox (7.6536pt too wide) in paragraph at lines 320--320
[][] 
 []


Overfull \hbox (7.6536pt too wide) in paragraph at lines 320--320
[][] 
 []


Overfull \hbox (7.6536pt too wide) in paragraph at lines 324--324
[][] 
 []


Overfull \hbox (7.6536pt too wide) in paragraph at lines 331--331
[][] 
 []

[42]
Overfull \hbox (7.6536pt too wide) in paragraph at lines 335--335
[][] 
 []


Overfull \hbox (7.6536pt too wide) in paragraph at lines 335--335
[][] 
 []


Overfull \hbox (7.6536pt too wide) in paragraph at lines 335--335
[][] 
 []


Overfull \hbox (7.6536pt too wide) in paragraph at lines 342--342
[][] 
 []


Overfull \hbox (7.6536pt too wide) in paragraph at lines 346--346
[][] 
 []


Overfull \hbox (7.6536pt too wide) in paragraph at lines 346--346
[][] 
 []


Overfull \hbox (7.6536pt too wide) in paragraph at lines 346--346
[][] 
 []


Overfull \hbox (7.6536pt too wide) in paragraph at lines 358--358
[][] 
 []


Overfull \hbox (7.6536pt too wide) in paragraph at lines 362--362
[][] 
 []


Overfull \hbox (7.6536pt too wide) in paragraph at lines 362--362
[][] 
 []


Overfull \hbox (7.6536pt too wide) in paragraph at lines 362--362
[][] 
 []


Overfull \hbox (7.6536pt too wide) in paragraph at lines 370--370
[][] 
 []


Overfull \hbox (7.6536pt too wide) in paragraph at lines 374--374
[][] 
 []


Overfull \hbox (7.6536pt too wide) in paragraph at lines 374--374
[][] 
 []


Overfull \hbox (7.6536pt too wide) in paragraph at lines 374--374
[][] 
 []


Overfull \hbox (7.6536pt too wide) in paragraph at lines 383--383
[][] 
 []

[43]
Overfull \hbox (7.6536pt too wide) in paragraph at lines 387--387
[][] 
 []


Overfull \hbox (7.6536pt too wide) in paragraph at lines 387--387
[][] 
 []


Overfull \hbox (7.6536pt too wide) in paragraph at lines 387--387
[][] 
 []


Overfull \hbox (7.6536pt too wide) in paragraph at lines 396--396
[][] 
 []


Overfull \hbox (7.6536pt too wide) in paragraph at lines 400--400
[][] 
 []


Overfull \hbox (7.6536pt too wide) in paragraph at lines 400--400
[][] 
 []


Overfull \hbox (7.6536pt too wide) in paragraph at lines 400--400
[][] 
 []


Overfull \hbox (1.11096pt too wide) in paragraph at lines 401--401
\OT1/cmr/m/n/10 Dose|  
 []


Overfull \hbox (7.6536pt too wide) in paragraph at lines 406--406
[][] 
 []


Overfull \hbox (7.6536pt too wide) in paragraph at lines 411--411
[][] 
 []


Overfull \hbox (7.6536pt too wide) in paragraph at lines 423--423
[][] 
 []


Overfull \hbox (7.6536pt too wide) in paragraph at lines 425--425
[][] 
 []


Overfull \hbox (7.6536pt too wide) in paragraph at lines 429--429
[][] 
 []


Overfull \hbox (7.6536pt too wide) in paragraph at lines 429--429
[][] 
 []


Overfull \hbox (7.6536pt too wide) in paragraph at lines 429--429
[][] 
 []


Overfull \hbox (7.6536pt too wide) in paragraph at lines 433--433
[][] 
 []


Overfull \hbox (7.6536pt too wide) in paragraph at lines 437--437
[][] 
 []


Overfull \hbox (7.6536pt too wide) in paragraph at lines 442--442
[][] 
 []


Underfull \hbox (badness 1533) in paragraph at lines 446--450
\OT1/cmr/m/n/10 Serrano-Paprika fein hacken und mit den restlichen
 []


Underfull \hbox (badness 3179) in paragraph at lines 446--450
\OT1/cmr/m/n/10 dann die Bohnen mit einer kleinen Tasse Wasser
 []


Overfull \hbox (7.6536pt too wide) in paragraph at lines 450--450
[][] 
 []

[44]
Overfull \hbox (7.6536pt too wide) in paragraph at lines 454--454
[][] 
 []


Overfull \hbox (7.6536pt too wide) in paragraph at lines 454--454
[][] 
 []


Overfull \hbox (7.6536pt too wide) in paragraph at lines 454--454
[][] 
 []


Overfull \hbox (7.6536pt too wide) in paragraph at lines 460--460
[][] 
 []


Overfull \hbox (7.6536pt too wide) in paragraph at lines 463--463
[][] 
 []


Overfull \hbox (7.6536pt too wide) in paragraph at lines 468--468
[][] 
 []


Overfull \hbox (7.6536pt too wide) in paragraph at lines 472--472
[][] 
 []


Overfull \hbox (7.6536pt too wide) in paragraph at lines 472--472
[][] 
 []


Overfull \hbox (7.6536pt too wide) in paragraph at lines 472--472
[][] 
 []


Overfull \hbox (7.6536pt too wide) in paragraph at lines 476--476
[][] 
 []


Overfull \hbox (7.6536pt too wide) in paragraph at lines 481--481
[][] 
 []


Overfull \hbox (7.6536pt too wide) in paragraph at lines 486--486
[][] 
 []


Overfull \hbox (7.6536pt too wide) in paragraph at lines 490--490
[][] 
 []


Overfull \hbox (7.6536pt too wide) in paragraph at lines 490--490
[][] 
 []


Overfull \hbox (7.6536pt too wide) in paragraph at lines 490--490
[][] 
 []


Overfull \hbox (7.6536pt too wide) in paragraph at lines 497--497
[][] 
 []


Underfull \hbox (badness 6995) in paragraph at lines 497--499
\OT1/cmr/m/n/10 Die Milch langsam und unter st^^?andigem r^^?uhren
 []


Overfull \hbox (7.6536pt too wide) in paragraph at lines 499--499
[][] 
 []


Overfull \hbox (7.6536pt too wide) in paragraph at lines 503--503
[][] 
 []


Overfull \hbox (7.6536pt too wide) in paragraph at lines 503--503
[][] 
 []


Overfull \hbox (7.6536pt too wide) in paragraph at lines 503--503
[][] 
 []


Overfull \hbox (7.6536pt too wide) in paragraph at lines 509--509
[][] 
 []

[45]
Overfull \hbox (7.6536pt too wide) in paragraph at lines 513--513
[][] 
 []


Overfull \hbox (7.6536pt too wide) in paragraph at lines 520--520
[][] 
 []


Overfull \hbox (7.6536pt too wide) in paragraph at lines 524--524
[][] 
 []


Overfull \hbox (7.6536pt too wide) in paragraph at lines 524--524
[][] 
 []


Overfull \hbox (7.6536pt too wide) in paragraph at lines 524--524
[][] 
 []


Overfull \hbox (7.6536pt too wide) in paragraph at lines 532--532
[][] 
 []


Overfull \hbox (7.6536pt too wide) in paragraph at lines 536--536
[][] 
 []


Overfull \hbox (7.6536pt too wide) in paragraph at lines 536--536
[][] 
 []


Overfull \hbox (7.6536pt too wide) in paragraph at lines 536--536
[][] 
 []


Overfull \hbox (7.6536pt too wide) in paragraph at lines 551--551
[][] 
 []


Overfull \hbox (7.6536pt too wide) in paragraph at lines 555--555
[][] 
 []


Overfull \hbox (7.6536pt too wide) in paragraph at lines 555--555
[][] 
 []


Overfull \hbox (7.6536pt too wide) in paragraph at lines 555--555
[][] 
 []


Overfull \hbox (7.6536pt too wide) in paragraph at lines 561--561
[][] 
 []

[46]
Overfull \hbox (7.6536pt too wide) in paragraph at lines 564--564
[][] 
 []


Overfull \hbox (7.6536pt too wide) in paragraph at lines 567--567
[][] 
 []


Overfull \hbox (7.6536pt too wide) in paragraph at lines 571--571
[][] 
 []


Overfull \hbox (7.6536pt too wide) in paragraph at lines 571--571
[][] 
 []


Overfull \hbox (7.6536pt too wide) in paragraph at lines 571--571
[][] 
 []


Overfull \hbox (7.6536pt too wide) in paragraph at lines 576--576
[][] 
 []


Overfull \hbox (7.6536pt too wide) in paragraph at lines 582--582
[][] 
 []

) [47] [48

]
Chapter 3.

(/Users/johannes/Desktop/Rezeptbuch LATEX/Hauptteil/Rezeptbuch PDF Output/Rezep
tbuch Desserts/Rezeptbuch_Desserts.tex

Package hyperref Warning: Difference (2) between bookmark levels is greater 
(hyperref)                than one, level fixed on input line 4.


Overfull \hbox (7.6536pt too wide) in paragraph at lines 4--4
[] 
 []


Overfull \hbox (7.6536pt too wide) in paragraph at lines 4--4
[][] 
 []


Overfull \hbox (7.6536pt too wide) in paragraph at lines 9--9
[][] 
 []


Overfull \hbox (7.6536pt too wide) in paragraph at lines 17--17
[][] 
 []


Underfull \hbox (badness 6316) in paragraph at lines 18--22
\OT1/cmr/m/n/10 In einer flachen Back-form jew-eils Schichtweise 2
 []


Overfull \hbox (7.6536pt too wide) in paragraph at lines 22--22
[][] 
 []


Overfull \hbox (7.6536pt too wide) in paragraph at lines 26--26
[][] 
 []


Overfull \hbox (7.6536pt too wide) in paragraph at lines 26--26
[][] 
 []


Overfull \hbox (7.6536pt too wide) in paragraph at lines 26--26
[][] 
 []


Overfull \hbox (7.6536pt too wide) in paragraph at lines 31--31
[][] 
 []


Overfull \hbox (0.99178pt too wide) in paragraph at lines 31--31
[][]|\OT1/cmr/m/n/10 Stange|  
 []


Overfull \hbox (7.6536pt too wide) in paragraph at lines 39--39
[][] 
 []


Overfull \hbox (7.6536pt too wide) in paragraph at lines 43--43
[][] 
 []


Overfull \hbox (7.6536pt too wide) in paragraph at lines 43--43
[][] 
 []


Overfull \hbox (7.6536pt too wide) in paragraph at lines 50--50
[][] 
 []

[49]
Overfull \hbox (7.6536pt too wide) in paragraph at lines 55--55
[][] 
 []


Overfull \hbox (7.6536pt too wide) in paragraph at lines 59--59
[][] 
 []


Overfull \hbox (7.6536pt too wide) in paragraph at lines 59--59
[][] 
 []


Overfull \hbox (7.6536pt too wide) in paragraph at lines 59--59
[][] 
 []


Overfull \hbox (7.6536pt too wide) in paragraph at lines 64--64
[][] 
 []


Overfull \hbox (7.6536pt too wide) in paragraph at lines 68--68
[][] 
 []


Overfull \hbox (7.6536pt too wide) in paragraph at lines 68--68
[][] 
 []


Overfull \hbox (7.6536pt too wide) in paragraph at lines 74--74
[][] 
 []


Overfull \hbox (7.6536pt too wide) in paragraph at lines 80--80
[][] 
 []


Overfull \hbox (7.6536pt too wide) in paragraph at lines 84--84
[][] 
 []


Overfull \hbox (7.6536pt too wide) in paragraph at lines 84--84
[][] 
 []


Overfull \hbox (7.6536pt too wide) in paragraph at lines 84--84
[][] 
 []


Overfull \hbox (7.6536pt too wide) in paragraph at lines 89--89
[][] 
 []


Overfull \hbox (7.6536pt too wide) in paragraph at lines 97--97
[][] 
 []


Overfull \hbox (7.6536pt too wide) in paragraph at lines 101--101
[][] 
 []


Overfull \hbox (7.6536pt too wide) in paragraph at lines 101--101
[][] 
 []


Overfull \hbox (7.6536pt too wide) in paragraph at lines 101--101
[][] 
 []


Overfull \hbox (8.63068pt too wide) in paragraph at lines 102--102
[][]|\OT1/cmr/m/n/10 Packung|  
 []


Overfull \hbox (7.6536pt too wide) in paragraph at lines 107--107
[][] 
 []

[50]
Overfull \hbox (7.6536pt too wide) in paragraph at lines 113--113
[][] 
 []


Overfull \hbox (7.6536pt too wide) in paragraph at lines 117--117
[][] 
 []


Overfull \hbox (7.6536pt too wide) in paragraph at lines 121--121
[][] 
 []


Overfull \hbox (7.6536pt too wide) in paragraph at lines 121--121
[][] 
 []


Overfull \hbox (7.6536pt too wide) in paragraph at lines 121--121
[][] 
 []


Overfull \hbox (7.6536pt too wide) in paragraph at lines 129--129
[][] 
 []


Overfull \hbox (7.6536pt too wide) in paragraph at lines 133--133
[][] 
 []


Overfull \hbox (7.6536pt too wide) in paragraph at lines 139--139
[][] 
 []


Overfull \hbox (7.6536pt too wide) in paragraph at lines 143--143
[][] 
 []


Overfull \hbox (7.6536pt too wide) in paragraph at lines 143--143
[][] 
 []


Overfull \hbox (7.6536pt too wide) in paragraph at lines 143--143
[][] 
 []


Overfull \hbox (7.6536pt too wide) in paragraph at lines 148--148
[][] 
 []


Overfull \hbox (7.6536pt too wide) in paragraph at lines 153--153
[][] 
 []


Overfull \hbox (7.6536pt too wide) in paragraph at lines 157--157
[][] 
 []


Overfull \hbox (7.6536pt too wide) in paragraph at lines 157--157
[][] 
 []


Overfull \hbox (7.6536pt too wide) in paragraph at lines 157--157
[][] 
 []


Underfull \hbox (badness 3281) in paragraph at lines 160--162
\OT1/cmr/m/n/10 Eine gro^^Ye Schale ^^?uber einen Topf mit sim-mern-
 []


Overfull \hbox (7.6536pt too wide) in paragraph at lines 163--163
[][] 
 []

[51]
Overfull \hbox (7.6536pt too wide) in paragraph at lines 170--170
[][] 
 []


Overfull \hbox (7.6536pt too wide) in paragraph at lines 174--174
[][] 
 []


Overfull \hbox (7.6536pt too wide) in paragraph at lines 178--178
[][] 
 []


Overfull \hbox (7.6536pt too wide) in paragraph at lines 178--178
[][] 
 []


Overfull \hbox (7.6536pt too wide) in paragraph at lines 178--178
[][] 
 []


Overfull \hbox (7.6536pt too wide) in paragraph at lines 183--183
[][] 
 []


Overfull \hbox (7.6536pt too wide) in paragraph at lines 189--189
[][] 
 []


Overfull \hbox (7.6536pt too wide) in paragraph at lines 192--192
[][] 
 []


Overfull \hbox (7.6536pt too wide) in paragraph at lines 197--197
[][] 
 []


Overfull \hbox (7.6536pt too wide) in paragraph at lines 201--201
[][] 
 []


Overfull \hbox (7.6536pt too wide) in paragraph at lines 201--201
[][] 
 []


Overfull \hbox (7.6536pt too wide) in paragraph at lines 201--201
[][] 
 []


Overfull \hbox (7.6536pt too wide) in paragraph at lines 208--208
[][] 
 []


Overfull \hbox (7.6536pt too wide) in paragraph at lines 212--212
[][] 
 []


Overfull \hbox (7.6536pt too wide) in paragraph at lines 218--218
[][] 
 []

[52]
Overfull \hbox (7.6536pt too wide) in paragraph at lines 222--222
[][] 
 []


Overfull \hbox (7.6536pt too wide) in paragraph at lines 226--226
[][] 
 []

) [53] [54

]
Chapter 4.

(/Users/johannes/Desktop/Rezeptbuch LATEX/Hauptteil/Rezeptbuch PDF Output/Rezep
tbuch Brot/Rezeptbuch_Brot.tex

Package hyperref Warning: Difference (2) between bookmark levels is greater 
(hyperref)                than one, level fixed on input line 4.


Overfull \hbox (7.6536pt too wide) in paragraph at lines 4--4
[] 
 []


Overfull \hbox (7.6536pt too wide) in paragraph at lines 4--4
[][] 
 []


Overfull \hbox (7.6536pt too wide) in paragraph at lines 4--4
[][] 
 []


Overfull \hbox (7.6536pt too wide) in paragraph at lines 10--10
[][] 
 []


Overfull \hbox (7.6536pt too wide) in paragraph at lines 17--17
[][] 
 []


Overfull \hbox (7.6536pt too wide) in paragraph at lines 21--21
[][] 
 []


Overfull \hbox (7.6536pt too wide) in paragraph at lines 23--23
[][] 
 []


Overfull \hbox (7.6536pt too wide) in paragraph at lines 27--27
[][] 
 []


Overfull \hbox (7.6536pt too wide) in paragraph at lines 27--27
[][] 
 []


Overfull \hbox (7.6536pt too wide) in paragraph at lines 27--27
[][] 
 []


Overfull \hbox (7.6536pt too wide) in paragraph at lines 34--34
[][] 
 []


Overfull \hbox (7.6536pt too wide) in paragraph at lines 38--38
[][] 
 []


Overfull \hbox (7.6536pt too wide) in paragraph at lines 40--40
[][] 
 []

[55]
Overfull \hbox (7.6536pt too wide) in paragraph at lines 44--44
[][] 
 []


Overfull \hbox (7.6536pt too wide) in paragraph at lines 44--44
[][] 
 []


Overfull \hbox (7.6536pt too wide) in paragraph at lines 44--44
[][] 
 []


Overfull \hbox (7.6536pt too wide) in paragraph at lines 50--50
[][] 
 []


Overfull \hbox (7.6536pt too wide) in paragraph at lines 56--56
[][] 
 []


Overfull \hbox (7.6536pt too wide) in paragraph at lines 59--59
[][] 
 []


Overfull \hbox (7.6536pt too wide) in paragraph at lines 64--64
[][] 
 []


Overfull \hbox (7.6536pt too wide) in paragraph at lines 68--68
[][] 
 []


Overfull \hbox (7.6536pt too wide) in paragraph at lines 68--68
[][] 
 []


Overfull \hbox (7.6536pt too wide) in paragraph at lines 68--68
[][] 
 []


Overfull \hbox (7.6536pt too wide) in paragraph at lines 74--74
[][] 
 []


Overfull \hbox (7.6536pt too wide) in paragraph at lines 80--80
[][] 
 []


Overfull \hbox (7.6536pt too wide) in paragraph at lines 85--85
[][] 
 []


Overfull \hbox (7.6536pt too wide) in paragraph at lines 89--89
[][] 
 []


Overfull \hbox (7.6536pt too wide) in paragraph at lines 89--89
[][] 
 []


Overfull \hbox (7.6536pt too wide) in paragraph at lines 89--89
[][] 
 []


Overfull \hbox (7.6536pt too wide) in paragraph at lines 94--94
[][] 
 []


Overfull \hbox (7.6536pt too wide) in paragraph at lines 101--101
[][] 
 []


Overfull \hbox (7.6536pt too wide) in paragraph at lines 104--104
[][] 
 []

[56]
Overfull \hbox (7.6536pt too wide) in paragraph at lines 108--108
[][] 
 []


Overfull \hbox (7.6536pt too wide) in paragraph at lines 108--108
[][] 
 []


Overfull \hbox (7.6536pt too wide) in paragraph at lines 108--108
[][] 
 []


Overfull \hbox (7.6536pt too wide) in paragraph at lines 115--115
[][] 
 []


Overfull \hbox (7.6536pt too wide) in paragraph at lines 120--120
[][] 
 []


Overfull \hbox (7.6536pt too wide) in paragraph at lines 124--124
[][] 
 []


Overfull \hbox (7.6536pt too wide) in paragraph at lines 126--126
[][] 
 []


Overfull \hbox (7.6536pt too wide) in paragraph at lines 130--130
[][] 
 []


Overfull \hbox (7.6536pt too wide) in paragraph at lines 130--130
[][] 
 []


Package cuisine Warning: The recipe did not have any steps on input line 132.


Overfull \hbox (7.6536pt too wide) in paragraph at lines 136--136
[][] 
 []


Overfull \hbox (7.6536pt too wide) in paragraph at lines 136--136
[][] 
 []


Overfull \hbox (7.6536pt too wide) in paragraph at lines 136--136
[][] 
 []


Overfull \hbox (7.6536pt too wide) in paragraph at lines 144--144
[][] 
 []


Overfull \hbox (7.6536pt too wide) in paragraph at lines 152--152
[][] 
 []

) [57] [58

]
Chapter 5.

(/Users/johannes/Desktop/Rezeptbuch LATEX/Hauptteil/Rezeptbuch PDF Output/Rezep
tbuch Gewrze/Rezeptbuch_Gewrze.tex

Package hyperref Warning: Difference (2) between bookmark levels is greater 
(hyperref)                than one, level fixed on input line 4.


Overfull \hbox (7.6536pt too wide) in paragraph at lines 4--4
[] 
 []


Overfull \hbox (7.6536pt too wide) in paragraph at lines 4--4
[][] 
 []


Overfull \hbox (7.6536pt too wide) in paragraph at lines 15--15
[][] 
 []


Overfull \hbox (7.6536pt too wide) in paragraph at lines 19--19
[][] 
 []


Overfull \hbox (7.6536pt too wide) in paragraph at lines 19--19
[][] 
 []


Overfull \hbox (7.6536pt too wide) in paragraph at lines 29--29
[][] 
 []


Overfull \hbox (7.6536pt too wide) in paragraph at lines 33--33
[][] 
 []


Overfull \hbox (7.6536pt too wide) in paragraph at lines 33--33
[][] 
 []


Overfull \hbox (7.6536pt too wide) in paragraph at lines 41--41
[][] 
 []


Overfull \hbox (7.6536pt too wide) in paragraph at lines 45--45
[][] 
 []


Overfull \hbox (7.6536pt too wide) in paragraph at lines 45--45
[][] 
 []


Overfull \hbox (7.6536pt too wide) in paragraph at lines 54--54
[][] 
 []

[59]
Overfull \hbox (7.6536pt too wide) in paragraph at lines 58--58
[][] 
 []


Overfull \hbox (7.6536pt too wide) in paragraph at lines 58--58
[][] 
 []


Overfull \hbox (7.6536pt too wide) in paragraph at lines 73--73
[][] 
 []


Overfull \hbox (7.6536pt too wide) in paragraph at lines 77--77
[][] 
 []


Overfull \hbox (7.6536pt too wide) in paragraph at lines 77--77
[][] 
 []


Overfull \hbox (7.6536pt too wide) in paragraph at lines 86--86
[][] 
 []


Overfull \hbox (7.6536pt too wide) in paragraph at lines 90--90
[][] 
 []


Overfull \hbox (7.6536pt too wide) in paragraph at lines 90--90
[][] 
 []


Overfull \hbox (7.6536pt too wide) in paragraph at lines 101--101
[][] 
 []


Overfull \hbox (7.6536pt too wide) in paragraph at lines 105--105
[][] 
 []


Overfull \hbox (7.6536pt too wide) in paragraph at lines 105--105
[][] 
 []


Overfull \hbox (7.6536pt too wide) in paragraph at lines 116--116
[][] 
 []

[60]
Overfull \hbox (7.6536pt too wide) in paragraph at lines 120--120
[][] 
 []


Overfull \hbox (7.6536pt too wide) in paragraph at lines 120--120
[][] 
 []


Overfull \hbox (7.6536pt too wide) in paragraph at lines 132--132
[][] 
 []


Overfull \hbox (7.6536pt too wide) in paragraph at lines 136--136
[][] 
 []


Overfull \hbox (7.6536pt too wide) in paragraph at lines 136--136
[][] 
 []


Overfull \hbox (7.6536pt too wide) in paragraph at lines 147--147
[][] 
 []


Overfull \hbox (7.6536pt too wide) in paragraph at lines 151--151
[][] 
 []


Overfull \hbox (7.6536pt too wide) in paragraph at lines 151--151
[][] 
 []


Overfull \hbox (7.6536pt too wide) in paragraph at lines 159--159
[][] 
 []

) [61] [62

]
Chapter 6.

(/Users/johannes/Desktop/Rezeptbuch LATEX/Hauptteil/Rezeptbuch PDF Output/Rezep
tbuch Tabelle/Rezeptbuch_Tabelle.tex
Overfull \hbox (58.94516pt too wide) in paragraph at lines 6--21
 [][] 
 []

[63]) [64] (./Master.aux)
Package rerunfilecheck Info: File `Master.out' has not changed.
(rerunfilecheck)             Checksum: 37EFF4AB955F402C7535BC1F4085CB33;19607.
 ) 
Here is how much of TeX's memory you used:
 9189 strings out of 478994
 140640 string characters out of 5858183
 649396 words of memory out of 5000000
 26345 multiletter control sequences out of 15000+600000
 405278 words of font info for 33 fonts, out of 8000000 for 9000
 1141 hyphenation exceptions out of 8191
 71i,7n,75p,881b,390s stack positions out of 5000i,500n,10000p,200000b,80000s
{/usr/local/texlive/2021/texmf-dist/fonts/enc/dvips/cm-super/cm-super-ts1.enc
}</usr/local/texlive/2021/texmf-dist/fonts/type1/public/amsfonts/cm/cmbx10.pfb>
</usr/local/texlive/2021/texmf-dist/fonts/type1/public/amsfonts/cm/cmbx12.pfb><
/usr/local/texlive/2021/texmf-dist/fonts/type1/public/amsfonts/cm/cmr10.pfb></u
sr/local/texlive/2021/texmf-dist/fonts/type1/public/amsfonts/cm/cmr17.pfb></usr
/local/texlive/2021/texmf-dist/fonts/type1/public/amsfonts/cm/cmssbx10.pfb></us
r/local/texlive/2021/texmf-dist/fonts/type1/public/amsfonts/cm/cmsy7.pfb></usr/
local/texlive/2021/texmf-dist/fonts/type1/public/cm-super/sfrm1000.pfb>
Output written on Master.pdf (64 pages, 237792 bytes).
PDF statistics:
 1213 PDF objects out of 1440 (max. 8388607)
 1128 compressed objects within 12 object streams
 208 named destinations out of 1000 (max. 500000)
 1137 words of extra memory for PDF output out of 10000 (max. 10000000)

