This is pdfTeX, Version 3.141592653-2.6-1.40.22 (TeX Live 2021) (preloaded format=pdflatex 2021.7.31)  17 OCT 2021 21:10
entering extended mode
 restricted \write18 enabled.
 %&-line parsing enabled.
**Master.tex
(./Master.tex
LaTeX2e <2020-10-01> patch level 4
L3 programming layer <2021-02-18>
(/usr/local/texlive/2021/texmf-dist/tex/latex/base/book.cls
Document Class: book 2020/04/10 v1.4m Standard LaTeX document class
(/usr/local/texlive/2021/texmf-dist/tex/latex/base/bk10.clo
File: bk10.clo 2020/04/10 v1.4m Standard LaTeX file (size option)
)
\c@part=\count179
\c@chapter=\count180
\c@section=\count181
\c@subsection=\count182
\c@subsubsection=\count183
\c@paragraph=\count184
\c@subparagraph=\count185
\c@figure=\count186
\c@table=\count187
\abovecaptionskip=\skip47
\belowcaptionskip=\skip48
\bibindent=\dimen138
)
(/usr/local/texlive/2021/texmf-dist/tex/latex/cuisine/cuisine.sty
Package: cuisine 2014/06/26 v0.7 recipe typesetting

(/usr/local/texlive/2021/texmf-dist/tex/latex/units/nicefrac.sty
Package: nicefrac 1998/08/04 v0.9b Nice fractions
\L@UnitsRaiseDisplaystyle=\skip49
\L@UnitsRaiseTextstyle=\skip50
\L@UnitsRaiseScriptstyle=\skip51

(/usr/local/texlive/2021/texmf-dist/tex/latex/base/ifthen.sty
Package: ifthen 2014/09/29 v1.1c Standard LaTeX ifthen package (DPC)
))
\c@r@cipenumber=\count188
\c@st@pnumber=\count189
\c@ingr@dnumber=\count190
\R@cipeWidth=\skip52
\R@cipeNumberWidth=\skip53
\R@cipeTitleWidth=\skip54
\R@cipeServingsWidth=\skip55
\R@cipeTandSWidth=\skip56
\R@cipeOutdent=\skip57
\R@cipeIngQUSpace=\skip58
\R@cipeIngUISpace=\skip59
\R@cipeTitleVerticalAdjustTop=\skip60
\R@cipeTitleVerticalAdjustBot=\skip61
\R@cipeIngredientWidth=\skip62
\R@cipeQuantityWidth=\skip63
\R@cipeUnitsWidth=\skip64
\R@cipeQandUWidth=\skip65
\R@cipeIandUWidth=\skip66
\R@cipeIQUWidth=\skip67
\R@cipeSingleIngWidth=\skip68
\R@cipeMethodWidth=\skip69
\St@pNumberWidth=\skip70
\R@cipeStepWidth=\skip71
\st@pingrbox=\box47
\st@pingrtmpbox=\box48
\titl@tmpbox=\box49
\st@pIQUbox=\box50
\st@pmethodbox=\box51
)
(/usr/local/texlive/2021/texmf-dist/tex/latex/fancyhdr/fancyhdr.sty
Package: fancyhdr 2021/01/28 v4.0.1 Extensive control of page headers and foote
rs
\f@nch@headwidth=\skip72
\f@nch@O@elh=\skip73
\f@nch@O@erh=\skip74
\f@nch@O@olh=\skip75
\f@nch@O@orh=\skip76
\f@nch@O@elf=\skip77
\f@nch@O@erf=\skip78
\f@nch@O@olf=\skip79
\f@nch@O@orf=\skip80
)
(/usr/local/texlive/2021/texmf-dist/tex/latex/hyperref/hyperref.sty
Package: hyperref 2021-02-27 v7.00k Hypertext links for LaTeX

(/usr/local/texlive/2021/texmf-dist/tex/generic/ltxcmds/ltxcmds.sty
Package: ltxcmds 2020-05-10 v1.25 LaTeX kernel commands for general use (HO)
)
(/usr/local/texlive/2021/texmf-dist/tex/generic/iftex/iftex.sty
Package: iftex 2020/03/06 v1.0d TeX engine tests
)
(/usr/local/texlive/2021/texmf-dist/tex/generic/pdftexcmds/pdftexcmds.sty
Package: pdftexcmds 2020-06-27 v0.33 Utility functions of pdfTeX for LuaTeX (HO
)

(/usr/local/texlive/2021/texmf-dist/tex/generic/infwarerr/infwarerr.sty
Package: infwarerr 2019/12/03 v1.5 Providing info/warning/error messages (HO)
)
Package pdftexcmds Info: \pdf@primitive is available.
Package pdftexcmds Info: \pdf@ifprimitive is available.
Package pdftexcmds Info: \pdfdraftmode found.
)
(/usr/local/texlive/2021/texmf-dist/tex/latex/graphics/keyval.sty
Package: keyval 2014/10/28 v1.15 key=value parser (DPC)
\KV@toks@=\toks15
)
(/usr/local/texlive/2021/texmf-dist/tex/generic/kvsetkeys/kvsetkeys.sty
Package: kvsetkeys 2019/12/15 v1.18 Key value parser (HO)
)
(/usr/local/texlive/2021/texmf-dist/tex/generic/kvdefinekeys/kvdefinekeys.sty
Package: kvdefinekeys 2019-12-19 v1.6 Define keys (HO)
)
(/usr/local/texlive/2021/texmf-dist/tex/generic/pdfescape/pdfescape.sty
Package: pdfescape 2019/12/09 v1.15 Implements pdfTeX's escape features (HO)
)
(/usr/local/texlive/2021/texmf-dist/tex/latex/hycolor/hycolor.sty
Package: hycolor 2020-01-27 v1.10 Color options for hyperref/bookmark (HO)
)
(/usr/local/texlive/2021/texmf-dist/tex/latex/letltxmacro/letltxmacro.sty
Package: letltxmacro 2019/12/03 v1.6 Let assignment for LaTeX macros (HO)
)
(/usr/local/texlive/2021/texmf-dist/tex/latex/auxhook/auxhook.sty
Package: auxhook 2019-12-17 v1.6 Hooks for auxiliary files (HO)
)
(/usr/local/texlive/2021/texmf-dist/tex/latex/kvoptions/kvoptions.sty
Package: kvoptions 2020-10-07 v3.14 Key value format for package options (HO)
)
\@linkdim=\dimen139
\Hy@linkcounter=\count191
\Hy@pagecounter=\count192

(/usr/local/texlive/2021/texmf-dist/tex/latex/hyperref/pd1enc.def
File: pd1enc.def 2021-02-27 v7.00k Hyperref: PDFDocEncoding definition (HO)
Now handling font encoding PD1 ...
... no UTF-8 mapping file for font encoding PD1
)
(/usr/local/texlive/2021/texmf-dist/tex/latex/hyperref/hyperref-langpatches.def
File: hyperref-langpatches.def 2021-02-27 v7.00k Hyperref: patches for babel la
nguages
) (/usr/local/texlive/2021/texmf-dist/tex/generic/intcalc/intcalc.sty
Package: intcalc 2019/12/15 v1.3 Expandable calculations with integers (HO)
)
(/usr/local/texlive/2021/texmf-dist/tex/generic/etexcmds/etexcmds.sty
Package: etexcmds 2019/12/15 v1.7 Avoid name clashes with e-TeX commands (HO)
)
\Hy@SavedSpaceFactor=\count193

(/usr/local/texlive/2021/texmf-dist/tex/latex/hyperref/puenc.def
File: puenc.def 2021-02-27 v7.00k Hyperref: PDF Unicode definition (HO)
Now handling font encoding PU ...
... no UTF-8 mapping file for font encoding PU
)
Package hyperref Info: Hyper figures OFF on input line 4192.
Package hyperref Info: Link nesting OFF on input line 4197.
Package hyperref Info: Hyper index ON on input line 4200.
Package hyperref Info: Plain pages OFF on input line 4207.
Package hyperref Info: Backreferencing OFF on input line 4212.
Package hyperref Info: Implicit mode ON; LaTeX internals redefined.
Package hyperref Info: Bookmarks ON on input line 4445.
\c@Hy@tempcnt=\count194

(/usr/local/texlive/2021/texmf-dist/tex/latex/url/url.sty
\Urlmuskip=\muskip16
Package: url 2013/09/16  ver 3.4  Verb mode for urls, etc.
)
LaTeX Info: Redefining \url on input line 4804.
\XeTeXLinkMargin=\dimen140

(/usr/local/texlive/2021/texmf-dist/tex/generic/bitset/bitset.sty
Package: bitset 2019/12/09 v1.3 Handle bit-vector datatype (HO)

(/usr/local/texlive/2021/texmf-dist/tex/generic/bigintcalc/bigintcalc.sty
Package: bigintcalc 2019/12/15 v1.5 Expandable calculations on big integers (HO
)
))
\Fld@menulength=\count195
\Field@Width=\dimen141
\Fld@charsize=\dimen142
Package hyperref Info: Hyper figures OFF on input line 6075.
Package hyperref Info: Link nesting OFF on input line 6080.
Package hyperref Info: Hyper index ON on input line 6083.
Package hyperref Info: backreferencing OFF on input line 6090.
Package hyperref Info: Link coloring OFF on input line 6095.
Package hyperref Info: Link coloring with OCG OFF on input line 6100.
Package hyperref Info: PDF/A mode OFF on input line 6105.
LaTeX Info: Redefining \ref on input line 6145.
LaTeX Info: Redefining \pageref on input line 6149.

(/usr/local/texlive/2021/texmf-dist/tex/latex/base/atbegshi-ltx.sty
Package: atbegshi-ltx 2020/08/17 v1.0a Emulation of the original atbegshi packa
ge
with kernel methods
)
\Hy@abspage=\count196
\c@Item=\count197
\c@Hfootnote=\count198
)
Package hyperref Info: Driver (autodetected): hpdftex.

(/usr/local/texlive/2021/texmf-dist/tex/latex/hyperref/hpdftex.def
File: hpdftex.def 2021-02-27 v7.00k Hyperref driver for pdfTeX

(/usr/local/texlive/2021/texmf-dist/tex/latex/base/atveryend-ltx.sty
Package: atveryend-ltx 2020/08/19 v1.0a Emulation of the original atvery packag
e
with kernel methods
)
\Fld@listcount=\count199
\c@bookmark@seq@number=\count266

(/usr/local/texlive/2021/texmf-dist/tex/latex/rerunfilecheck/rerunfilecheck.sty
Package: rerunfilecheck 2019/12/05 v1.9 Rerun checks for auxiliary files (HO)

(/usr/local/texlive/2021/texmf-dist/tex/generic/uniquecounter/uniquecounter.sty
Package: uniquecounter 2019/12/15 v1.4 Provide unlimited unique counter (HO)
)
Package uniquecounter Info: New unique counter `rerunfilecheck' on input line 2
86.
)
\Hy@SectionHShift=\skip81
) (/usr/local/texlive/2021/texmf-dist/tex/latex/titlesec/titlesec.sty
Package: titlesec 2019/10/16 v2.13 Sectioning titles
\ttl@box=\box52
\beforetitleunit=\skip82
\aftertitleunit=\skip83
\ttl@plus=\dimen143
\ttl@minus=\dimen144
\ttl@toksa=\toks16
\titlewidth=\dimen145
\titlewidthlast=\dimen146
\titlewidthfirst=\dimen147
)
(/usr/local/texlive/2021/texmf-dist/tex/latex/lipsum/lipsum.sty
(/usr/local/texlive/2021/texmf-dist/tex/latex/l3kernel/expl3.sty
Package: expl3 2021-02-18 L3 programming layer (loader) 

(/usr/local/texlive/2021/texmf-dist/tex/latex/l3backend/l3backend-pdftex.def
File: l3backend-pdftex.def 2021-03-18 L3 backend support: PDF output (pdfTeX)
\l__color_backend_stack_int=\count267
\l__pdf_internal_box=\box53
))
(/usr/local/texlive/2021/texmf-dist/tex/latex/l3packages/xparse/xparse.sty
(/usr/local/texlive/2021/texmf-dist/tex/latex/l3packages/xparse/xparse-2020-10-
01.sty
(/usr/local/texlive/2021/texmf-dist/tex/latex/l3packages/xparse/xparse-generic.
tex)))
Package: lipsum 2021-03-03 v2.3 150 paragraphs of Lorem Ipsum dummy text
 (/usr/local/texlive/2021/texmf-dist/tex/latex/lipsum/lipsum.ltd.tex
File: lipsum.ltd.tex 2021-03-03 v2.3 The Lorem ipsum dummy text
))
Package hyperref Info: Option `colorlinks' set `true' on input line 7.

(/usr/local/texlive/2021/texmf-dist/tex/latex/geometry/geometry.sty
Package: geometry 2020/01/02 v5.9 Page Geometry

(/usr/local/texlive/2021/texmf-dist/tex/generic/iftex/ifvtex.sty
Package: ifvtex 2019/10/25 v1.7 ifvtex legacy package. Use iftex instead.
)
\Gm@cnth=\count268
\Gm@cntv=\count269
\c@Gm@tempcnt=\count270
\Gm@bindingoffset=\dimen148
\Gm@wd@mp=\dimen149
\Gm@odd@mp=\dimen150
\Gm@even@mp=\dimen151
\Gm@layoutwidth=\dimen152
\Gm@layoutheight=\dimen153
\Gm@layouthoffset=\dimen154
\Gm@layoutvoffset=\dimen155
\Gm@dimlist=\toks17
)
(./Master.aux)
\openout1 = `Master.aux'.

LaTeX Font Info:    Checking defaults for OML/cmm/m/it on input line 17.
LaTeX Font Info:    ... okay on input line 17.
LaTeX Font Info:    Checking defaults for OMS/cmsy/m/n on input line 17.
LaTeX Font Info:    ... okay on input line 17.
LaTeX Font Info:    Checking defaults for OT1/cmr/m/n on input line 17.
LaTeX Font Info:    ... okay on input line 17.
LaTeX Font Info:    Checking defaults for T1/cmr/m/n on input line 17.
LaTeX Font Info:    ... okay on input line 17.
LaTeX Font Info:    Checking defaults for TS1/cmr/m/n on input line 17.
LaTeX Font Info:    ... okay on input line 17.
LaTeX Font Info:    Checking defaults for OMX/cmex/m/n on input line 17.
LaTeX Font Info:    ... okay on input line 17.
LaTeX Font Info:    Checking defaults for U/cmr/m/n on input line 17.
LaTeX Font Info:    ... okay on input line 17.
LaTeX Font Info:    Checking defaults for PD1/pdf/m/n on input line 17.
LaTeX Font Info:    ... okay on input line 17.
LaTeX Font Info:    Checking defaults for PU/pdf/m/n on input line 17.
LaTeX Font Info:    ... okay on input line 17.
 (/usr/local/texlive/2021/texmf-dist/tex/latex/graphics/color.sty
Package: color 2020/02/24 v1.2b Standard LaTeX Color (DPC)
(/usr/local/texlive/2021/texmf-dist/tex/latex/graphics-cfg/color.cfg
File: color.cfg 2016/01/02 v1.6 sample color configuration
)
Package color Info: Driver file: pdftex.def on input line 147.

(/usr/local/texlive/2021/texmf-dist/tex/latex/graphics-def/pdftex.def
File: pdftex.def 2020/10/05 v1.2a Graphics/color driver for pdftex

(/usr/local/texlive/2021/texmf-dist/tex/context/base/mkii/supp-pdf.mkii
[Loading MPS to PDF converter (version 2006.09.02).]
\scratchcounter=\count271
\scratchdimen=\dimen156
\scratchbox=\box54
\nofMPsegments=\count272
\nofMParguments=\count273
\everyMPshowfont=\toks18
\MPscratchCnt=\count274
\MPscratchDim=\dimen157
\MPnumerator=\count275
\makeMPintoPDFobject=\count276
\everyMPtoPDFconversion=\toks19
)))
Package hyperref Info: Link coloring ON on input line 17.
 (/usr/local/texlive/2021/texmf-dist/tex/latex/hyperref/nameref.sty
Package: nameref 2021-04-02 v2.47 Cross-referencing by name of section

(/usr/local/texlive/2021/texmf-dist/tex/latex/refcount/refcount.sty
Package: refcount 2019/12/15 v3.6 Data extraction from label references (HO)
)
(/usr/local/texlive/2021/texmf-dist/tex/generic/gettitlestring/gettitlestring.s
ty
Package: gettitlestring 2019/12/15 v1.6 Cleanup title references (HO)
)
\c@section@level=\count277
)
LaTeX Info: Redefining \ref on input line 17.
LaTeX Info: Redefining \pageref on input line 17.
LaTeX Info: Redefining \nameref on input line 17.
 (./Master.out) (./Master.out)
\@outlinefile=\write3
\openout3 = `Master.out'.


*geometry* driver: auto-detecting
*geometry* detected driver: pdftex
*geometry* verbose mode - [ preamble ] result:
* driver: pdftex
* paper: <default>
* layout: <same size as paper>
* layoutoffset:(h,v)=(0.0pt,0.0pt)
* modes: twoside 
* h-part:(L,W,R)=(86.72377pt, 440.84746pt, 86.72377pt)
* v-part:(T,H,B)=(86.72377pt, 621.52245pt, 86.72377pt)
* \paperwidth=614.295pt
* \paperheight=794.96999pt
* \textwidth=440.84746pt
* \textheight=621.52245pt
* \oddsidemargin=14.45378pt
* \evensidemargin=14.45378pt
* \topmargin=-15.61371pt
* \headheight=12.0pt
* \headsep=18.06749pt
* \topskip=10.0pt
* \footskip=25.29494pt
* \marginparwidth=125.0pt
* \marginparsep=7.0pt
* \columnsep=10.0pt
* \skip\footins=9.0pt plus 4.0pt minus 2.0pt
* \hoffset=0.0pt
* \voffset=0.0pt
* \mag=1000
* \@twocolumnfalse
* \@twosidetrue
* \@mparswitchtrue
* \@reversemarginfalse
* (1in=72.27pt=25.4mm, 1cm=28.453pt)

(./Master.toc
LaTeX Font Info:    External font `cmex10' loaded for size
(Font)              <7> on input line 2.
LaTeX Font Info:    External font `cmex10' loaded for size
(Font)              <5> on input line 2.
 [1


{/usr/local/texlive/2021/texmf-var/fonts/map/pdftex/updmap/pdftex.map}] [2])
\tf@toc=\write4
\openout4 = `Master.toc'.

 [3] [4

]
Chapter 1.
(./Rezeptbuch Main/Rezeptbuch_Main.tex

Package hyperref Warning: Difference (2) between bookmark levels is greater 
(hyperref)                than one, level fixed on input line 4.


Overfull \hbox (7.6536pt too wide) in paragraph at lines 4--4
[] 
 []


Overfull \hbox (7.6536pt too wide) in paragraph at lines 4--4
[][] 
 []


Overfull \hbox (7.6536pt too wide) in paragraph at lines 4--4
[][] 
 []


Overfull \hbox (0.74176pt too wide) in paragraph at lines 6--6
[][]|\OT1/cmr/m/n/10 kleiner|  
 []


Overfull \hbox (7.6536pt too wide) in paragraph at lines 9--9
[][] 
 []


Overfull \hbox (7.6536pt too wide) in paragraph at lines 12--12
[][] 
 []


Overfull \hbox (7.6536pt too wide) in paragraph at lines 18--18
[][] 
 []


Overfull \hbox (7.6536pt too wide) in paragraph at lines 22--22
[][] 
 []


Overfull \hbox (7.6536pt too wide) in paragraph at lines 22--22
[][] 
 []


Overfull \hbox (7.6536pt too wide) in paragraph at lines 22--22
[][] 
 []


Overfull \hbox (7.6536pt too wide) in paragraph at lines 30--30
[][] 
 []


Overfull \hbox (7.6536pt too wide) in paragraph at lines 35--35
[][] 
 []


Overfull \hbox (9.88066pt too wide) in paragraph at lines 35--35
[][]|\OT1/cmr/m/n/10 Scheiben|  
 []


Overfull \hbox (7.6536pt too wide) in paragraph at lines 38--38
[][] 
 []


Overfull \hbox (7.6536pt too wide) in paragraph at lines 41--41
[][] 
 []

[5]
Overfull \hbox (7.6536pt too wide) in paragraph at lines 48--48
[][] 
 []


Overfull \hbox (7.6536pt too wide) in paragraph at lines 52--52
[][] 
 []


Overfull \hbox (7.6536pt too wide) in paragraph at lines 52--52
[][] 
 []


Overfull \hbox (7.6536pt too wide) in paragraph at lines 52--52
[][] 
 []


Overfull \hbox (7.6536pt too wide) in paragraph at lines 60--60
[][] 
 []


Overfull \hbox (7.6536pt too wide) in paragraph at lines 66--66
[][] 
 []


Overfull \hbox (7.6536pt too wide) in paragraph at lines 71--71
[][] 
 []


Overfull \hbox (7.6536pt too wide) in paragraph at lines 74--74
[][] 
 []


Overfull \hbox (7.6536pt too wide) in paragraph at lines 78--78
[][] 
 []


Overfull \hbox (7.6536pt too wide) in paragraph at lines 78--78
[][] 
 []


Overfull \hbox (7.6536pt too wide) in paragraph at lines 78--78
[][] 
 []


Overfull \hbox (7.6536pt too wide) in paragraph at lines 86--86
[][] 
 []


Overfull \hbox (7.6536pt too wide) in paragraph at lines 90--90
[][] 
 []


Overfull \hbox (7.6536pt too wide) in paragraph at lines 100--100
[][] 
 []


Overfull \hbox (7.6536pt too wide) in paragraph at lines 104--104
[][] 
 []


Overfull \hbox (7.6536pt too wide) in paragraph at lines 104--104
[][] 
 []


Overfull \hbox (7.6536pt too wide) in paragraph at lines 104--104
[][] 
 []


Overfull \hbox (0.74176pt too wide) in paragraph at lines 105--105
[][]|\OT1/cmr/m/n/10 kleiner|  
 []


Overfull \hbox (7.6536pt too wide) in paragraph at lines 108--108
[][] 
 []

[6]
Overfull \hbox (7.6536pt too wide) in paragraph at lines 112--112
[][] 
 []


Overfull \hbox (7.6536pt too wide) in paragraph at lines 121--121
[][] 
 []


Overfull \hbox (7.6536pt too wide) in paragraph at lines 125--125
[][] 
 []


Overfull \hbox (7.6536pt too wide) in paragraph at lines 125--125
[][] 
 []


Overfull \hbox (7.6536pt too wide) in paragraph at lines 125--125
[][] 
 []


Overfull \hbox (7.6536pt too wide) in paragraph at lines 134--134
[][] 
 []


Overfull \hbox (7.6536pt too wide) in paragraph at lines 137--137
[][] 
 []


Overfull \hbox (7.6536pt too wide) in paragraph at lines 148--148
[][] 
 []


Overfull \hbox (7.6536pt too wide) in paragraph at lines 156--156
[][] 
 []


Overfull \hbox (7.6536pt too wide) in paragraph at lines 160--160
[][] 
 []


Overfull \hbox (7.6536pt too wide) in paragraph at lines 160--160
[][] 
 []


Overfull \hbox (7.6536pt too wide) in paragraph at lines 160--160
[][] 
 []


Overfull \hbox (7.6536pt too wide) in paragraph at lines 169--169
[][] 
 []

[7]
Overfull \hbox (7.6536pt too wide) in paragraph at lines 173--173
[][] 
 []


Overfull \hbox (7.6536pt too wide) in paragraph at lines 179--179
[][] 
 []


Overfull \hbox (7.6536pt too wide) in paragraph at lines 183--183
[][] 
 []


Overfull \hbox (7.6536pt too wide) in paragraph at lines 183--183
[][] 
 []


Overfull \hbox (7.6536pt too wide) in paragraph at lines 183--183
[][] 
 []


Overfull \hbox (7.6536pt too wide) in paragraph at lines 187--187
[][] 
 []


Overfull \hbox (7.6536pt too wide) in paragraph at lines 193--193
[][] 
 []


Overfull \hbox (7.6536pt too wide) in paragraph at lines 197--197
[][] 
 []


Overfull \hbox (7.6536pt too wide) in paragraph at lines 200--200
[][] 
 []


Overfull \hbox (7.6536pt too wide) in paragraph at lines 205--205
[][] 
 []


Overfull \hbox (7.6536pt too wide) in paragraph at lines 208--208
[][] 
 []


Overfull \hbox (7.6536pt too wide) in paragraph at lines 212--212
[][] 
 []


Overfull \hbox (7.6536pt too wide) in paragraph at lines 212--212
[][] 
 []


Overfull \hbox (7.6536pt too wide) in paragraph at lines 212--212
[][] 
 []


Underfull \hbox (badness 10000) in paragraph at lines 223--225
\OT1/cmr/m/n/10 H^^?uhnerfleisch mit Son-nen-blu-men^^?ol,Salz, Pf-ef-fer,
 []


Underfull \hbox (badness 1789) in paragraph at lines 223--225
\OT1/cmr/m/n/10 Kurkuka, Garam Masala, Kreuzk^^?ummel, Ko-rian-der-
 []


Overfull \hbox (7.6536pt too wide) in paragraph at lines 226--226
[][] 
 []


Underfull \hbox (badness 1776) in paragraph at lines 229--231
\OT1/cmr/m/n/10 To-maten-mark hinzuf^^?ugen und karamel-lisieren lassen.
 []


Underfull \vbox (badness 10000) has occurred while \output is active []

 [8]
Overfull \hbox (7.6536pt too wide) in paragraph at lines 232--232
[][] 
 []


Underfull \hbox (badness 1596) in paragraph at lines 235--239
\OT1/cmr/m/n/10 H^^?ahnchen klein-schnei-den. Chilil-flocken und Fleisch
 []


Overfull \hbox (7.6536pt too wide) in paragraph at lines 239--239
[][] 
 []


Overfull \hbox (7.6536pt too wide) in paragraph at lines 243--243
[][] 
 []


Overfull \hbox (7.6536pt too wide) in paragraph at lines 243--243
[][] 
 []


Overfull \hbox (7.6536pt too wide) in paragraph at lines 243--243
[][] 
 []


Overfull \hbox (7.6536pt too wide) in paragraph at lines 247--247
[][] 
 []


Overfull \hbox (7.6536pt too wide) in paragraph at lines 256--256
[][] 
 []


Overfull \hbox (7.6536pt too wide) in paragraph at lines 265--265
[][] 
 []


Overfull \hbox (7.6536pt too wide) in paragraph at lines 272--272
[][] 
 []


Underfull \vbox (badness 4454) has occurred while \output is active []

 [9]
Overfull \hbox (7.6536pt too wide) in paragraph at lines 278--278
[][] 
 []


Overfull \hbox (7.6536pt too wide) in paragraph at lines 282--282
[][] 
 []


Overfull \hbox (7.6536pt too wide) in paragraph at lines 282--282
[][] 
 []


Overfull \hbox (7.6536pt too wide) in paragraph at lines 282--282
[][] 
 []


Underfull \hbox (badness 2261) in paragraph at lines 286--289
\OT1/cmr/m/n/10 ent-fer-nen, 750ml hei^^Ye H^^?uhnerbr^^?uhe zu den Chilis
 []


Overfull \hbox (7.6536pt too wide) in paragraph at lines 290--290
[][] 
 []


Overfull \hbox (7.6536pt too wide) in paragraph at lines 295--295
[][] 
 []


Overfull \hbox (7.6536pt too wide) in paragraph at lines 304--304
[][] 
 []


Overfull \hbox (7.6536pt too wide) in paragraph at lines 308--308
[][] 
 []


Overfull \hbox (7.6536pt too wide) in paragraph at lines 308--308
[][] 
 []


Overfull \hbox (7.6536pt too wide) in paragraph at lines 308--308
[][] 
 []


Overfull \hbox (7.6536pt too wide) in paragraph at lines 314--314
[][] 
 []


Overfull \hbox (7.6536pt too wide) in paragraph at lines 329--329
[][] 
 []


Underfull \vbox (badness 6252) has occurred while \output is active []

 [10]
Overfull \hbox (7.6536pt too wide) in paragraph at lines 333--333
[][] 
 []


Overfull \hbox (7.6536pt too wide) in paragraph at lines 333--333
[][] 
 []


Overfull \hbox (7.6536pt too wide) in paragraph at lines 333--333
[][] 
 []


Underfull \hbox (badness 1661) in paragraph at lines 339--342
\OT1/cmr/m/n/10 Pfanne d^^?unn mit But-ter be-stre-ichen und den Teig
 []


Overfull \hbox (7.6536pt too wide) in paragraph at lines 342--342
[][] 
 []


Overfull \hbox (7.6536pt too wide) in paragraph at lines 346--346
[][] 
 []


Overfull \hbox (7.6536pt too wide) in paragraph at lines 346--346
[][] 
 []


Overfull \hbox (7.6536pt too wide) in paragraph at lines 346--346
[][] 
 []


Overfull \hbox (7.6536pt too wide) in paragraph at lines 359--359
[][] 
 []


Overfull \hbox (7.6536pt too wide) in paragraph at lines 363--363
[][] 
 []


Overfull \hbox (7.6536pt too wide) in paragraph at lines 371--371
[][] 
 []


Overfull \hbox (7.6536pt too wide) in paragraph at lines 374--374
[][] 
 []

[11]
Overfull \hbox (7.6536pt too wide) in paragraph at lines 378--378
[][] 
 []


Overfull \hbox (7.6536pt too wide) in paragraph at lines 378--378
[][] 
 []


Overfull \hbox (7.6536pt too wide) in paragraph at lines 378--378
[][] 
 []


Overfull \hbox (7.6536pt too wide) in paragraph at lines 387--387
[][] 
 []


Overfull \hbox (9.88066pt too wide) in paragraph at lines 387--387
[][]|\OT1/cmr/m/n/10 Scheiben|  
 []


Overfull \hbox (7.6536pt too wide) in paragraph at lines 392--392
[][] 
 []


Overfull \hbox (7.6536pt too wide) in paragraph at lines 396--396
[][] 
 []


Overfull \hbox (7.6536pt too wide) in paragraph at lines 396--396
[][] 
 []


Overfull \hbox (7.6536pt too wide) in paragraph at lines 396--396
[][] 
 []


Overfull \hbox (7.6536pt too wide) in paragraph at lines 402--402
[][] 
 []


Overfull \hbox (7.6536pt too wide) in paragraph at lines 412--412
[][] 
 []


Overfull \hbox (7.6536pt too wide) in paragraph at lines 416--416
[][] 
 []


Overfull \hbox (7.6536pt too wide) in paragraph at lines 419--419
[][] 
 []


Overfull \hbox (7.6536pt too wide) in paragraph at lines 422--422
[][] 
 []


Overfull \hbox (7.6536pt too wide) in paragraph at lines 427--427
[][] 
 []


Overfull \hbox (7.6536pt too wide) in paragraph at lines 430--430
[][] 
 []

[12]
Overfull \hbox (7.6536pt too wide) in paragraph at lines 434--434
[][] 
 []


Overfull \hbox (7.6536pt too wide) in paragraph at lines 434--434
[][] 
 []


Overfull \hbox (7.6536pt too wide) in paragraph at lines 434--434
[][] 
 []


Overfull \hbox (7.6536pt too wide) in paragraph at lines 441--441
[][] 
 []


Overfull \hbox (7.6536pt too wide) in paragraph at lines 450--450
[][] 
 []


Overfull \hbox (7.6536pt too wide) in paragraph at lines 459--459
[][] 
 []


Overfull \hbox (7.6536pt too wide) in paragraph at lines 463--463
[][] 
 []


Overfull \hbox (7.6536pt too wide) in paragraph at lines 463--463
[][] 
 []


Overfull \hbox (7.6536pt too wide) in paragraph at lines 463--463
[][] 
 []


Overfull \hbox (7.6536pt too wide) in paragraph at lines 468--468
[][] 
 []


Overfull \hbox (7.6536pt too wide) in paragraph at lines 472--472
[][] 
 []


Overfull \hbox (7.6536pt too wide) in paragraph at lines 476--476
[][] 
 []


Overfull \hbox (7.6536pt too wide) in paragraph at lines 480--480
[][] 
 []


Overfull \hbox (7.6536pt too wide) in paragraph at lines 486--486
[][] 
 []


Overfull \hbox (7.6536pt too wide) in paragraph at lines 490--490
[][] 
 []


Overfull \hbox (7.6536pt too wide) in paragraph at lines 490--490
[][] 
 []


Overfull \hbox (7.6536pt too wide) in paragraph at lines 490--490
[][] 
 []


Overfull \hbox (7.6536pt too wide) in paragraph at lines 507--507
[][] 
 []

[13]
Overfull \hbox (7.6536pt too wide) in paragraph at lines 511--511
[][] 
 []


Overfull \hbox (7.6536pt too wide) in paragraph at lines 511--511
[][] 
 []


Overfull \hbox (7.6536pt too wide) in paragraph at lines 511--511
[][] 
 []


Overfull \hbox (7.6536pt too wide) in paragraph at lines 516--516
[][] 
 []


Overfull \hbox (7.6536pt too wide) in paragraph at lines 522--522
[][] 
 []


Overfull \hbox (7.6536pt too wide) in paragraph at lines 527--527
[][] 
 []


Overfull \hbox (7.6536pt too wide) in paragraph at lines 531--531
[][] 
 []


Overfull \hbox (7.6536pt too wide) in paragraph at lines 531--531
[][] 
 []


Overfull \hbox (7.6536pt too wide) in paragraph at lines 531--531
[][] 
 []


Underfull \hbox (badness 6641) in paragraph at lines 541--544
\OT1/cmr/m/n/10 Die Schalotte und den Lachs grob hacken, die
 []


Overfull \hbox (7.6536pt too wide) in paragraph at lines 544--544
[][] 
 []


Overfull \hbox (7.6536pt too wide) in paragraph at lines 548--548
[][] 
 []


Overfull \hbox (7.6536pt too wide) in paragraph at lines 548--548
[][] 
 []


Overfull \hbox (7.6536pt too wide) in paragraph at lines 548--548
[][] 
 []


Overfull \hbox (7.6536pt too wide) in paragraph at lines 557--557
[][] 
 []

[14]
Overfull \hbox (7.6536pt too wide) in paragraph at lines 568--568
[][] 
 []


Overfull \hbox (7.6536pt too wide) in paragraph at lines 573--573
[][] 
 []


Overfull \hbox (7.6536pt too wide) in paragraph at lines 577--577
[][] 
 []


Overfull \hbox (7.6536pt too wide) in paragraph at lines 577--577
[][] 
 []


Overfull \hbox (7.6536pt too wide) in paragraph at lines 577--577
[][] 
 []


Overfull \hbox (0.74176pt too wide) in paragraph at lines 578--578
[][]|\OT1/cmr/m/n/10 kleiner|  
 []


Overfull \hbox (7.6536pt too wide) in paragraph at lines 582--582
[][] 
 []


Overfull \hbox (7.6536pt too wide) in paragraph at lines 588--588
[][] 
 []


Overfull \hbox (7.6536pt too wide) in paragraph at lines 593--593
[][] 
 []


Overfull \hbox (7.6536pt too wide) in paragraph at lines 597--597
[][] 
 []


Overfull \hbox (7.6536pt too wide) in paragraph at lines 597--597
[][] 
 []


Overfull \hbox (7.6536pt too wide) in paragraph at lines 597--597
[][] 
 []


Overfull \hbox (7.6536pt too wide) in paragraph at lines 603--603
[][] 
 []

[15]
Overfull \hbox (7.6536pt too wide) in paragraph at lines 611--611
[][] 
 []


Overfull \hbox (7.6536pt too wide) in paragraph at lines 615--615
[][] 
 []


Overfull \hbox (7.6536pt too wide) in paragraph at lines 615--615
[][] 
 []


Overfull \hbox (7.6536pt too wide) in paragraph at lines 615--615
[][] 
 []


Overfull \hbox (7.6536pt too wide) in paragraph at lines 621--621
[][] 
 []


Overfull \hbox (7.6536pt too wide) in paragraph at lines 629--629
[][] 
 []


Overfull \hbox (7.6536pt too wide) in paragraph at lines 634--634
[][] 
 []


Overfull \hbox (7.6536pt too wide) in paragraph at lines 638--638
[][] 
 []


Overfull \hbox (7.6536pt too wide) in paragraph at lines 638--638
[][] 
 []


Overfull \hbox (7.6536pt too wide) in paragraph at lines 638--638
[][] 
 []


Overfull \hbox (7.6536pt too wide) in paragraph at lines 643--643
[][] 
 []


Overfull \hbox (7.6536pt too wide) in paragraph at lines 650--650
[][] 
 []


Overfull \hbox (7.6536pt too wide) in paragraph at lines 654--654
[][] 
 []


Overfull \hbox (7.6536pt too wide) in paragraph at lines 658--658
[][] 
 []


Overfull \hbox (7.6536pt too wide) in paragraph at lines 658--658
[][] 
 []


Overfull \hbox (7.6536pt too wide) in paragraph at lines 658--658
[][] 
 []


Overfull \hbox (7.6536pt too wide) in paragraph at lines 665--665
[][] 
 []

[16]
Overfull \hbox (7.6536pt too wide) in paragraph at lines 669--669
[][] 
 []


Overfull \hbox (7.6536pt too wide) in paragraph at lines 673--673
[][] 
 []


Overfull \hbox (1.1584pt too wide) in paragraph at lines 674--674
[][]|\OT1/cmr/m/n/10 Becher|  
 []


Overfull \hbox (7.6536pt too wide) in paragraph at lines 676--676
[][] 
 []


Overfull \hbox (7.6536pt too wide) in paragraph at lines 680--680
[][] 
 []


Overfull \hbox (7.6536pt too wide) in paragraph at lines 680--680
[][] 
 []


Overfull \hbox (7.6536pt too wide) in paragraph at lines 680--680
[][] 
 []


Overfull \hbox (7.6536pt too wide) in paragraph at lines 684--684
[][] 
 []


Overfull \hbox (7.6536pt too wide) in paragraph at lines 695--695
[][] 
 []


Overfull \hbox (7.6536pt too wide) in paragraph at lines 697--697
[][] 
 []


Overfull \hbox (7.6536pt too wide) in paragraph at lines 701--701
[][] 
 []


Overfull \hbox (7.6536pt too wide) in paragraph at lines 701--701
[][] 
 []


Overfull \hbox (7.6536pt too wide) in paragraph at lines 701--701
[][] 
 []


Overfull \hbox (7.6536pt too wide) in paragraph at lines 706--706
[][] 
 []


Underfull \hbox (badness 1783) in paragraph at lines 708--710
\OT1/cmr/m/n/10 hinzuf^^?ugen und an-schmoren bis die Zwiebeln le-icht
 []


Overfull \hbox (7.6536pt too wide) in paragraph at lines 711--711
[][] 
 []


Overfull \hbox (7.6536pt too wide) in paragraph at lines 719--719
[][] 
 []


Underfull \vbox (badness 3417) has occurred while \output is active []

 [17]
Overfull \hbox (7.6536pt too wide) in paragraph at lines 726--726
[][] 
 []


Overfull \hbox (7.6536pt too wide) in paragraph at lines 729--729
[][] 
 []


Overfull \hbox (7.6536pt too wide) in paragraph at lines 733--733
[][] 
 []


Overfull \hbox (7.6536pt too wide) in paragraph at lines 733--733
[][] 
 []


Overfull \hbox (7.6536pt too wide) in paragraph at lines 733--733
[][] 
 []


Overfull \hbox (7.6536pt too wide) in paragraph at lines 738--738
[][] 
 []


Overfull \hbox (7.6536pt too wide) in paragraph at lines 746--746
[][] 
 []


Overfull \hbox (9.88066pt too wide) in paragraph at lines 750--750
[][]|\OT1/cmr/m/n/10 Scheiben|  
 []


Overfull \hbox (7.6536pt too wide) in paragraph at lines 752--752
[][] 
 []


Overfull \hbox (7.6536pt too wide) in paragraph at lines 756--756
[][] 
 []


Overfull \hbox (7.6536pt too wide) in paragraph at lines 756--756
[][] 
 []


Overfull \hbox (7.6536pt too wide) in paragraph at lines 756--756
[][] 
 []


Underfull \hbox (badness 4084) in paragraph at lines 761--763
\OT1/cmr/m/n/10 Aus dem Rinder-hack kleine B^^?allchen for-men, die
 []


Overfull \hbox (7.6536pt too wide) in paragraph at lines 764--764
[][] 
 []


Overfull \hbox (7.6536pt too wide) in paragraph at lines 772--772
[][] 
 []


Overfull \hbox (7.6536pt too wide) in paragraph at lines 776--776
[][] 
 []

[18]
Overfull \hbox (7.6536pt too wide) in paragraph at lines 780--780
[][] 
 []


Overfull \hbox (7.6536pt too wide) in paragraph at lines 780--780
[][] 
 []


Overfull \hbox (7.6536pt too wide) in paragraph at lines 780--780
[][] 
 []


Overfull \hbox (7.6536pt too wide) in paragraph at lines 787--787
[][] 
 []


Overfull \hbox (12.6585pt too wide) in paragraph at lines 789--789
|\OT1/cmr/m/n/10 Optional: 
 []


Overfull \hbox (7.6536pt too wide) in paragraph at lines 793--793
[][] 
 []


Overfull \hbox (7.6536pt too wide) in paragraph at lines 797--797
[][] 
 []


Overfull \hbox (7.6536pt too wide) in paragraph at lines 797--797
[][] 
 []


Overfull \hbox (7.6536pt too wide) in paragraph at lines 810--810
[][] 
 []


Overfull \hbox (7.6536pt too wide) in paragraph at lines 814--814
[][] 
 []


Overfull \hbox (7.6536pt too wide) in paragraph at lines 814--814
[][] 
 []


Overfull \hbox (7.6536pt too wide) in paragraph at lines 814--814
[][] 
 []


Overfull \hbox (7.6536pt too wide) in paragraph at lines 821--821
[][] 
 []


Overfull \hbox (7.6536pt too wide) in paragraph at lines 824--824
[][] 
 []


Overfull \hbox (7.6536pt too wide) in paragraph at lines 828--828
[][] 
 []


Overfull \hbox (7.6536pt too wide) in paragraph at lines 832--832
[][] 
 []


Overfull \hbox (7.6536pt too wide) in paragraph at lines 832--832
[][] 
 []


Overfull \hbox (7.6536pt too wide) in paragraph at lines 832--832
[][] 
 []


Overfull \hbox (7.6536pt too wide) in paragraph at lines 836--836
[][] 
 []


Overfull \hbox (7.6536pt too wide) in paragraph at lines 843--843
[][] 
 []

[19]
Overfull \hbox (7.6536pt too wide) in paragraph at lines 852--852
[][] 
 []


Overfull \hbox (7.6536pt too wide) in paragraph at lines 855--855
[][] 
 []


Overfull \hbox (7.6536pt too wide) in paragraph at lines 857--857
[][] 
 []


Overfull \hbox (7.6536pt too wide) in paragraph at lines 861--861
[][] 
 []


Overfull \hbox (7.6536pt too wide) in paragraph at lines 861--861
[][] 
 []


Overfull \hbox (7.6536pt too wide) in paragraph at lines 861--861
[][] 
 []


Overfull \hbox (7.6536pt too wide) in paragraph at lines 870--870
[][] 
 []


Overfull \hbox (7.6536pt too wide) in paragraph at lines 878--878
[][] 
 []


Underfull \hbox (badness 1735) in paragraph at lines 885--887
\OT1/cmr/m/n/10 Butter schmelzen und das Mehl darin an-schwitzen,
 []


Overfull \hbox (7.6536pt too wide) in paragraph at lines 887--887
[][] 
 []


Overfull \hbox (7.6536pt too wide) in paragraph at lines 891--891
[][] 
 []


Overfull \hbox (7.6536pt too wide) in paragraph at lines 891--891
[][] 
 []


Overfull \hbox (7.6536pt too wide) in paragraph at lines 891--891
[][] 
 []


Overfull \hbox (7.6536pt too wide) in paragraph at lines 895--895
[][] 
 []


Underfull \hbox (badness 2150) in paragraph at lines 900--902
\OT1/cmr/m/n/10 Die But-ter im Topf schmelzen, Lor-beer und Pf-ef-
 []


Overfull \hbox (7.6536pt too wide) in paragraph at lines 903--903
[][] 
 []


Underfull \vbox (badness 1314) has occurred while \output is active []

 [20]
Overfull \hbox (7.6536pt too wide) in paragraph at lines 913--913
[][] 
 []


Overfull \hbox (7.6536pt too wide) in paragraph at lines 917--917
[][] 
 []


Overfull \hbox (7.6536pt too wide) in paragraph at lines 917--917
[][] 
 []


Overfull \hbox (7.6536pt too wide) in paragraph at lines 917--917
[][] 
 []


Overfull \hbox (7.6536pt too wide) in paragraph at lines 921--921
[][] 
 []


Overfull \hbox (7.6536pt too wide) in paragraph at lines 927--927
[][] 
 []


Overfull \hbox (12.40846pt too wide) in paragraph at lines 928--928
[][]|\OT1/cmr/m/n/10 geh^^?aufter 
 []


Overfull \hbox (7.6536pt too wide) in paragraph at lines 935--935
[][] 
 []


Overfull \hbox (7.6536pt too wide) in paragraph at lines 938--938
[][] 
 []


Overfull \hbox (7.6536pt too wide) in paragraph at lines 942--942
[][] 
 []


Overfull \hbox (7.6536pt too wide) in paragraph at lines 942--942
[][] 
 []


Overfull \hbox (7.6536pt too wide) in paragraph at lines 942--942
[][] 
 []


Underfull \hbox (badness 2205) in paragraph at lines 945--947
\OT1/cmr/m/n/10 Den Speck in einem Topf gut br^^?aunen, dann die
 []


Overfull \hbox (7.6536pt too wide) in paragraph at lines 948--948
[][] 
 []


Overfull \hbox (7.6536pt too wide) in paragraph at lines 956--956
[][] 
 []

[21]
Overfull \hbox (7.6536pt too wide) in paragraph at lines 960--960
[][] 
 []


Overfull \hbox (7.6536pt too wide) in paragraph at lines 964--964
[][] 
 []


Overfull \hbox (7.6536pt too wide) in paragraph at lines 966--966
[][] 
 []


Overfull \hbox (7.6536pt too wide) in paragraph at lines 971--971
[][] 
 []


Overfull \hbox (7.6536pt too wide) in paragraph at lines 971--971
[][] 
 []


Overfull \hbox (7.6536pt too wide) in paragraph at lines 971--971
[][] 
 []


Overfull \hbox (7.6536pt too wide) in paragraph at lines 977--977
[][] 
 []


Overfull \hbox (7.6536pt too wide) in paragraph at lines 981--981
[][] 
 []


Overfull \hbox (7.6536pt too wide) in paragraph at lines 981--981
[][] 
 []


Overfull \hbox (7.6536pt too wide) in paragraph at lines 981--981
[][] 
 []


Overfull \hbox (7.6536pt too wide) in paragraph at lines 990--990
[][] 
 []


Overfull \hbox (7.6536pt too wide) in paragraph at lines 995--995
[][] 
 []


Overfull \hbox (7.6536pt too wide) in paragraph at lines 999--999
[][] 
 []


Overfull \hbox (7.6536pt too wide) in paragraph at lines 999--999
[][] 
 []


Overfull \hbox (7.6536pt too wide) in paragraph at lines 999--999
[][] 
 []


Overfull \hbox (7.6536pt too wide) in paragraph at lines 1008--1008
[][] 
 []


Underfull \hbox (badness 2119) in paragraph at lines 1008--1011
\OT1/cmr/m/n/10 Geschirrsp^^?ultuch bei Zim-mertem-per-atur eine Stunde
 []


Underfull \vbox (badness 2096) has occurred while \output is active []

 [22]
Overfull \hbox (7.6536pt too wide) in paragraph at lines 1012--1012
[][] 
 []


Overfull \hbox (7.6536pt too wide) in paragraph at lines 1019--1019
[][] 
 []


Overfull \hbox (7.6536pt too wide) in paragraph at lines 1028--1028
[][] 
 []


Overfull \hbox (7.6536pt too wide) in paragraph at lines 1032--1032
[][] 
 []


Overfull \hbox (7.6536pt too wide) in paragraph at lines 1032--1032
[][] 
 []


Overfull \hbox (7.6536pt too wide) in paragraph at lines 1032--1032
[][] 
 []


Overfull \hbox (7.6536pt too wide) in paragraph at lines 1038--1038
[][] 
 []


Overfull \hbox (12.72615pt too wide) in paragraph at lines 1042--1042
|\OT1/cmr/m/n/10 Optional|[]  
 []


Overfull \hbox (7.6536pt too wide) in paragraph at lines 1051--1051
[][] 
 []


Underfull \vbox (badness 10000) has occurred while \output is active []

 [23]
Overfull \hbox (7.6536pt too wide) in paragraph at lines 1055--1055
[][] 
 []


Overfull \hbox (7.6536pt too wide) in paragraph at lines 1055--1055
[][] 
 []


Overfull \hbox (7.6536pt too wide) in paragraph at lines 1055--1055
[][] 
 []


Overfull \hbox (7.6536pt too wide) in paragraph at lines 1060--1060
[][] 
 []


Overfull \hbox (7.6536pt too wide) in paragraph at lines 1063--1063
[][] 
 []


Overfull \hbox (7.6536pt too wide) in paragraph at lines 1067--1067
[][] 
 []


Overfull \hbox (7.6536pt too wide) in paragraph at lines 1067--1067
[][] 
 []


Overfull \hbox (7.6536pt too wide) in paragraph at lines 1067--1067
[][] 
 []


Overfull \hbox (7.6536pt too wide) in paragraph at lines 1073--1073
[][] 
 []


Overfull \hbox (7.6536pt too wide) in paragraph at lines 1080--1080
[][] 
 []


Overfull \hbox (1.2695pt too wide) in paragraph at lines 1083--1083
[][]|\OT1/cmr/m/n/10 Zweige|  
 []


Overfull \hbox (1.2695pt too wide) in paragraph at lines 1084--1084
[][]|\OT1/cmr/m/n/10 Zweige|  
 []


Underfull \hbox (badness 1540) in paragraph at lines 1084--1087
\OT1/cmr/m/n/10 Minuten an-braten. M^^?ohren, Sel-l-erie und Zwiebeln
 []


Overfull \hbox (7.6536pt too wide) in paragraph at lines 1088--1088
[][] 
 []


Underfull \hbox (badness 2846) in paragraph at lines 1092--1096
\OT1/cmr/m/n/10 abl^^?oschen und ver-dampfen lassen Br^^?uhe, To-maten,
 []


Overfull \hbox (7.6536pt too wide) in paragraph at lines 1096--1096
[][] 
 []


Overfull \hbox (7.6536pt too wide) in paragraph at lines 1100--1100
[][] 
 []


Overfull \hbox (7.6536pt too wide) in paragraph at lines 1100--1100
[][] 
 []


Overfull \hbox (7.6536pt too wide) in paragraph at lines 1100--1100
[][] 
 []


Overfull \hbox (7.6536pt too wide) in paragraph at lines 1108--1108
[][] 
 []


Underfull \vbox (badness 1226) has occurred while \output is active []

 [24]
Overfull \hbox (7.6536pt too wide) in paragraph at lines 1112--1112
[][] 
 []


Overfull \hbox (7.6536pt too wide) in paragraph at lines 1112--1112
[][] 
 []


Overfull \hbox (7.6536pt too wide) in paragraph at lines 1112--1112
[][] 
 []


Overfull \hbox (7.6536pt too wide) in paragraph at lines 1118--1118
[][] 
 []


Overfull \hbox (7.6536pt too wide) in paragraph at lines 1124--1124
[][] 
 []


Overfull \hbox (7.6536pt too wide) in paragraph at lines 1130--1130
[][] 
 []


Overfull \hbox (7.6536pt too wide) in paragraph at lines 1137--1137
[][] 
 []


Overfull \hbox (7.6536pt too wide) in paragraph at lines 1141--1141
[][] 
 []


Overfull \hbox (7.6536pt too wide) in paragraph at lines 1141--1141
[][] 
 []


Overfull \hbox (7.6536pt too wide) in paragraph at lines 1141--1141
[][] 
 []


Overfull \hbox (7.6536pt too wide) in paragraph at lines 1146--1146
[][] 
 []


Overfull \hbox (7.6536pt too wide) in paragraph at lines 1154--1154
[][] 
 []


Overfull \hbox (7.6536pt too wide) in paragraph at lines 1158--1158
[][] 
 []


Overfull \hbox (7.6536pt too wide) in paragraph at lines 1158--1158
[][] 
 []


Overfull \hbox (7.6536pt too wide) in paragraph at lines 1158--1158
[][] 
 []


Overfull \hbox (7.6536pt too wide) in paragraph at lines 1167--1167
[][] 
 []

[25]
Overfull \hbox (7.6536pt too wide) in paragraph at lines 1172--1172
[][] 
 []


Overfull \hbox (7.6536pt too wide) in paragraph at lines 1177--1177
[][] 
 []


Overfull \hbox (7.6536pt too wide) in paragraph at lines 1181--1181
[][] 
 []


Overfull \hbox (7.6536pt too wide) in paragraph at lines 1181--1181
[][] 
 []


Overfull \hbox (7.6536pt too wide) in paragraph at lines 1181--1181
[][] 
 []


Overfull \hbox (7.6536pt too wide) in paragraph at lines 1185--1185
[][] 
 []


Overfull \hbox (7.6536pt too wide) in paragraph at lines 1193--1193
[][] 
 []


Overfull \hbox (7.6536pt too wide) in paragraph at lines 1198--1198
[][] 
 []


Overfull \hbox (7.6536pt too wide) in paragraph at lines 1202--1202
[][] 
 []


Overfull \hbox (7.6536pt too wide) in paragraph at lines 1206--1206
[][] 
 []


Overfull \hbox (7.6536pt too wide) in paragraph at lines 1206--1206
[][] 
 []


Overfull \hbox (7.6536pt too wide) in paragraph at lines 1206--1206
[][] 
 []


Overfull \hbox (7.6536pt too wide) in paragraph at lines 1214--1214
[][] 
 []

[26]
Overfull \hbox (7.6536pt too wide) in paragraph at lines 1218--1218
[][] 
 []


Overfull \hbox (7.6536pt too wide) in paragraph at lines 1223--1223
[][] 
 []


Overfull \hbox (7.6536pt too wide) in paragraph at lines 1227--1227
[][] 
 []


Overfull \hbox (7.6536pt too wide) in paragraph at lines 1227--1227
[][] 
 []


Overfull \hbox (7.6536pt too wide) in paragraph at lines 1227--1227
[][] 
 []


Overfull \hbox (2.54733pt too wide) in paragraph at lines 1230--1230
[][]|\OT1/cmr/m/n/10 Bl^^?atter|  
 []


Overfull \hbox (7.6536pt too wide) in paragraph at lines 1236--1236
[][] 
 []


Overfull \hbox (7.6536pt too wide) in paragraph at lines 1242--1242
[][] 
 []


Overfull \hbox (7.6536pt too wide) in paragraph at lines 1246--1246
[][] 
 []


Overfull \hbox (7.6536pt too wide) in paragraph at lines 1246--1246
[][] 
 []


Overfull \hbox (7.6536pt too wide) in paragraph at lines 1246--1246
[][] 
 []


Overfull \hbox (7.6536pt too wide) in paragraph at lines 1260--1260
[][] 
 []


Overfull \hbox (7.6536pt too wide) in paragraph at lines 1267--1267
[][] 
 []

[27]
Overfull \hbox (7.6536pt too wide) in paragraph at lines 1271--1271
[][] 
 []


Overfull \hbox (7.6536pt too wide) in paragraph at lines 1271--1271
[][] 
 []


Overfull \hbox (7.6536pt too wide) in paragraph at lines 1271--1271
[][] 
 []


Overfull \hbox (7.6536pt too wide) in paragraph at lines 1278--1278
[][] 
 []


Overfull \hbox (7.6536pt too wide) in paragraph at lines 1282--1282
[][] 
 []


Overfull \hbox (7.6536pt too wide) in paragraph at lines 1286--1286
[][] 
 []


Overfull \hbox (7.6536pt too wide) in paragraph at lines 1286--1286
[][] 
 []


Overfull \hbox (7.6536pt too wide) in paragraph at lines 1286--1286
[][] 
 []


Overfull \hbox (7.6536pt too wide) in paragraph at lines 1290--1290
[][] 
 []


Overfull \hbox (7.6536pt too wide) in paragraph at lines 1298--1298
[][] 
 []


Overfull \hbox (7.6536pt too wide) in paragraph at lines 1303--1303
[][] 
 []


Overfull \hbox (7.6536pt too wide) in paragraph at lines 1307--1307
[][] 
 []


Overfull \hbox (7.6536pt too wide) in paragraph at lines 1307--1307
[][] 
 []


Overfull \hbox (7.6536pt too wide) in paragraph at lines 1307--1307
[][] 
 []


Overfull \hbox (7.6536pt too wide) in paragraph at lines 1311--1311
[][] 
 []


Overfull \hbox (7.6536pt too wide) in paragraph at lines 1318--1318
[][] 
 []


Underfull \hbox (badness 4765) in paragraph at lines 1322--1324
\OT1/cmr/m/n/10 hinzugeben und an-schwitzen. Das To-maten-mark
 []


Overfull \hbox (7.6536pt too wide) in paragraph at lines 1325--1325
[][] 
 []


Underfull \hbox (badness 2626) in paragraph at lines 1330--1332
\OT1/cmr/m/n/10 Langsam die Br^^?uhe hinzugeben und dabei st^^?andig
 []

[28]
Overfull \hbox (7.6536pt too wide) in paragraph at lines 1333--1333
[][] 
 []


Overfull \hbox (7.6536pt too wide) in paragraph at lines 1335--1335
[][] 
 []


Overfull \hbox (7.6536pt too wide) in paragraph at lines 1339--1339
[][] 
 []


Overfull \hbox (7.6536pt too wide) in paragraph at lines 1339--1339
[][] 
 []


Overfull \hbox (7.6536pt too wide) in paragraph at lines 1339--1339
[][] 
 []


Overfull \hbox (7.6536pt too wide) in paragraph at lines 1343--1343
[][] 
 []


Overfull \hbox (7.6536pt too wide) in paragraph at lines 1348--1348
[][] 
 []


Overfull \hbox (7.6536pt too wide) in paragraph at lines 1352--1352
[][] 
 []


Overfull \hbox (7.6536pt too wide) in paragraph at lines 1352--1352
[][] 
 []


Overfull \hbox (7.6536pt too wide) in paragraph at lines 1352--1352
[][] 
 []


Overfull \hbox (7.6536pt too wide) in paragraph at lines 1357--1357
[][] 
 []


Overfull \hbox (7.6536pt too wide) in paragraph at lines 1366--1366
[][] 
 []


Overfull \hbox (7.6536pt too wide) in paragraph at lines 1370--1370
[][] 
 []


Overfull \hbox (7.6536pt too wide) in paragraph at lines 1370--1370
[][] 
 []


Overfull \hbox (7.6536pt too wide) in paragraph at lines 1370--1370
[][] 
 []


Overfull \hbox (10.53163pt too wide) in paragraph at lines 1372--1372
|\OT1/cmr/m/n/10 reichlich|[]  
 []


Overfull \hbox (14.39279pt too wide) in paragraph at lines 1373--1373
|\OT1/cmr/m/n/10 1,25fache|[]  
 []


Overfull \hbox (7.6536pt too wide) in paragraph at lines 1376--1376
[][] 
 []

[29]
Overfull \hbox (7.6536pt too wide) in paragraph at lines 1381--1381
[][] 
 []


Overfull \hbox (7.6536pt too wide) in paragraph at lines 1386--1386
[][] 
 []


Overfull \hbox (7.6536pt too wide) in paragraph at lines 1390--1390
[][] 
 []


Overfull \hbox (7.6536pt too wide) in paragraph at lines 1390--1390
[][] 
 []


Overfull \hbox (7.6536pt too wide) in paragraph at lines 1390--1390
[][] 
 []


Overfull \hbox (7.6536pt too wide) in paragraph at lines 1398--1398
[][] 
 []


Overfull \hbox (7.6536pt too wide) in paragraph at lines 1407--1407
[][] 
 []


Overfull \hbox (7.6536pt too wide) in paragraph at lines 1410--1410
[][] 
 []


Overfull \hbox (7.6536pt too wide) in paragraph at lines 1414--1414
[][] 
 []


Overfull \hbox (7.6536pt too wide) in paragraph at lines 1414--1414
[][] 
 []


Overfull \hbox (7.6536pt too wide) in paragraph at lines 1414--1414
[][] 
 []


Overfull \hbox (7.6536pt too wide) in paragraph at lines 1418--1418
[][] 
 []


Overfull \hbox (7.6536pt too wide) in paragraph at lines 1426--1426
[][] 
 []

[30]
Overfull \hbox (7.6536pt too wide) in paragraph at lines 1435--1435
[][] 
 []


Overfull \hbox (7.6536pt too wide) in paragraph at lines 1439--1439
[][] 
 []


Overfull \hbox (7.6536pt too wide) in paragraph at lines 1439--1439
[][] 
 []


Overfull \hbox (7.6536pt too wide) in paragraph at lines 1439--1439
[][] 
 []


Overfull \hbox (7.6536pt too wide) in paragraph at lines 1447--1447
[][] 
 []


Overfull \hbox (7.6536pt too wide) in paragraph at lines 1453--1453
[][] 
 []


Overfull \hbox (7.6536pt too wide) in paragraph at lines 1460--1460
[][] 
 []


Overfull \hbox (7.6536pt too wide) in paragraph at lines 1462--1462
[][] 
 []


Overfull \hbox (7.6536pt too wide) in paragraph at lines 1466--1466
[][] 
 []


Overfull \hbox (7.6536pt too wide) in paragraph at lines 1466--1466
[][] 
 []


Overfull \hbox (7.6536pt too wide) in paragraph at lines 1466--1466
[][] 
 []


Overfull \hbox (7.6536pt too wide) in paragraph at lines 1472--1472
[][] 
 []


Overfull \hbox (7.6536pt too wide) in paragraph at lines 1478--1478
[][] 
 []


Overfull \hbox (7.6536pt too wide) in paragraph at lines 1482--1482
[][] 
 []

[31]
Overfull \hbox (7.6536pt too wide) in paragraph at lines 1486--1486
[][] 
 []


Overfull \hbox (7.6536pt too wide) in paragraph at lines 1486--1486
[][] 
 []


Overfull \hbox (7.6536pt too wide) in paragraph at lines 1486--1486
[][] 
 []


Underfull \hbox (badness 10000) in paragraph at lines 1493--1495
\OT1/cmr/m/n/10 Den Thun-fisch abgie^^Yen, die Kapern und
 []


Overfull \hbox (7.6536pt too wide) in paragraph at lines 1496--1496
[][] 
 []


Overfull \hbox (7.6536pt too wide) in paragraph at lines 1501--1501
[][] 
 []


Overfull \hbox (7.6536pt too wide) in paragraph at lines 1505--1505
[][] 
 []


Overfull \hbox (7.6536pt too wide) in paragraph at lines 1505--1505
[][] 
 []


Overfull \hbox (7.6536pt too wide) in paragraph at lines 1505--1505
[][] 
 []


Overfull \hbox (7.6536pt too wide) in paragraph at lines 1524--1524
[][] 
 []


Overfull \hbox (7.6536pt too wide) in paragraph at lines 1528--1528
[][] 
 []


Overfull \hbox (7.6536pt too wide) in paragraph at lines 1528--1528
[][] 
 []


Overfull \hbox (7.6536pt too wide) in paragraph at lines 1528--1528
[][] 
 []


Overfull \hbox (7.6536pt too wide) in paragraph at lines 1533--1533
[][] 
 []


Overfull \hbox (7.6536pt too wide) in paragraph at lines 1540--1540
[][] 
 []


Overfull \hbox (7.6536pt too wide) in paragraph at lines 1547--1547
[][] 
 []

[32]
Overfull \hbox (7.6536pt too wide) in paragraph at lines 1551--1551
[][] 
 []


Overfull \hbox (7.6536pt too wide) in paragraph at lines 1555--1555
[][] 
 []


Overfull \hbox (7.6536pt too wide) in paragraph at lines 1555--1555
[][] 
 []


Overfull \hbox (7.6536pt too wide) in paragraph at lines 1555--1555
[][] 
 []


Overfull \hbox (7.6536pt too wide) in paragraph at lines 1564--1564
[][] 
 []


Overfull \hbox (7.6536pt too wide) in paragraph at lines 1569--1569
[][] 
 []


Overfull \hbox (7.6536pt too wide) in paragraph at lines 1573--1573
[][] 
 []


Overfull \hbox (7.6536pt too wide) in paragraph at lines 1579--1579
[][] 
 []


Overfull \hbox (7.6536pt too wide) in paragraph at lines 1601--1601
[][] 
 []


Overfull \hbox (7.6536pt too wide) in paragraph at lines 1605--1605
[][] 
 []


Overfull \hbox (7.6536pt too wide) in paragraph at lines 1605--1605
[][] 
 []


Overfull \hbox (7.6536pt too wide) in paragraph at lines 1605--1605
[][] 
 []


Overfull \hbox (7.6536pt too wide) in paragraph at lines 1611--1611
[][] 
 []


Overfull \hbox (7.6536pt too wide) in paragraph at lines 1618--1618
[][] 
 []


Underfull \hbox (badness 10000) in paragraph at lines 1620--1622
\OT1/cmr/m/n/10 gebildet hat sowie die Sahne und H^^?uhnerbr^^?uhe
 []


Underfull \hbox (badness 10000) in paragraph at lines 1620--1622
\OT1/cmr/m/n/10 hinzugeben und bis zur gew^^?unschten Kon-sis-tenz
 []


Overfull \hbox (7.6536pt too wide) in paragraph at lines 1622--1622
[][] 
 []

[33]) [34]
Chapter 2.
(./Rezeptbuch Beilagen/Rezeptbuch_Beilagen.tex

Package hyperref Warning: Difference (2) between bookmark levels is greater 
(hyperref)                than one, level fixed on input line 4.


Overfull \hbox (7.6536pt too wide) in paragraph at lines 4--4
[] 
 []


Overfull \hbox (7.6536pt too wide) in paragraph at lines 4--4
[][] 
 []


Overfull \hbox (7.6536pt too wide) in paragraph at lines 4--4
[][] 
 []


Overfull \hbox (7.6536pt too wide) in paragraph at lines 12--12
[][] 
 []


Overfull \hbox (7.6536pt too wide) in paragraph at lines 23--23
[][] 
 []


Overfull \hbox (7.6536pt too wide) in paragraph at lines 27--27
[][] 
 []


Overfull \hbox (7.6536pt too wide) in paragraph at lines 27--27
[][] 
 []


Overfull \hbox (7.6536pt too wide) in paragraph at lines 27--27
[][] 
 []


Overfull \hbox (7.6536pt too wide) in paragraph at lines 31--31
[][] 
 []


Overfull \hbox (7.6536pt too wide) in paragraph at lines 38--38
[][] 
 []


Overfull \hbox (7.6536pt too wide) in paragraph at lines 42--42
[][] 
 []


Overfull \hbox (7.6536pt too wide) in paragraph at lines 42--42
[][] 
 []


Overfull \hbox (7.6536pt too wide) in paragraph at lines 42--42
[][] 
 []


Overfull \hbox (7.6536pt too wide) in paragraph at lines 52--52
[][] 
 []

[35

]
Overfull \hbox (7.6536pt too wide) in paragraph at lines 57--57
[][] 
 []


Overfull \hbox (7.6536pt too wide) in paragraph at lines 59--59
[][] 
 []


Overfull \hbox (7.6536pt too wide) in paragraph at lines 64--64
[][] 
 []


Overfull \hbox (7.6536pt too wide) in paragraph at lines 64--64
[][] 
 []


Overfull \hbox (7.6536pt too wide) in paragraph at lines 64--64
[][] 
 []


Overfull \hbox (7.6536pt too wide) in paragraph at lines 70--70
[][] 
 []


Overfull \hbox (7.6536pt too wide) in paragraph at lines 81--81
[][] 
 []


Overfull \hbox (7.6536pt too wide) in paragraph at lines 85--85
[][] 
 []


Overfull \hbox (7.6536pt too wide) in paragraph at lines 85--85
[][] 
 []


Overfull \hbox (7.6536pt too wide) in paragraph at lines 85--85
[][] 
 []


Overfull \hbox (7.6536pt too wide) in paragraph at lines 92--92
[][] 
 []


Underfull \hbox (badness 7740) in paragraph at lines 94--96
\OT1/cmr/m/n/10 Alle Zu-taten hinzugeben und ein paar Minuten
 []


Underfull \hbox (badness 3884) in paragraph at lines 94--96
\OT1/cmr/m/n/10 an-schmoren, dann die Knoblauchzehe pressen und
 []


Overfull \hbox (7.6536pt too wide) in paragraph at lines 97--97
[][] 
 []


Overfull \hbox (7.6536pt too wide) in paragraph at lines 104--104
[][] 
 []


Overfull \hbox (7.6536pt too wide) in paragraph at lines 108--108
[][] 
 []

[36]
Overfull \hbox (7.6536pt too wide) in paragraph at lines 112--112
[][] 
 []


Overfull \hbox (7.6536pt too wide) in paragraph at lines 112--112
[][] 
 []


Overfull \hbox (7.6536pt too wide) in paragraph at lines 112--112
[][] 
 []


Overfull \hbox (7.6536pt too wide) in paragraph at lines 116--116
[][] 
 []


Overfull \hbox (7.6536pt too wide) in paragraph at lines 124--124
[][] 
 []


Overfull \hbox (7.6536pt too wide) in paragraph at lines 128--128
[][] 
 []


Overfull \hbox (7.6536pt too wide) in paragraph at lines 128--128
[][] 
 []


Overfull \hbox (7.6536pt too wide) in paragraph at lines 128--128
[][] 
 []


Overfull \hbox (7.6536pt too wide) in paragraph at lines 135--135
[][] 
 []


Overfull \hbox (7.6536pt too wide) in paragraph at lines 142--142
[][] 
 []


Overfull \hbox (7.6536pt too wide) in paragraph at lines 146--146
[][] 
 []


Overfull \hbox (7.6536pt too wide) in paragraph at lines 149--149
[][] 
 []


Overfull \hbox (7.6536pt too wide) in paragraph at lines 159--159
[][] 
 []


Overfull \hbox (7.6536pt too wide) in paragraph at lines 163--163
[][] 
 []


Overfull \hbox (7.6536pt too wide) in paragraph at lines 167--167
[][] 
 []


Overfull \hbox (7.6536pt too wide) in paragraph at lines 167--167
[][] 
 []


Overfull \hbox (7.6536pt too wide) in paragraph at lines 167--167
[][] 
 []


Overfull \hbox (7.6536pt too wide) in paragraph at lines 177--177
[][] 
 []

[37]
Overfull \hbox (7.6536pt too wide) in paragraph at lines 181--181
[][] 
 []


Overfull \hbox (7.6536pt too wide) in paragraph at lines 181--181
[][] 
 []


Overfull \hbox (7.6536pt too wide) in paragraph at lines 181--181
[][] 
 []


Overfull \hbox (7.6536pt too wide) in paragraph at lines 186--186
[][] 
 []


Overfull \hbox (7.6536pt too wide) in paragraph at lines 194--194
[][] 
 []


Overfull \hbox (7.6536pt too wide) in paragraph at lines 198--198
[][] 
 []


Overfull \hbox (7.6536pt too wide) in paragraph at lines 198--198
[][] 
 []


Overfull \hbox (7.6536pt too wide) in paragraph at lines 198--198
[][] 
 []


Overfull \hbox (7.6536pt too wide) in paragraph at lines 209--209
[][] 
 []


Overfull \hbox (7.6536pt too wide) in paragraph at lines 213--213
[][] 
 []


Overfull \hbox (7.6536pt too wide) in paragraph at lines 213--213
[][] 
 []


Overfull \hbox (7.6536pt too wide) in paragraph at lines 213--213
[][] 
 []


Overfull \hbox (7.6536pt too wide) in paragraph at lines 220--220
[][] 
 []


Overfull \hbox (7.6536pt too wide) in paragraph at lines 222--222
[][] 
 []

[38]
Overfull \hbox (7.6536pt too wide) in paragraph at lines 226--226
[][] 
 []


Overfull \hbox (7.6536pt too wide) in paragraph at lines 226--226
[][] 
 []


Overfull \hbox (7.6536pt too wide) in paragraph at lines 226--226
[][] 
 []


Overfull \hbox (7.6536pt too wide) in paragraph at lines 230--230
[][] 
 []


Overfull \hbox (7.6536pt too wide) in paragraph at lines 237--237
[][] 
 []


Overfull \hbox (7.6536pt too wide) in paragraph at lines 241--241
[][] 
 []


Overfull \hbox (7.6536pt too wide) in paragraph at lines 241--241
[][] 
 []


Overfull \hbox (7.6536pt too wide) in paragraph at lines 241--241
[][] 
 []


Overfull \hbox (7.6536pt too wide) in paragraph at lines 248--248
[][] 
 []


Overfull \hbox (7.6536pt too wide) in paragraph at lines 252--252
[][] 
 []


Overfull \hbox (7.6536pt too wide) in paragraph at lines 252--252
[][] 
 []


Overfull \hbox (7.6536pt too wide) in paragraph at lines 252--252
[][] 
 []


Overfull \hbox (7.6536pt too wide) in paragraph at lines 260--260
[][] 
 []


Overfull \hbox (7.6536pt too wide) in paragraph at lines 264--264
[][] 
 []


Overfull \hbox (7.6536pt too wide) in paragraph at lines 264--264
[][] 
 []


Overfull \hbox (7.6536pt too wide) in paragraph at lines 264--264
[][] 
 []


Overfull \hbox (1.11096pt too wide) in paragraph at lines 265--265
\OT1/cmr/m/n/10 Dose|  
 []


Overfull \hbox (7.6536pt too wide) in paragraph at lines 270--270
[][] 
 []


Overfull \hbox (7.6536pt too wide) in paragraph at lines 275--275
[][] 
 []


Overfull \hbox (7.6536pt too wide) in paragraph at lines 287--287
[][] 
 []

[39]
Overfull \hbox (7.6536pt too wide) in paragraph at lines 289--289
[][] 
 []


Overfull \hbox (7.6536pt too wide) in paragraph at lines 293--293
[][] 
 []


Overfull \hbox (7.6536pt too wide) in paragraph at lines 293--293
[][] 
 []


Overfull \hbox (7.6536pt too wide) in paragraph at lines 293--293
[][] 
 []


Overfull \hbox (7.6536pt too wide) in paragraph at lines 297--297
[][] 
 []


Overfull \hbox (7.6536pt too wide) in paragraph at lines 301--301
[][] 
 []


Overfull \hbox (7.6536pt too wide) in paragraph at lines 306--306
[][] 
 []


Underfull \hbox (badness 1533) in paragraph at lines 310--314
\OT1/cmr/m/n/10 Serrano-Paprika fein hacken und mit den restlichen
 []


Underfull \hbox (badness 3179) in paragraph at lines 310--314
\OT1/cmr/m/n/10 dann die Bohnen mit einer kleinen Tasse Wasser
 []


Overfull \hbox (7.6536pt too wide) in paragraph at lines 314--314
[][] 
 []


Overfull \hbox (7.6536pt too wide) in paragraph at lines 318--318
[][] 
 []


Overfull \hbox (7.6536pt too wide) in paragraph at lines 318--318
[][] 
 []


Overfull \hbox (7.6536pt too wide) in paragraph at lines 318--318
[][] 
 []


Overfull \hbox (7.6536pt too wide) in paragraph at lines 324--324
[][] 
 []


Overfull \hbox (7.6536pt too wide) in paragraph at lines 327--327
[][] 
 []


Overfull \hbox (7.6536pt too wide) in paragraph at lines 332--332
[][] 
 []


Overfull \hbox (7.6536pt too wide) in paragraph at lines 336--336
[][] 
 []


Overfull \hbox (7.6536pt too wide) in paragraph at lines 336--336
[][] 
 []


Overfull \hbox (7.6536pt too wide) in paragraph at lines 336--336
[][] 
 []


Overfull \hbox (7.6536pt too wide) in paragraph at lines 340--340
[][] 
 []

[40]
Overfull \hbox (7.6536pt too wide) in paragraph at lines 345--345
[][] 
 []


Overfull \hbox (7.6536pt too wide) in paragraph at lines 350--350
[][] 
 []


Overfull \hbox (7.6536pt too wide) in paragraph at lines 354--354
[][] 
 []


Overfull \hbox (7.6536pt too wide) in paragraph at lines 354--354
[][] 
 []


Overfull \hbox (7.6536pt too wide) in paragraph at lines 354--354
[][] 
 []


Overfull \hbox (7.6536pt too wide) in paragraph at lines 361--361
[][] 
 []


Underfull \hbox (badness 6995) in paragraph at lines 361--363
\OT1/cmr/m/n/10 Die Milch langsam und unter st^^?andigem r^^?uhren
 []


Overfull \hbox (7.6536pt too wide) in paragraph at lines 363--363
[][] 
 []


Overfull \hbox (7.6536pt too wide) in paragraph at lines 367--367
[][] 
 []


Overfull \hbox (7.6536pt too wide) in paragraph at lines 367--367
[][] 
 []


Overfull \hbox (7.6536pt too wide) in paragraph at lines 367--367
[][] 
 []


Overfull \hbox (7.6536pt too wide) in paragraph at lines 372--372
[][] 
 []


Overfull \hbox (7.6536pt too wide) in paragraph at lines 375--375
[][] 
 []


Overfull \hbox (7.6536pt too wide) in paragraph at lines 381--381
[][] 
 []


Overfull \hbox (7.6536pt too wide) in paragraph at lines 385--385
[][] 
 []


Overfull \hbox (7.6536pt too wide) in paragraph at lines 385--385
[][] 
 []


Overfull \hbox (7.6536pt too wide) in paragraph at lines 385--385
[][] 
 []


Overfull \hbox (7.6536pt too wide) in paragraph at lines 393--393
[][] 
 []


Underfull \vbox (badness 1275) has occurred while \output is active []

 [41]
Overfull \hbox (7.6536pt too wide) in paragraph at lines 397--397
[][] 
 []


Overfull \hbox (7.6536pt too wide) in paragraph at lines 397--397
[][] 
 []


Overfull \hbox (7.6536pt too wide) in paragraph at lines 397--397
[][] 
 []


Overfull \hbox (7.6536pt too wide) in paragraph at lines 403--403
[][] 
 []


Overfull \hbox (7.6536pt too wide) in paragraph at lines 406--406
[][] 
 []


Overfull \hbox (7.6536pt too wide) in paragraph at lines 409--409
[][] 
 []


Overfull \hbox (7.6536pt too wide) in paragraph at lines 413--413
[][] 
 []


Overfull \hbox (7.6536pt too wide) in paragraph at lines 413--413
[][] 
 []


Overfull \hbox (7.6536pt too wide) in paragraph at lines 413--413
[][] 
 []


Overfull \hbox (7.6536pt too wide) in paragraph at lines 418--418
[][] 
 []


Overfull \hbox (7.6536pt too wide) in paragraph at lines 424--424
[][] 
 []


Overfull \hbox (7.6536pt too wide) in paragraph at lines 428--428
[][] 
 []


Overfull \hbox (7.6536pt too wide) in paragraph at lines 428--428
[][] 
 []


Overfull \hbox (7.6536pt too wide) in paragraph at lines 428--428
[][] 
 []


Overfull \hbox (7.6536pt too wide) in paragraph at lines 440--440
[][] 
 []


Overfull \hbox (7.6536pt too wide) in paragraph at lines 444--444
[][] 
 []


Overfull \hbox (7.6536pt too wide) in paragraph at lines 444--444
[][] 
 []


Overfull \hbox (7.6536pt too wide) in paragraph at lines 444--444
[][] 
 []


Overfull \hbox (7.6536pt too wide) in paragraph at lines 448--448
[][] 
 []

[42]
Overfull \hbox (7.6536pt too wide) in paragraph at lines 454--454
[][] 
 []


Underfull \hbox (badness 1552) in paragraph at lines 458--460
\OT1/cmr/m/n/10 Das Mehl hinzuf^^?ugen, gut umr^^?uhren und kurz an-
 []


Overfull \hbox (7.6536pt too wide) in paragraph at lines 460--460
[][] 
 []

) [43] [44

]
Chapter 3.
(./Rezeptbuch Desserts/Rezeptbuch_Desserts.tex

Package hyperref Warning: Difference (2) between bookmark levels is greater 
(hyperref)                than one, level fixed on input line 4.


Overfull \hbox (7.6536pt too wide) in paragraph at lines 4--4
[] 
 []


Overfull \hbox (7.6536pt too wide) in paragraph at lines 4--4
[][] 
 []


Overfull \hbox (7.6536pt too wide) in paragraph at lines 9--9
[][] 
 []


Overfull \hbox (7.6536pt too wide) in paragraph at lines 17--17
[][] 
 []


Underfull \hbox (badness 6316) in paragraph at lines 18--22
\OT1/cmr/m/n/10 In einer flachen Back-form jew-eils Schichtweise 2
 []


Overfull \hbox (7.6536pt too wide) in paragraph at lines 22--22
[][] 
 []


Overfull \hbox (7.6536pt too wide) in paragraph at lines 26--26
[][] 
 []


Overfull \hbox (7.6536pt too wide) in paragraph at lines 26--26
[][] 
 []


Overfull \hbox (7.6536pt too wide) in paragraph at lines 26--26
[][] 
 []


Overfull \hbox (7.6536pt too wide) in paragraph at lines 31--31
[][] 
 []


Overfull \hbox (0.99178pt too wide) in paragraph at lines 31--31
[][]|\OT1/cmr/m/n/10 Stange|  
 []


Overfull \hbox (7.6536pt too wide) in paragraph at lines 39--39
[][] 
 []


Overfull \hbox (7.6536pt too wide) in paragraph at lines 43--43
[][] 
 []


Overfull \hbox (7.6536pt too wide) in paragraph at lines 43--43
[][] 
 []


Overfull \hbox (7.6536pt too wide) in paragraph at lines 50--50
[][] 
 []

[45]
Overfull \hbox (7.6536pt too wide) in paragraph at lines 55--55
[][] 
 []


Overfull \hbox (7.6536pt too wide) in paragraph at lines 59--59
[][] 
 []


Overfull \hbox (7.6536pt too wide) in paragraph at lines 59--59
[][] 
 []


Overfull \hbox (7.6536pt too wide) in paragraph at lines 59--59
[][] 
 []


Overfull \hbox (7.6536pt too wide) in paragraph at lines 64--64
[][] 
 []


Overfull \hbox (7.6536pt too wide) in paragraph at lines 68--68
[][] 
 []


Overfull \hbox (7.6536pt too wide) in paragraph at lines 68--68
[][] 
 []


Overfull \hbox (7.6536pt too wide) in paragraph at lines 74--74
[][] 
 []


Overfull \hbox (7.6536pt too wide) in paragraph at lines 80--80
[][] 
 []


Overfull \hbox (7.6536pt too wide) in paragraph at lines 84--84
[][] 
 []


Overfull \hbox (7.6536pt too wide) in paragraph at lines 84--84
[][] 
 []


Overfull \hbox (7.6536pt too wide) in paragraph at lines 84--84
[][] 
 []


Overfull \hbox (8.63068pt too wide) in paragraph at lines 85--85
[][]|\OT1/cmr/m/n/10 Packung|  
 []


Overfull \hbox (7.6536pt too wide) in paragraph at lines 90--90
[][] 
 []


Overfull \hbox (7.6536pt too wide) in paragraph at lines 96--96
[][] 
 []


Overfull \hbox (7.6536pt too wide) in paragraph at lines 100--100
[][] 
 []


Overfull \hbox (7.6536pt too wide) in paragraph at lines 104--104
[][] 
 []


Overfull \hbox (7.6536pt too wide) in paragraph at lines 104--104
[][] 
 []


Overfull \hbox (7.6536pt too wide) in paragraph at lines 104--104
[][] 
 []


Overfull \hbox (7.6536pt too wide) in paragraph at lines 112--112
[][] 
 []

[46]
Overfull \hbox (7.6536pt too wide) in paragraph at lines 116--116
[][] 
 []


Overfull \hbox (7.6536pt too wide) in paragraph at lines 122--122
[][] 
 []


Overfull \hbox (7.6536pt too wide) in paragraph at lines 126--126
[][] 
 []


Overfull \hbox (7.6536pt too wide) in paragraph at lines 126--126
[][] 
 []


Overfull \hbox (7.6536pt too wide) in paragraph at lines 126--126
[][] 
 []


Underfull \hbox (badness 3281) in paragraph at lines 129--131
\OT1/cmr/m/n/10 Eine gro^^Ye Schale ^^?uber einen Topf mit sim-mern-
 []


Overfull \hbox (7.6536pt too wide) in paragraph at lines 132--132
[][] 
 []


Overfull \hbox (7.6536pt too wide) in paragraph at lines 139--139
[][] 
 []


Overfull \hbox (7.6536pt too wide) in paragraph at lines 143--143
[][] 
 []


Overfull \hbox (7.6536pt too wide) in paragraph at lines 147--147
[][] 
 []


Overfull \hbox (7.6536pt too wide) in paragraph at lines 147--147
[][] 
 []


Overfull \hbox (7.6536pt too wide) in paragraph at lines 147--147
[][] 
 []


Overfull \hbox (7.6536pt too wide) in paragraph at lines 152--152
[][] 
 []


Overfull \hbox (7.6536pt too wide) in paragraph at lines 158--158
[][] 
 []


Overfull \hbox (7.6536pt too wide) in paragraph at lines 161--161
[][] 
 []


Overfull \hbox (7.6536pt too wide) in paragraph at lines 166--166
[][] 
 []

[47]
Overfull \hbox (7.6536pt too wide) in paragraph at lines 170--170
[][] 
 []


Overfull \hbox (7.6536pt too wide) in paragraph at lines 170--170
[][] 
 []


Overfull \hbox (7.6536pt too wide) in paragraph at lines 170--170
[][] 
 []


Overfull \hbox (7.6536pt too wide) in paragraph at lines 177--177
[][] 
 []


Overfull \hbox (7.6536pt too wide) in paragraph at lines 181--181
[][] 
 []


Overfull \hbox (7.6536pt too wide) in paragraph at lines 187--187
[][] 
 []


Overfull \hbox (7.6536pt too wide) in paragraph at lines 191--191
[][] 
 []


Overfull \hbox (7.6536pt too wide) in paragraph at lines 195--195
[][] 
 []

) [48]
Chapter 4.
(./Rezeptbuch Brot/Rezeptbuch_Brot.tex

Package hyperref Warning: Difference (2) between bookmark levels is greater 
(hyperref)                than one, level fixed on input line 4.


Overfull \hbox (7.6536pt too wide) in paragraph at lines 4--4
[] 
 []


Overfull \hbox (7.6536pt too wide) in paragraph at lines 4--4
[][] 
 []


Overfull \hbox (7.6536pt too wide) in paragraph at lines 4--4
[][] 
 []


Overfull \hbox (7.6536pt too wide) in paragraph at lines 10--10
[][] 
 []


Overfull \hbox (7.6536pt too wide) in paragraph at lines 17--17
[][] 
 []


Overfull \hbox (7.6536pt too wide) in paragraph at lines 21--21
[][] 
 []


Overfull \hbox (7.6536pt too wide) in paragraph at lines 23--23
[][] 
 []


Overfull \hbox (7.6536pt too wide) in paragraph at lines 27--27
[][] 
 []


Overfull \hbox (7.6536pt too wide) in paragraph at lines 27--27
[][] 
 []


Overfull \hbox (7.6536pt too wide) in paragraph at lines 27--27
[][] 
 []


Overfull \hbox (7.6536pt too wide) in paragraph at lines 33--33
[][] 
 []


Overfull \hbox (7.6536pt too wide) in paragraph at lines 39--39
[][] 
 []


Overfull \hbox (7.6536pt too wide) in paragraph at lines 42--42
[][] 
 []


Overfull \hbox (7.6536pt too wide) in paragraph at lines 47--47
[][] 
 []

[49

]
Overfull \hbox (7.6536pt too wide) in paragraph at lines 51--51
[][] 
 []


Overfull \hbox (7.6536pt too wide) in paragraph at lines 51--51
[][] 
 []


Overfull \hbox (7.6536pt too wide) in paragraph at lines 51--51
[][] 
 []


Overfull \hbox (7.6536pt too wide) in paragraph at lines 57--57
[][] 
 []


Overfull \hbox (7.6536pt too wide) in paragraph at lines 63--63
[][] 
 []


Overfull \hbox (7.6536pt too wide) in paragraph at lines 68--68
[][] 
 []


Overfull \hbox (7.6536pt too wide) in paragraph at lines 72--72
[][] 
 []


Overfull \hbox (7.6536pt too wide) in paragraph at lines 72--72
[][] 
 []


Overfull \hbox (7.6536pt too wide) in paragraph at lines 72--72
[][] 
 []


Overfull \hbox (7.6536pt too wide) in paragraph at lines 77--77
[][] 
 []


Overfull \hbox (7.6536pt too wide) in paragraph at lines 84--84
[][] 
 []


Overfull \hbox (7.6536pt too wide) in paragraph at lines 87--87
[][] 
 []


Overfull \hbox (7.6536pt too wide) in paragraph at lines 91--91
[][] 
 []


Overfull \hbox (7.6536pt too wide) in paragraph at lines 91--91
[][] 
 []


Overfull \hbox (7.6536pt too wide) in paragraph at lines 91--91
[][] 
 []


Overfull \hbox (7.6536pt too wide) in paragraph at lines 98--98
[][] 
 []


Overfull \hbox (7.6536pt too wide) in paragraph at lines 103--103
[][] 
 []

[50]
Overfull \hbox (7.6536pt too wide) in paragraph at lines 107--107
[][] 
 []


Overfull \hbox (7.6536pt too wide) in paragraph at lines 109--109
[][] 
 []


Overfull \hbox (7.6536pt too wide) in paragraph at lines 113--113
[][] 
 []


Overfull \hbox (7.6536pt too wide) in paragraph at lines 113--113
[][] 
 []


Package cuisine Warning: The recipe did not have any steps on input line 115.


Overfull \hbox (7.6536pt too wide) in paragraph at lines 119--119
[][] 
 []


Overfull \hbox (7.6536pt too wide) in paragraph at lines 119--119
[][] 
 []


Overfull \hbox (7.6536pt too wide) in paragraph at lines 119--119
[][] 
 []


Overfull \hbox (7.6536pt too wide) in paragraph at lines 127--127
[][] 
 []


Overfull \hbox (7.6536pt too wide) in paragraph at lines 135--135
[][] 
 []

) [51] [52

]
Chapter 5.
(./Rezeptbuch Gewrze/Rezeptbuch_Gewrze.tex

Package hyperref Warning: Difference (2) between bookmark levels is greater 
(hyperref)                than one, level fixed on input line 4.


Overfull \hbox (7.6536pt too wide) in paragraph at lines 4--4
[] 
 []


Overfull \hbox (7.6536pt too wide) in paragraph at lines 4--4
[][] 
 []


Overfull \hbox (7.6536pt too wide) in paragraph at lines 15--15
[][] 
 []


Overfull \hbox (7.6536pt too wide) in paragraph at lines 19--19
[][] 
 []


Overfull \hbox (7.6536pt too wide) in paragraph at lines 19--19
[][] 
 []


Overfull \hbox (7.6536pt too wide) in paragraph at lines 29--29
[][] 
 []


Overfull \hbox (7.6536pt too wide) in paragraph at lines 33--33
[][] 
 []


Overfull \hbox (7.6536pt too wide) in paragraph at lines 33--33
[][] 
 []


Overfull \hbox (7.6536pt too wide) in paragraph at lines 41--41
[][] 
 []


Overfull \hbox (7.6536pt too wide) in paragraph at lines 45--45
[][] 
 []


Overfull \hbox (7.6536pt too wide) in paragraph at lines 45--45
[][] 
 []


Overfull \hbox (7.6536pt too wide) in paragraph at lines 60--60
[][] 
 []

[53]
Overfull \hbox (7.6536pt too wide) in paragraph at lines 64--64
[][] 
 []


Overfull \hbox (7.6536pt too wide) in paragraph at lines 64--64
[][] 
 []


Overfull \hbox (7.6536pt too wide) in paragraph at lines 75--75
[][] 
 []


Overfull \hbox (7.6536pt too wide) in paragraph at lines 79--79
[][] 
 []


Overfull \hbox (7.6536pt too wide) in paragraph at lines 79--79
[][] 
 []


Overfull \hbox (7.6536pt too wide) in paragraph at lines 79--79
[][] 
 []


Overfull \hbox (7.6536pt too wide) in paragraph at lines 90--90
[][] 
 []


Overfull \hbox (7.6536pt too wide) in paragraph at lines 94--94
[][] 
 []


Overfull \hbox (7.6536pt too wide) in paragraph at lines 94--94
[][] 
 []


Overfull \hbox (7.6536pt too wide) in paragraph at lines 106--106
[][] 
 []


Underfull \vbox (badness 3965) has occurred while \output is active []

 [54]
Overfull \hbox (7.6536pt too wide) in paragraph at lines 110--110
[][] 
 []


Overfull \hbox (7.6536pt too wide) in paragraph at lines 110--110
[][] 
 []


Overfull \hbox (7.6536pt too wide) in paragraph at lines 121--121
[][] 
 []

) [55] (./Master.aux)
Package rerunfilecheck Info: File `Master.out' has not changed.
(rerunfilecheck)             Checksum: 85F9EEDFE50A718111F9B2365DC83962;16741.
 ) 
Here is how much of TeX's memory you used:
 9134 strings out of 478994
 137800 string characters out of 5858184
 652396 words of memory out of 5000000
 26324 multiletter control sequences out of 15000+600000
 404979 words of font info for 32 fonts, out of 8000000 for 9000
 1141 hyphenation exceptions out of 8191
 71i,7n,75p,730b,387s stack positions out of 5000i,500n,10000p,200000b,80000s
{/usr/local/texlive/2021/texmf-dist/fonts/enc/dvips/cm-super/cm-super-ts1.enc
}</usr/local/texlive/2021/texmf-dist/fonts/type1/public/amsfonts/cm/cmbx10.pfb>
</usr/local/texlive/2021/texmf-dist/fonts/type1/public/amsfonts/cm/cmbx12.pfb><
/usr/local/texlive/2021/texmf-dist/fonts/type1/public/amsfonts/cm/cmr10.pfb></u
sr/local/texlive/2021/texmf-dist/fonts/type1/public/amsfonts/cm/cmssbx10.pfb></
usr/local/texlive/2021/texmf-dist/fonts/type1/public/amsfonts/cm/cmsy7.pfb></us
r/local/texlive/2021/texmf-dist/fonts/type1/public/cm-super/sfrm1000.pfb>
Output written on Master.pdf (55 pages, 205844 bytes).
PDF statistics:
 1050 PDF objects out of 1200 (max. 8388607)
 977 compressed objects within 10 object streams
 180 named destinations out of 1000 (max. 500000)
 985 words of extra memory for PDF output out of 10000 (max. 10000000)

