\BOOKMARK [0][-]{chapter.1}{\376\377\000H\000a\000u\000p\000t\000g\000e\000r\000i\000c\000h\000t\000e}{}% 1
\BOOKMARK [1][-]{r@cipenumber.1}{\376\377\000A\000p\000f\000e\000l\000-\000Z\000w\000i\000e\000b\000e\000l\000-\000C\000u\000r\000r\000y}{chapter.1}% 2
\BOOKMARK [2][-]{r@cipenumber.2}{\376\377\000B\000e\000e\000f\000\040\000W\000e\000l\000l\000i\000n\000g\000t\000o\000n}{r@cipenumber.1}% 3
\BOOKMARK [2][-]{r@cipenumber.3}{\376\377\000B\000o\000l\000g\000n\000e\000s\000e}{r@cipenumber.1}% 4
\BOOKMARK [2][-]{r@cipenumber.4}{\376\377\000B\000r\000a\000s\000i\000l\000i\000a\000n\000i\000s\000c\000h\000e\000r\000\040\000F\000i\000s\000c\000h\000e\000i\000n\000t\000o\000p\000f}{r@cipenumber.1}% 5
\BOOKMARK [2][-]{r@cipenumber.5}{\376\377\000B\000r\000o\000k\000k\000o\000l\000i\000f\000r\000i\000k\000a\000d\000e\000l\000l\000e\000n}{r@cipenumber.1}% 6
\BOOKMARK [2][-]{r@cipenumber.6}{\376\377\000B\000u\000t\000t\000e\000r\000\040\000C\000h\000i\000c\000k\000e\000n}{r@cipenumber.1}% 7
\BOOKMARK [2][-]{r@cipenumber.7}{\376\377\000B\000u\000t\000t\000e\000r\000n\000u\000s\000s\000k\000\374\000r\000b\000i\000s\000s\000u\000p\000p\000e}{r@cipenumber.1}% 8
\BOOKMARK [2][-]{r@cipenumber.8}{\376\377\000C\000h\000i\000c\000k\000e\000n\000\040\000K\000a\000t\000s\000u}{r@cipenumber.1}% 9
\BOOKMARK [2][-]{r@cipenumber.9}{\376\377\000C\000h\000i\000c\000k\000e\000n\000\040\000T\000i\000k\000k\000a\000\040\000M\000a\000s\000a\000l\000a}{r@cipenumber.1}% 10
\BOOKMARK [2][-]{r@cipenumber.10}{\376\377\000C\000h\000i\000c\000k\000e\000n\000b\000u\000r\000g\000e\000r}{r@cipenumber.1}% 11
\BOOKMARK [2][-]{r@cipenumber.11}{\376\377\000C\000h\000i\000l\000i\000\040\000c\000o\000n\000\040\000C\000o\000l\000o\000r\000a\000d\000o}{r@cipenumber.1}% 12
\BOOKMARK [2][-]{r@cipenumber.12}{\376\377\000C\000h\000i\000l\000i}{r@cipenumber.1}% 13
\BOOKMARK [2][-]{r@cipenumber.13}{\376\377\000C\000r\000e\000p\000e\000s}{r@cipenumber.1}% 14
\BOOKMARK [2][-]{r@cipenumber.14}{\376\377\000D\000\366\000n\000e\000r}{r@cipenumber.1}% 15
\BOOKMARK [2][-]{r@cipenumber.15}{\376\377\000E\000i\000e\000r\000\040\000B\000e\000n\000e\000d\000i\000c\000t}{r@cipenumber.1}% 16
\BOOKMARK [2][-]{r@cipenumber.16}{\376\377\000E\000n\000c\000h\000i\000l\000a\000d\000a}{r@cipenumber.1}% 17
\BOOKMARK [2][-]{r@cipenumber.17}{\376\377\000E\000n\000g\000l\000i\000s\000c\000h\000e\000s\000\040\000R\000i\000n\000d\000e\000r\000g\000u\000l\000a\000s\000c\000h\000\040\000m\000i\000t\000\040\000D\000u\000m\000p\000l\000i\000n\000g\000s}{r@cipenumber.1}% 18
\BOOKMARK [2][-]{r@cipenumber.18}{\376\377\000E\000r\000b\000s\000e\000n\000s\000u\000p\000p\000e}{r@cipenumber.1}% 19
\BOOKMARK [2][-]{r@cipenumber.19}{\376\377\000F\000a\000l\000a\000f\000e\000l}{r@cipenumber.1}% 20
\BOOKMARK [2][-]{r@cipenumber.20}{\376\377\000F\000i\000n\000n\000i\000s\000c\000h\000e\000\040\000L\000a\000c\000h\000s\000s\000u\000p\000p\000e}{r@cipenumber.1}% 21
\BOOKMARK [2][-]{r@cipenumber.21}{\376\377\000F\000i\000s\000c\000h\000f\000r\000i\000k\000a\000d\000e\000l\000l\000e\000n}{r@cipenumber.1}% 22
\BOOKMARK [2][-]{r@cipenumber.22}{\376\377\000F\000l\000e\000i\000s\000c\000h\000k\000r\000o\000k\000e\000t\000t\000e\000n}{r@cipenumber.1}% 23
\BOOKMARK [2][-]{r@cipenumber.23}{\376\377\000G\000e\000s\000c\000h\000m\000o\000r\000t\000e\000r\000\040\000W\000e\000i\000\337\000k\000o\000h\000l}{r@cipenumber.1}% 24
\BOOKMARK [2][-]{r@cipenumber.24}{\376\377\000G\000n\000o\000c\000c\000h\000i\000s\000\040\000i\000n\000\040\000T\000o\000m\000a\000t\000e\000n\000s\000a\000u\000c\000e}{r@cipenumber.1}% 25
\BOOKMARK [2][-]{r@cipenumber.25}{\376\377\000G\000r\000\374\000n\000k\000o\000h\000l}{r@cipenumber.1}% 26
\BOOKMARK [2][-]{r@cipenumber.26}{\376\377\000G\000u\000t\000s\000h\000e\000r\000r\000e\000n\000t\000o\000p\000f}{r@cipenumber.1}% 27
\BOOKMARK [2][-]{r@cipenumber.27}{\376\377\000G\000y\000r\000o\000s\000s\000u\000p\000p\000e}{r@cipenumber.1}% 28
\BOOKMARK [2][-]{r@cipenumber.28}{\376\377\000H\000u\000m\000m\000u\000s}{r@cipenumber.1}% 29
\BOOKMARK [2][-]{r@cipenumber.29}{\376\377\000H\000\344\000h\000n\000c\000h\000e\000n\000\040\000a\000\040\000l\000a\000\040\000C\000r\000e\000m\000a}{r@cipenumber.1}% 30
\BOOKMARK [2][-]{r@cipenumber.30}{\376\377\000H\000\344\000h\000n\000c\000h\000e\000n\000-\000K\000i\000c\000h\000e\000r\000e\000r\000b\000s\000e\000n\000\040\000B\000u\000r\000g\000e\000r}{r@cipenumber.1}% 31
\BOOKMARK [2][-]{r@cipenumber.31}{\376\377\000H\000\374\000h\000n\000e\000r\000f\000r\000i\000k\000a\000s\000s\000e\000e}{r@cipenumber.1}% 32
\BOOKMARK [2][-]{r@cipenumber.32}{\376\377\000K\000a\000r\000t\000o\000f\000f\000e\000l\000s\000u\000p\000p\000e}{r@cipenumber.1}% 33
\BOOKMARK [2][-]{r@cipenumber.33}{\376\377\000K\000a\000r\000t\000o\000f\000f\000e\000l\000w\000e\000d\000g\000e\000s}{r@cipenumber.1}% 34
\BOOKMARK [2][-]{r@cipenumber.34}{\376\377\000K\000a\000s\000s\000l\000e\000r\000e\000i\000n\000t\000o\000p\000f}{r@cipenumber.1}% 35
\BOOKMARK [2][-]{r@cipenumber.35}{\376\377\000K\000o\000r\000e\000a\000n\000i\000s\000c\000h\000e\000s\000\040\000H\000\374\000h\000n\000c\000h\000e\000n}{r@cipenumber.1}% 36
\BOOKMARK [2][-]{r@cipenumber.36}{\376\377\000K\000\366\000n\000i\000g\000s\000b\000e\000r\000g\000e\000r\000\040\000K\000l\000o\000p\000s\000e}{r@cipenumber.1}% 37
\BOOKMARK [2][-]{r@cipenumber.37}{\376\377\000L\000a\000s\000a\000g\000n\000e}{r@cipenumber.1}% 38
\BOOKMARK [2][-]{r@cipenumber.38}{\376\377\000L\000e\000b\000e\000r\000k\000\344\000s\000e}{r@cipenumber.1}% 39
\BOOKMARK [2][-]{r@cipenumber.39}{\376\377\000L\000i\000n\000s\000e\000n\000s\000u\000p\000p\000e}{r@cipenumber.1}% 40
\BOOKMARK [2][-]{r@cipenumber.40}{\376\377\000M\000a\000u\000l\000t\000a\000s\000c\000h\000e\000n\000\040\000m\000i\000t\000\040\000Z\000w\000i\000e\000b\000e\000l\000n}{r@cipenumber.1}% 41
\BOOKMARK [2][-]{r@cipenumber.41}{\376\377\000M\000c\000R\000i\000b}{r@cipenumber.1}% 42
\BOOKMARK [2][-]{r@cipenumber.42}{\376\377\000N\000e\000a\000p\000o\000l\000i\000t\000a\000n\000i\000s\000c\000h\000e\000\040\000P\000i\000z\000z\000a}{r@cipenumber.1}% 43
\BOOKMARK [2][-]{r@cipenumber.43}{\376\377\000N\000u\000d\000e\000l\000a\000u\000f\000l\000a\000u\000f}{r@cipenumber.1}% 44
\BOOKMARK [2][-]{r@cipenumber.44}{\376\377\000N\000u\000d\000e\000l\000n\000\040\000m\000i\000t\000\040\000H\000a\000c\000k\000f\000l\000e\000i\000s\000c\000h\000\040\000u\000n\000d\000\040\000B\000r\000o\000k\000k\000o\000l\000i}{r@cipenumber.1}% 45
\BOOKMARK [2][-]{r@cipenumber.45}{\376\377\000O\000s\000s\000o\000b\000u\000c\000o}{r@cipenumber.1}% 46
\BOOKMARK [2][-]{r@cipenumber.46}{\376\377\000P\000f\000a\000n\000n\000k\000u\000c\000h\000e\000n}{r@cipenumber.1}% 47
\BOOKMARK [2][-]{r@cipenumber.47}{\376\377\000P\000o\000l\000n\000i\000s\000c\000h\000e\000r\000\040\000J\000\344\000g\000e\000r\000e\000i\000n\000t\000o\000p\000f}{r@cipenumber.1}% 48
\BOOKMARK [2][-]{r@cipenumber.48}{\376\377\000P\000u\000l\000l\000e\000d\000\040\000P\000o\000r\000k}{r@cipenumber.1}% 49
\BOOKMARK [2][-]{r@cipenumber.49}{\376\377\000P\000u\000t\000e\000\040\000m\000i\000t\000\040\000Z\000i\000e\000g\000e\000n\000f\000r\000i\000s\000c\000h\000k\000\344\000s\000e\000\040\000u\000n\000d\000\040\000D\000a\000t\000t\000e\000l\000n}{r@cipenumber.1}% 50
\BOOKMARK [2][-]{r@cipenumber.50}{\376\377\000R\000i\000n\000d\000e\000r\000h\000a\000x\000e\000\040\000m\000i\000t\000\040\000G\000e\000r\000s\000t\000e}{r@cipenumber.1}% 51
\BOOKMARK [2][-]{r@cipenumber.51}{\376\377\000R\000o\000t\000e\000s\000\040\000C\000u\000r\000r\000y}{r@cipenumber.1}% 52
\BOOKMARK [2][-]{r@cipenumber.52}{\376\377\000S\000a\000l\000t\000i\000m\000b\000o\000c\000c\000a}{r@cipenumber.1}% 53
\BOOKMARK [2][-]{r@cipenumber.53}{\376\377\000S\000a\000u\000e\000r\000b\000r\000a\000t\000e\000n}{r@cipenumber.1}% 54
\BOOKMARK [2][-]{r@cipenumber.54}{\376\377\000S\000c\000h\000o\000t\000t\000i\000s\000c\000h\000e\000r\000\040\000E\000i\000n\000t\000o\000p\000f}{r@cipenumber.1}% 55
\BOOKMARK [2][-]{r@cipenumber.55}{\376\377\000S\000e\000r\000b\000i\000s\000c\000h\000e\000r\000\040\000B\000r\000a\000t\000r\000e\000i\000s}{r@cipenumber.1}% 56
\BOOKMARK [2][-]{r@cipenumber.56}{\376\377\000S\000h\000e\000p\000a\000r\000d\000s\000\040\000P\000i\000e}{r@cipenumber.1}% 57
\BOOKMARK [2][-]{r@cipenumber.57}{\376\377\000S\000n\000i\000r\000t\000j\000e\000-\000B\000r\000a\000t\000e\000n}{r@cipenumber.1}% 58
\BOOKMARK [2][-]{r@cipenumber.58}{\376\377\000S\000p\000a\000r\000e\000\040\000R\000i\000b\000s}{r@cipenumber.1}% 59
\BOOKMARK [2][-]{r@cipenumber.59}{\376\377\000S\000u\000s\000h\000i}{r@cipenumber.1}% 60
\BOOKMARK [2][-]{r@cipenumber.60}{\376\377\000T\000h\000a\000i\000\040\000B\000a\000s\000i\000l\000i\000k\000u\000m\000h\000u\000h\000n}{r@cipenumber.1}% 61
\BOOKMARK [2][-]{r@cipenumber.61}{\376\377\000T\000o\000f\000u\000\040\000C\000u\000r\000r\000y}{r@cipenumber.1}% 62
\BOOKMARK [2][-]{r@cipenumber.62}{\376\377\000T\000o\000m\000a\000t\000e\000n\000s\000u\000p\000p\000e}{r@cipenumber.1}% 63
\BOOKMARK [2][-]{r@cipenumber.63}{\376\377\000T\000o\000s\000k\000a\000n\000i\000s\000c\000h\000e\000\040\000G\000n\000o\000c\000c\000h\000i}{r@cipenumber.1}% 64
\BOOKMARK [2][-]{r@cipenumber.64}{\376\377\000T\000u\000n\000a\000\040\000M\000e\000l\000t}{r@cipenumber.1}% 65
\BOOKMARK [2][-]{r@cipenumber.65}{\376\377\000V\000u\000l\000k\000a\000n\000s\000c\000h\000w\000e\000i\000n}{r@cipenumber.1}% 66
\BOOKMARK [2][-]{r@cipenumber.66}{\376\377\000Z\000u\000c\000c\000h\000i\000n\000i\000\040\000m\000i\000t\000\040\000Q\000u\000i\000n\000o\000a\000-\000Z\000i\000e\000g\000e\000n\000k\000\344\000s\000e\000-\000F\000\374\000l\000l\000u\000n\000g}{r@cipenumber.1}% 67
\BOOKMARK [2][-]{r@cipenumber.67}{\376\377\000Z\000w\000i\000e\000b\000e\000l\000k\000u\000c\000h\000e\000n}{r@cipenumber.1}% 68
\BOOKMARK [2][-]{r@cipenumber.68}{\376\377\000Z\000\374\000r\000i\000c\000h\000e\000r\000\040\000G\000e\000s\000c\000h\000n\000e\000t\000z\000e\000l\000t\000e\000s}{r@cipenumber.1}% 69
\BOOKMARK [0][-]{chapter.2}{\376\377\000B\000e\000i\000l\000a\000g\000e\000n}{}% 70
\BOOKMARK [1][-]{r@cipenumber.69}{\376\377\000B\000B\000Q\000-\000S\000a\000u\000c\000e}{chapter.2}% 71
\BOOKMARK [2][-]{r@cipenumber.70}{\376\377\000B\000u\000r\000g\000e\000r\000s\000a\000u\000c\000e}{r@cipenumber.69}% 72
\BOOKMARK [2][-]{r@cipenumber.71}{\376\377\000C\000h\000i\000l\000i\000\366\000l}{r@cipenumber.69}% 73
\BOOKMARK [2][-]{r@cipenumber.72}{\376\377\000C\000o\000l\000e\000\040\000S\000l\000a\000w}{r@cipenumber.69}% 74
\BOOKMARK [2][-]{r@cipenumber.73}{\376\377\000D\000j\000u\000v\000e\000c\000-\000R\000e\000i\000s}{r@cipenumber.69}% 75
\BOOKMARK [2][-]{r@cipenumber.74}{\376\377\000E\000i\000e\000r\000s\000a\000l\000a\000t}{r@cipenumber.69}% 76
\BOOKMARK [2][-]{r@cipenumber.75}{\376\377\000E\000n\000t\000e\000n\000r\000i\000l\000l\000e\000t\000t\000e}{r@cipenumber.69}% 77
\BOOKMARK [2][-]{r@cipenumber.76}{\376\377\000G\000u\000a\000c\000a\000m\000o\000l\000e}{r@cipenumber.69}% 78
\BOOKMARK [2][-]{r@cipenumber.77}{\376\377\000H\000\374\000h\000n\000e\000r\000s\000a\000l\000a\000t}{r@cipenumber.69}% 79
\BOOKMARK [2][-]{r@cipenumber.78}{\376\377\000J\000o\000g\000h\000u\000r\000t\000d\000r\000e\000s\000s\000i\000n\000g}{r@cipenumber.69}% 80
\BOOKMARK [2][-]{r@cipenumber.79}{\376\377\000K\000a\000r\000a\000m\000e\000l\000l\000i\000s\000i\000e\000r\000t\000e\000\040\000Z\000w\000i\000e\000b\000e\000l\000n}{r@cipenumber.69}% 81
\BOOKMARK [2][-]{r@cipenumber.80}{\376\377\000K\000a\000r\000t\000o\000f\000f\000e\000l\000b\000r\000e\000i}{r@cipenumber.69}% 82
\BOOKMARK [2][-]{r@cipenumber.81}{\376\377\000K\000a\000r\000t\000o\000f\000f\000e\000l\000w\000e\000d\000g\000e\000s}{r@cipenumber.69}% 83
\BOOKMARK [2][-]{r@cipenumber.82}{\376\377\000O\000b\000a\000z\000d\000a}{r@cipenumber.69}% 84
\BOOKMARK [2][-]{r@cipenumber.83}{\376\377\000R\000e\000f\000r\000i\000e\000d\000\040\000B\000e\000a\000n\000s\000\040\000K\000i\000d\000n\000e\000y}{r@cipenumber.69}% 85
\BOOKMARK [2][-]{r@cipenumber.84}{\376\377\000R\000e\000f\000r\000i\000e\000d\000\040\000B\000e\000a\000n\000s\000\040\000P\000i\000n\000t\000o}{r@cipenumber.69}% 86
\BOOKMARK [2][-]{r@cipenumber.85}{\376\377\000R\000o\000t\000k\000o\000h\000l}{r@cipenumber.69}% 87
\BOOKMARK [2][-]{r@cipenumber.86}{\376\377\000R\000u\000c\000c\000o\000l\000a\000-\000N\000u\000d\000e\000l\000\040\000S\000a\000l\000a\000t}{r@cipenumber.69}% 88
\BOOKMARK [2][-]{r@cipenumber.87}{\376\377\000S\000a\000t\000e\000-\000S\000a\000u\000c\000e}{r@cipenumber.69}% 89
\BOOKMARK [2][-]{r@cipenumber.88}{\376\377\000S\000a\000u\000e\000r\000k\000r\000a\000u\000t}{r@cipenumber.69}% 90
\BOOKMARK [2][-]{r@cipenumber.89}{\376\377\000S\000e\000n\000f\000-\000H\000o\000n\000i\000g\000-\000D\000r\000e\000s\000s\000i\000n\000g}{r@cipenumber.69}% 91
\BOOKMARK [2][-]{r@cipenumber.90}{\376\377\000T\000o\000m\000a\000t\000e\000n\000r\000e\000i\000s}{r@cipenumber.69}% 92
\BOOKMARK [2][-]{r@cipenumber.91}{\376\377\000T\000s\000a\000t\000s\000i\000k\000i}{r@cipenumber.69}% 93
\BOOKMARK [2][-]{r@cipenumber.92}{\376\377\000k\000o\000r\000e\000a\000n\000i\000s\000c\000h\000e\000\040\000S\000\374\000\337\000-\000S\000a\000u\000c\000e\000\040\000S\000a\000u\000c\000e}{r@cipenumber.69}% 94
\BOOKMARK [2][-]{r@cipenumber.93}{\376\377\000J\000u\000n\000g\000e\000\040\000B\000o\000h\000n\000e\000n\000\040\000m\000i\000t\000\040\000S\000p\000e\000c\000k}{r@cipenumber.69}% 95
\BOOKMARK [0][-]{chapter.3}{\376\377\000D\000e\000s\000s\000e\000r\000t\000s}{}% 96
\BOOKMARK [1][-]{r@cipenumber.94}{\376\377\000B\000a\000k\000l\000a\000v\000a}{chapter.3}% 97
\BOOKMARK [2][-]{r@cipenumber.95}{\376\377\000G\000l\000\374\000h\000w\000e\000i\000n}{r@cipenumber.94}% 98
\BOOKMARK [2][-]{r@cipenumber.96}{\376\377\000H\000i\000m\000b\000e\000e\000r\000t\000r\000a\000u\000m}{r@cipenumber.94}% 99
\BOOKMARK [2][-]{r@cipenumber.97}{\376\377\000M\000a\000r\000m\000e\000l\000a\000d\000e}{r@cipenumber.94}% 100
\BOOKMARK [2][-]{r@cipenumber.98}{\376\377\000M\000i\000l\000c\000h\000r\000e\000i\000s}{r@cipenumber.94}% 101
\BOOKMARK [2][-]{r@cipenumber.99}{\376\377\000P\000h\000i\000l\000a\000d\000e\000l\000p\000h\000i\000a\000t\000o\000r\000t\000e}{r@cipenumber.94}% 102
\BOOKMARK [2][-]{r@cipenumber.100}{\376\377\000R\000h\000a\000b\000a\000r\000b\000e\000r\000k\000u\000c\000h\000e\000n}{r@cipenumber.94}% 103
\BOOKMARK [2][-]{r@cipenumber.101}{\376\377\000T\000i\000r\000a\000m\000i\000s\000u\000\040\000M\000o\000u\000s\000s\000e\000\040\000a\000u\000\040\000C\000h\000o\000c\000o\000l\000a\000t}{r@cipenumber.94}% 104
\BOOKMARK [2][-]{r@cipenumber.102}{\376\377\000Z\000i\000t\000r\000o\000n\000e\000n\000c\000r\000e\000m\000e}{r@cipenumber.94}% 105
\BOOKMARK [2][-]{r@cipenumber.103}{\376\377\000Z\000i\000t\000r\000o\000n\000e\000n\000k\000u\000c\000h\000e\000n}{r@cipenumber.94}% 106
\BOOKMARK [0][-]{chapter.4}{\376\377\000B\000r\000o\000t\000e}{}% 107
\BOOKMARK [1][-]{r@cipenumber.104}{\376\377\000B\000a\000g\000u\000e\000t\000t\000e}{chapter.4}% 108
\BOOKMARK [2][-]{r@cipenumber.105}{\376\377\000L\000a\000u\000g\000e\000n\000b\000r\000\366\000t\000c\000h\000e\000n}{r@cipenumber.104}% 109
\BOOKMARK [2][-]{r@cipenumber.106}{\376\377\000N\000a\000a\000n}{r@cipenumber.104}% 110
\BOOKMARK [2][-]{r@cipenumber.107}{\376\377\000S\000a\000n\000d\000w\000i\000c\000h\000b\000r\000o\000t}{r@cipenumber.104}% 111
\BOOKMARK [2][-]{r@cipenumber.108}{\376\377\000S\000a\000u\000e\000r\000t\000e\000i\000g\000\040\000W\000e\000i\000z\000e\000n\000b\000r\000o\000t}{r@cipenumber.104}% 112
\BOOKMARK [2][-]{r@cipenumber.109}{\376\377\000S\000e\000s\000a\000m\000k\000r\000i\000n\000g\000e\000l}{r@cipenumber.104}% 113
\BOOKMARK [2][-]{r@cipenumber.110}{\376\377\000W\000e\000i\000z\000e\000n\000b\000r\000o\000t}{r@cipenumber.104}% 114
\BOOKMARK [0][-]{chapter.5}{\376\377\000G\000e\000w\000\374\000r\000z\000e}{}% 115
\BOOKMARK [1][-]{r@cipenumber.111}{\376\377\000C\000a\000j\000u\000n}{chapter.5}% 116
\BOOKMARK [2][-]{r@cipenumber.112}{\376\377\000C\000h\000i\000l\000i}{r@cipenumber.111}% 117
\BOOKMARK [2][-]{r@cipenumber.113}{\376\377\000G\000e\000f\000l\000\374\000g\000e\000l\000g\000e\000w\000\374\000r\000z}{r@cipenumber.111}% 118
\BOOKMARK [2][-]{r@cipenumber.114}{\376\377\000G\000y\000r\000o\000s\000g\000e\000w\000\374\000r\000z}{r@cipenumber.111}% 119
\BOOKMARK [2][-]{r@cipenumber.115}{\376\377\000I\000t\000a\000l\000i\000a\000n\000\040\000M\000e\000a\000t}{r@cipenumber.111}% 120
\BOOKMARK [2][-]{r@cipenumber.116}{\376\377\000M\000a\000g\000i\000c\000\040\000D\000u\000s\000t}{r@cipenumber.111}% 121
\BOOKMARK [2][-]{r@cipenumber.117}{\376\377\000R\000i\000b\000\040\000R\000u\000b}{r@cipenumber.111}% 122
\BOOKMARK [2][-]{r@cipenumber.118}{\376\377\000T\000a\000c\000o\000\040\000G\000e\000w\000\374\000r\000z}{r@cipenumber.111}% 123
