\BOOKMARK [2][-]{r@cipenumber.1}{\376\377\000A\000p\000f\000e\000l\000-\000Z\000w\000i\000e\000b\000e\000l\000-\000C\000u\000r\000r\000y}{}% 1
\BOOKMARK [2][-]{r@cipenumber.2}{\376\377\000B\000e\000e\000f\000\040\000W\000e\000l\000l\000i\000n\000g\000t\000o\000n}{}% 2
\BOOKMARK [2][-]{r@cipenumber.3}{\376\377\000B\000o\000l\000g\000n\000e\000s\000e}{}% 3
\BOOKMARK [2][-]{r@cipenumber.4}{\376\377\000B\000r\000a\000s\000i\000l\000i\000a\000n\000i\000s\000c\000h\000e\000r\000\040\000F\000i\000s\000c\000h\000e\000i\000n\000t\000o\000p\000f}{}% 4
\BOOKMARK [2][-]{r@cipenumber.5}{\376\377\000B\000r\000o\000k\000k\000o\000l\000i\000f\000r\000i\000k\000a\000d\000e\000l\000l\000e\000n}{}% 5
\BOOKMARK [2][-]{r@cipenumber.6}{\376\377\000B\000u\000t\000t\000e\000r\000\040\000C\000h\000i\000c\000k\000e\000n}{}% 6
\BOOKMARK [2][-]{r@cipenumber.7}{\376\377\000B\000u\000t\000t\000e\000r\000n\000u\000s\000s\000k\000\374\000r\000b\000i\000s\000s\000u\000p\000p\000e}{}% 7
\BOOKMARK [2][-]{r@cipenumber.8}{\376\377\000C\000h\000i\000c\000k\000e\000n\000\040\000K\000a\000t\000s\000u}{}% 8
\BOOKMARK [2][-]{r@cipenumber.9}{\376\377\000C\000h\000i\000c\000k\000e\000n\000\040\000T\000i\000k\000k\000a\000\040\000M\000a\000s\000a\000l\000a}{}% 9
\BOOKMARK [2][-]{r@cipenumber.10}{\376\377\000C\000h\000i\000c\000k\000e\000n\000b\000u\000r\000g\000e\000r}{}% 10
\BOOKMARK [2][-]{r@cipenumber.11}{\376\377\000C\000h\000i\000l\000i\000\040\000c\000o\000n\000\040\000C\000o\000l\000o\000r\000a\000d\000o}{}% 11
\BOOKMARK [2][-]{r@cipenumber.12}{\376\377\000C\000h\000i\000l\000i}{}% 12
\BOOKMARK [2][-]{r@cipenumber.13}{\376\377\000C\000r\000e\000p\000e\000s}{}% 13
\BOOKMARK [2][-]{r@cipenumber.14}{\376\377\000D\000\366\000n\000e\000r}{}% 14
\BOOKMARK [2][-]{r@cipenumber.15}{\376\377\000E\000i\000e\000r\000\040\000B\000e\000n\000e\000d\000i\000c\000t}{}% 15
\BOOKMARK [2][-]{r@cipenumber.16}{\376\377\000E\000n\000c\000h\000i\000l\000a\000d\000a}{}% 16
\BOOKMARK [2][-]{r@cipenumber.17}{\376\377\000E\000n\000g\000l\000i\000s\000c\000h\000e\000s\000\040\000R\000i\000n\000d\000e\000r\000g\000u\000l\000a\000s\000c\000h\000\040\000m\000i\000t\000\040\000D\000u\000m\000p\000l\000i\000n\000g\000s}{}% 17
\BOOKMARK [2][-]{r@cipenumber.18}{\376\377\000E\000r\000b\000s\000e\000n\000s\000u\000p\000p\000e}{}% 18
\BOOKMARK [2][-]{r@cipenumber.19}{\376\377\000F\000a\000l\000a\000f\000e\000l}{}% 19
\BOOKMARK [2][-]{r@cipenumber.20}{\376\377\000F\000i\000n\000n\000i\000s\000c\000h\000e\000\040\000L\000a\000c\000h\000s\000s\000u\000p\000p\000e}{}% 20
\BOOKMARK [2][-]{r@cipenumber.21}{\376\377\000F\000i\000s\000c\000h\000f\000r\000i\000k\000a\000d\000e\000l\000l\000e\000n}{}% 21
\BOOKMARK [2][-]{r@cipenumber.22}{\376\377\000F\000l\000e\000i\000s\000c\000h\000k\000r\000o\000k\000e\000t\000t\000e\000n}{}% 22
\BOOKMARK [2][-]{r@cipenumber.23}{\376\377\000G\000e\000s\000c\000h\000m\000o\000r\000t\000e\000r\000\040\000W\000e\000i\000\337\000k\000o\000h\000l}{}% 23
\BOOKMARK [2][-]{r@cipenumber.24}{\376\377\000G\000n\000o\000c\000c\000h\000i\000s\000\040\000i\000n\000\040\000T\000o\000m\000a\000t\000e\000n\000s\000a\000u\000c\000e}{}% 24
\BOOKMARK [2][-]{r@cipenumber.25}{\376\377\000G\000r\000\374\000n\000k\000o\000h\000l}{}% 25
\BOOKMARK [2][-]{r@cipenumber.26}{\376\377\000G\000u\000t\000s\000h\000e\000r\000r\000e\000n\000t\000o\000p\000f}{}% 26
\BOOKMARK [2][-]{r@cipenumber.27}{\376\377\000G\000y\000r\000o\000s\000s\000u\000p\000p\000e}{}% 27
\BOOKMARK [2][-]{r@cipenumber.28}{\376\377\000H\000u\000m\000m\000u\000s}{}% 28
\BOOKMARK [2][-]{r@cipenumber.29}{\376\377\000H\000\344\000h\000n\000c\000h\000e\000n\000\040\000a\000\040\000l\000a\000\040\000C\000r\000e\000m\000a}{}% 29
\BOOKMARK [2][-]{r@cipenumber.30}{\376\377\000H\000\344\000h\000n\000c\000h\000e\000n\000-\000K\000i\000c\000h\000e\000r\000e\000r\000b\000s\000e\000n\000\040\000B\000u\000r\000g\000e\000r}{}% 30
\BOOKMARK [2][-]{r@cipenumber.31}{\376\377\000H\000\374\000h\000n\000e\000r\000f\000r\000i\000k\000a\000s\000s\000e\000e}{}% 31
\BOOKMARK [2][-]{r@cipenumber.32}{\376\377\000K\000a\000r\000t\000o\000f\000f\000e\000l\000s\000u\000p\000p\000e}{}% 32
\BOOKMARK [2][-]{r@cipenumber.33}{\376\377\000K\000a\000r\000t\000o\000f\000f\000e\000l\000w\000e\000d\000g\000e\000s}{}% 33
\BOOKMARK [2][-]{r@cipenumber.34}{\376\377\000K\000a\000s\000s\000l\000e\000r\000e\000i\000n\000t\000o\000p\000f}{}% 34
\BOOKMARK [2][-]{r@cipenumber.35}{\376\377\000K\000o\000r\000e\000a\000n\000i\000s\000c\000h\000e\000s\000\040\000H\000\374\000h\000n\000c\000h\000e\000n}{}% 35
\BOOKMARK [2][-]{r@cipenumber.36}{\376\377\000K\000\366\000n\000i\000g\000s\000b\000e\000r\000g\000e\000r\000\040\000K\000l\000o\000p\000s\000e}{}% 36
\BOOKMARK [2][-]{r@cipenumber.37}{\376\377\000L\000a\000s\000a\000g\000n\000e}{}% 37
\BOOKMARK [2][-]{r@cipenumber.38}{\376\377\000L\000e\000b\000e\000r\000k\000\344\000s\000e}{}% 38
\BOOKMARK [2][-]{r@cipenumber.39}{\376\377\000L\000i\000n\000s\000e\000n\000s\000u\000p\000p\000e}{}% 39
\BOOKMARK [2][-]{r@cipenumber.40}{\376\377\000M\000a\000u\000l\000t\000a\000s\000c\000h\000e\000n\000\040\000m\000i\000t\000\040\000Z\000w\000i\000e\000b\000e\000l\000n}{}% 40
\BOOKMARK [2][-]{r@cipenumber.41}{\376\377\000M\000c\000R\000i\000b}{}% 41
\BOOKMARK [2][-]{r@cipenumber.42}{\376\377\000N\000e\000a\000p\000o\000l\000i\000t\000a\000n\000i\000s\000c\000h\000e\000\040\000P\000i\000z\000z\000a}{}% 42
\BOOKMARK [2][-]{r@cipenumber.43}{\376\377\000N\000u\000d\000e\000l\000a\000u\000f\000l\000a\000u\000f}{}% 43
\BOOKMARK [2][-]{r@cipenumber.44}{\376\377\000N\000u\000d\000e\000l\000n\000\040\000m\000i\000t\000\040\000H\000a\000c\000k\000f\000l\000e\000i\000s\000c\000h\000\040\000u\000n\000d\000\040\000B\000r\000o\000k\000k\000o\000l\000i}{}% 44
\BOOKMARK [2][-]{r@cipenumber.45}{\376\377\000O\000s\000s\000o\000b\000u\000c\000o}{}% 45
\BOOKMARK [2][-]{r@cipenumber.46}{\376\377\000P\000f\000a\000n\000n\000k\000u\000c\000h\000e\000n}{}% 46
\BOOKMARK [2][-]{r@cipenumber.47}{\376\377\000P\000o\000l\000n\000i\000s\000c\000h\000e\000r\000\040\000J\000\344\000g\000e\000r\000e\000i\000n\000t\000o\000p\000f}{}% 47
\BOOKMARK [2][-]{r@cipenumber.48}{\376\377\000P\000u\000l\000l\000e\000d\000\040\000P\000o\000r\000k}{}% 48
\BOOKMARK [2][-]{r@cipenumber.49}{\376\377\000P\000u\000t\000e\000\040\000m\000i\000t\000\040\000Z\000i\000e\000g\000e\000n\000f\000r\000i\000s\000c\000h\000k\000\344\000s\000e\000\040\000u\000n\000d\000\040\000D\000a\000t\000t\000e\000l\000n}{}% 49
\BOOKMARK [2][-]{r@cipenumber.50}{\376\377\000R\000i\000n\000d\000e\000r\000h\000a\000x\000e\000\040\000m\000i\000t\000\040\000G\000e\000r\000s\000t\000e}{}% 50
\BOOKMARK [2][-]{r@cipenumber.51}{\376\377\000R\000o\000t\000e\000s\000\040\000C\000u\000r\000r\000y}{}% 51
\BOOKMARK [2][-]{r@cipenumber.52}{\376\377\000S\000a\000l\000t\000i\000m\000b\000o\000c\000c\000a}{}% 52
\BOOKMARK [2][-]{r@cipenumber.53}{\376\377\000S\000a\000u\000e\000r\000b\000r\000a\000t\000e\000n}{}% 53
\BOOKMARK [2][-]{r@cipenumber.54}{\376\377\000S\000c\000h\000o\000t\000t\000i\000s\000c\000h\000e\000r\000\040\000E\000i\000n\000t\000o\000p\000f}{}% 54
\BOOKMARK [2][-]{r@cipenumber.55}{\376\377\000S\000e\000r\000b\000i\000s\000c\000h\000e\000r\000\040\000B\000r\000a\000t\000r\000e\000i\000s}{}% 55
\BOOKMARK [2][-]{r@cipenumber.56}{\376\377\000S\000h\000e\000p\000a\000r\000d\000s\000\040\000P\000i\000e}{}% 56
\BOOKMARK [2][-]{r@cipenumber.57}{\376\377\000S\000n\000i\000r\000t\000j\000e\000-\000B\000r\000a\000t\000e\000n}{}% 57
\BOOKMARK [2][-]{r@cipenumber.58}{\376\377\000S\000p\000a\000r\000e\000\040\000R\000i\000b\000s}{}% 58
\BOOKMARK [2][-]{r@cipenumber.59}{\376\377\000S\000u\000s\000h\000i}{}% 59
\BOOKMARK [2][-]{r@cipenumber.60}{\376\377\000T\000h\000a\000i\000\040\000B\000a\000s\000i\000l\000i\000k\000u\000m\000h\000u\000h\000n}{}% 60
\BOOKMARK [2][-]{r@cipenumber.61}{\376\377\000T\000o\000f\000u\000\040\000C\000u\000r\000r\000y}{}% 61
\BOOKMARK [2][-]{r@cipenumber.62}{\376\377\000T\000o\000m\000a\000t\000e\000n\000s\000u\000p\000p\000e}{}% 62
\BOOKMARK [2][-]{r@cipenumber.63}{\376\377\000T\000o\000s\000k\000a\000n\000i\000s\000c\000h\000e\000\040\000G\000n\000o\000c\000c\000h\000i}{}% 63
\BOOKMARK [2][-]{r@cipenumber.64}{\376\377\000T\000u\000n\000a\000\040\000M\000e\000l\000t}{}% 64
\BOOKMARK [2][-]{r@cipenumber.65}{\376\377\000V\000u\000l\000k\000a\000n\000s\000c\000h\000w\000e\000i\000n}{}% 65
\BOOKMARK [2][-]{r@cipenumber.66}{\376\377\000Z\000u\000c\000c\000h\000i\000n\000i\000\040\000m\000i\000t\000\040\000Q\000u\000i\000n\000o\000a\000-\000Z\000i\000e\000g\000e\000n\000k\000\344\000s\000e\000-\000F\000\374\000l\000l\000u\000n\000g}{}% 66
\BOOKMARK [2][-]{r@cipenumber.67}{\376\377\000Z\000w\000i\000e\000b\000e\000l\000k\000u\000c\000h\000e\000n}{}% 67
\BOOKMARK [2][-]{r@cipenumber.68}{\376\377\000Z\000\374\000r\000i\000c\000h\000e\000r\000\040\000G\000e\000s\000c\000h\000n\000e\000t\000z\000e\000l\000t\000e\000s}{}% 68
